{"/Users/mac/vscodeprojects/project_b0o2b_m4j2b/src/controller/IInsightFacade.js":{"path":"/Users/mac/vscodeprojects/project_b0o2b_m4j2b/src/controller/IInsightFacade.js","statementMap":{"0":{"start":{"line":2,"column":0},"end":{"line":2,"column":62}},"1":{"start":{"line":4,"column":0},"end":{"line":7,"column":89}},"2":{"start":{"line":5,"column":4},"end":{"line":5,"column":46}},"3":{"start":{"line":6,"column":4},"end":{"line":6,"column":42}},"4":{"start":{"line":10,"column":8},"end":{"line":10,"column":23}},"5":{"start":{"line":11,"column":8},"end":{"line":11,"column":52}},"6":{"start":{"line":14,"column":0},"end":{"line":14,"column":36}},"7":{"start":{"line":17,"column":8},"end":{"line":17,"column":23}},"8":{"start":{"line":18,"column":8},"end":{"line":18,"column":53}},"9":{"start":{"line":21,"column":0},"end":{"line":21,"column":38}},"10":{"start":{"line":24,"column":8},"end":{"line":24,"column":23}},"11":{"start":{"line":25,"column":8},"end":{"line":25,"column":59}},"12":{"start":{"line":28,"column":0},"end":{"line":28,"column":50}}},"fnMap":{"0":{"name":"(anonymous_0)","decl":{"start":{"line":4,"column":1},"end":{"line":4,"column":2}},"loc":{"start":{"line":4,"column":31},"end":{"line":7,"column":1}},"line":4},"1":{"name":"(anonymous_1)","decl":{"start":{"line":9,"column":4},"end":{"line":9,"column":5}},"loc":{"start":{"line":9,"column":25},"end":{"line":12,"column":5}},"line":9},"2":{"name":"(anonymous_2)","decl":{"start":{"line":16,"column":4},"end":{"line":16,"column":5}},"loc":{"start":{"line":16,"column":25},"end":{"line":19,"column":5}},"line":16},"3":{"name":"(anonymous_3)","decl":{"start":{"line":23,"column":4},"end":{"line":23,"column":5}},"loc":{"start":{"line":23,"column":25},"end":{"line":26,"column":5}},"line":23}},"branchMap":{"0":{"loc":{"start":{"line":7,"column":24},"end":{"line":7,"column":87}},"type":"binary-expr","locations":[{"start":{"line":7,"column":24},"end":{"line":7,"column":50}},{"start":{"line":7,"column":55},"end":{"line":7,"column":86}}],"line":7}},"s":{"0":1,"1":1,"2":1,"3":1,"4":15,"5":15,"6":1,"7":3,"8":3,"9":1,"10":0,"11":0,"12":1},"f":{"0":1,"1":15,"2":3,"3":0},"b":{"0":[1,1]},"_coverageSchema":"332fd63041d2c1bcb487cc26dd0d5f7d97098a6c","hash":"1ac3500a6c6a0d5eb76e1466ee7d5e3c03bcf087","contentHash":"52e1fe98f15965af6cd724e5a3346279_11.3.0"},"/Users/mac/vscodeprojects/project_b0o2b_m4j2b/src/controller/InsightFacade.js":{"path":"/Users/mac/vscodeprojects/project_b0o2b_m4j2b/src/controller/InsightFacade.js","statementMap":{"0":{"start":{"line":2,"column":16},"end":{"line":9,"column":1}},"1":{"start":{"line":3,"column":4},"end":{"line":8,"column":7}},"2":{"start":{"line":4,"column":36},"end":{"line":4,"column":97}},"3":{"start":{"line":4,"column":42},"end":{"line":4,"column":70}},"4":{"start":{"line":4,"column":85},"end":{"line":4,"column":95}},"5":{"start":{"line":5,"column":35},"end":{"line":5,"column":100}},"6":{"start":{"line":5,"column":41},"end":{"line":5,"column":73}},"7":{"start":{"line":5,"column":88},"end":{"line":5,"column":98}},"8":{"start":{"line":6,"column":32},"end":{"line":6,"column":149}},"9":{"start":{"line":6,"column":97},"end":{"line":6,"column":119}},"10":{"start":{"line":7,"column":8},"end":{"line":7,"column":78}},"11":{"start":{"line":10,"column":0},"end":{"line":10,"column":62}},"12":{"start":{"line":11,"column":15},"end":{"line":11,"column":33}},"13":{"start":{"line":12,"column":25},"end":{"line":12,"column":52}},"14":{"start":{"line":13,"column":25},"end":{"line":13,"column":52}},"15":{"start":{"line":14,"column":22},"end":{"line":14,"column":46}},"16":{"start":{"line":15,"column":14},"end":{"line":15,"column":30}},"17":{"start":{"line":16,"column":27},"end":{"line":16,"column":56}},"18":{"start":{"line":17,"column":15},"end":{"line":17,"column":32}},"19":{"start":{"line":18,"column":25},"end":{"line":18,"column":52}},"20":{"start":{"line":21,"column":8},"end":{"line":21,"column":31}},"21":{"start":{"line":22,"column":8},"end":{"line":22,"column":32}},"22":{"start":{"line":23,"column":8},"end":{"line":35,"column":11}},"23":{"start":{"line":23,"column":100},"end":{"line":35,"column":10}},"24":{"start":{"line":24,"column":12},"end":{"line":24,"column":122}},"25":{"start":{"line":25,"column":12},"end":{"line":34,"column":13}},"26":{"start":{"line":26,"column":16},"end":{"line":26,"column":89}},"27":{"start":{"line":29,"column":16},"end":{"line":31,"column":17}},"28":{"start":{"line":30,"column":20},"end":{"line":30,"column":49}},"29":{"start":{"line":32,"column":16},"end":{"line":32,"column":67}},"30":{"start":{"line":33,"column":16},"end":{"line":33,"column":77}},"31":{"start":{"line":36,"column":8},"end":{"line":36,"column":58}},"32":{"start":{"line":39,"column":37},"end":{"line":39,"column":39}},"33":{"start":{"line":40,"column":28},"end":{"line":40,"column":117}},"34":{"start":{"line":41,"column":26},"end":{"line":41,"column":28}},"35":{"start":{"line":42,"column":8},"end":{"line":42,"column":65}},"36":{"start":{"line":43,"column":8},"end":{"line":45,"column":9}},"37":{"start":{"line":44,"column":12},"end":{"line":44,"column":77}},"38":{"start":{"line":46,"column":8},"end":{"line":68,"column":11}},"39":{"start":{"line":47,"column":26},"end":{"line":47,"column":28}},"40":{"start":{"line":48,"column":12},"end":{"line":50,"column":15}},"41":{"start":{"line":49,"column":16},"end":{"line":49,"column":102}},"42":{"start":{"line":51,"column":12},"end":{"line":53,"column":13}},"43":{"start":{"line":52,"column":16},"end":{"line":52,"column":73}},"44":{"start":{"line":54,"column":12},"end":{"line":54,"column":38}},"45":{"start":{"line":57,"column":12},"end":{"line":57,"column":105}},"46":{"start":{"line":59,"column":12},"end":{"line":59,"column":56}},"47":{"start":{"line":62,"column":12},"end":{"line":64,"column":13}},"48":{"start":{"line":63,"column":16},"end":{"line":63,"column":61}},"49":{"start":{"line":65,"column":12},"end":{"line":65,"column":23}},"50":{"start":{"line":67,"column":12},"end":{"line":67,"column":23}},"51":{"start":{"line":71,"column":8},"end":{"line":73,"column":9}},"52":{"start":{"line":72,"column":12},"end":{"line":72,"column":66}},"53":{"start":{"line":74,"column":8},"end":{"line":94,"column":9}},"54":{"start":{"line":75,"column":12},"end":{"line":75,"column":77}},"55":{"start":{"line":78,"column":12},"end":{"line":93,"column":13}},"56":{"start":{"line":79,"column":16},"end":{"line":84,"column":17}},"57":{"start":{"line":80,"column":20},"end":{"line":80,"column":57}},"58":{"start":{"line":82,"column":21},"end":{"line":84,"column":17}},"59":{"start":{"line":83,"column":20},"end":{"line":83,"column":55}},"60":{"start":{"line":85,"column":16},"end":{"line":85,"column":81}},"61":{"start":{"line":85,"column":71},"end":{"line":85,"column":79}},"62":{"start":{"line":86,"column":16},"end":{"line":86,"column":43}},"63":{"start":{"line":89,"column":16},"end":{"line":91,"column":17}},"64":{"start":{"line":90,"column":20},"end":{"line":90,"column":65}},"65":{"start":{"line":92,"column":16},"end":{"line":92,"column":27}},"66":{"start":{"line":97,"column":27},"end":{"line":97,"column":29}},"67":{"start":{"line":98,"column":8},"end":{"line":109,"column":11}},"68":{"start":{"line":99,"column":27},"end":{"line":99,"column":69}},"69":{"start":{"line":100,"column":12},"end":{"line":108,"column":15}},"70":{"start":{"line":101,"column":28},"end":{"line":101,"column":68}},"71":{"start":{"line":102,"column":32},"end":{"line":106,"column":17}},"72":{"start":{"line":107,"column":16},"end":{"line":107,"column":41}},"73":{"start":{"line":110,"column":8},"end":{"line":110,"column":43}},"74":{"start":{"line":113,"column":21},"end":{"line":113,"column":25}},"75":{"start":{"line":114,"column":26},"end":{"line":114,"column":28}},"76":{"start":{"line":115,"column":8},"end":{"line":136,"column":11}},"77":{"start":{"line":116,"column":12},"end":{"line":134,"column":13}},"78":{"start":{"line":117,"column":37},"end":{"line":117,"column":67}},"79":{"start":{"line":118,"column":31},"end":{"line":118,"column":66}},"80":{"start":{"line":119,"column":29},"end":{"line":119,"column":80}},"81":{"start":{"line":120,"column":16},"end":{"line":125,"column":17}},"82":{"start":{"line":121,"column":20},"end":{"line":121,"column":91}},"83":{"start":{"line":124,"column":20},"end":{"line":124,"column":89}},"84":{"start":{"line":128,"column":16},"end":{"line":133,"column":17}},"85":{"start":{"line":129,"column":20},"end":{"line":129,"column":34}},"86":{"start":{"line":132,"column":20},"end":{"line":132,"column":69}},"87":{"start":{"line":135,"column":12},"end":{"line":135,"column":33}},"88":{"start":{"line":139,"column":0},"end":{"line":139,"column":32}}},"fnMap":{"0":{"name":"(anonymous_0)","decl":{"start":{"line":2,"column":44},"end":{"line":2,"column":45}},"loc":{"start":{"line":2,"column":89},"end":{"line":9,"column":1}},"line":2},"1":{"name":"(anonymous_1)","decl":{"start":{"line":3,"column":36},"end":{"line":3,"column":37}},"loc":{"start":{"line":3,"column":63},"end":{"line":8,"column":5}},"line":3},"2":{"name":"fulfilled","decl":{"start":{"line":4,"column":17},"end":{"line":4,"column":26}},"loc":{"start":{"line":4,"column":34},"end":{"line":4,"column":99}},"line":4},"3":{"name":"rejected","decl":{"start":{"line":5,"column":17},"end":{"line":5,"column":25}},"loc":{"start":{"line":5,"column":33},"end":{"line":5,"column":102}},"line":5},"4":{"name":"step","decl":{"start":{"line":6,"column":17},"end":{"line":6,"column":21}},"loc":{"start":{"line":6,"column":30},"end":{"line":6,"column":151}},"line":6},"5":{"name":"(anonymous_5)","decl":{"start":{"line":6,"column":76},"end":{"line":6,"column":77}},"loc":{"start":{"line":6,"column":95},"end":{"line":6,"column":121}},"line":6},"6":{"name":"(anonymous_6)","decl":{"start":{"line":20,"column":4},"end":{"line":20,"column":5}},"loc":{"start":{"line":20,"column":18},"end":{"line":37,"column":5}},"line":20},"7":{"name":"(anonymous_7)","decl":{"start":{"line":23,"column":33},"end":{"line":23,"column":34}},"loc":{"start":{"line":23,"column":100},"end":{"line":35,"column":10}},"line":23},"8":{"name":"(anonymous_8)","decl":{"start":{"line":23,"column":132},"end":{"line":23,"column":133}},"loc":{"start":{"line":23,"column":145},"end":{"line":35,"column":9}},"line":23},"9":{"name":"(anonymous_9)","decl":{"start":{"line":38,"column":4},"end":{"line":38,"column":5}},"loc":{"start":{"line":38,"column":34},"end":{"line":69,"column":5}},"line":38},"10":{"name":"(anonymous_10)","decl":{"start":{"line":46,"column":63},"end":{"line":46,"column":64}},"loc":{"start":{"line":46,"column":72},"end":{"line":55,"column":9}},"line":46},"11":{"name":"(anonymous_11)","decl":{"start":{"line":48,"column":24},"end":{"line":48,"column":25}},"loc":{"start":{"line":48,"column":42},"end":{"line":50,"column":13}},"line":48},"12":{"name":"(anonymous_12)","decl":{"start":{"line":56,"column":18},"end":{"line":56,"column":19}},"loc":{"start":{"line":56,"column":29},"end":{"line":58,"column":9}},"line":56},"13":{"name":"(anonymous_13)","decl":{"start":{"line":58,"column":16},"end":{"line":58,"column":17}},"loc":{"start":{"line":58,"column":22},"end":{"line":60,"column":9}},"line":58},"14":{"name":"(anonymous_14)","decl":{"start":{"line":61,"column":19},"end":{"line":61,"column":20}},"loc":{"start":{"line":61,"column":28},"end":{"line":66,"column":9}},"line":61},"15":{"name":"(anonymous_15)","decl":{"start":{"line":66,"column":17},"end":{"line":66,"column":18}},"loc":{"start":{"line":66,"column":26},"end":{"line":68,"column":9}},"line":66},"16":{"name":"(anonymous_16)","decl":{"start":{"line":70,"column":4},"end":{"line":70,"column":5}},"loc":{"start":{"line":70,"column":22},"end":{"line":95,"column":5}},"line":70},"17":{"name":"(anonymous_17)","decl":{"start":{"line":85,"column":63},"end":{"line":85,"column":64}},"loc":{"start":{"line":85,"column":71},"end":{"line":85,"column":79}},"line":85},"18":{"name":"(anonymous_18)","decl":{"start":{"line":96,"column":4},"end":{"line":96,"column":5}},"loc":{"start":{"line":96,"column":19},"end":{"line":111,"column":5}},"line":96},"19":{"name":"(anonymous_19)","decl":{"start":{"line":98,"column":47},"end":{"line":98,"column":48}},"loc":{"start":{"line":98,"column":61},"end":{"line":109,"column":9}},"line":98},"20":{"name":"(anonymous_20)","decl":{"start":{"line":100,"column":27},"end":{"line":100,"column":28}},"loc":{"start":{"line":100,"column":35},"end":{"line":108,"column":13}},"line":100},"21":{"name":"(anonymous_21)","decl":{"start":{"line":112,"column":4},"end":{"line":112,"column":5}},"loc":{"start":{"line":112,"column":24},"end":{"line":137,"column":5}},"line":112},"22":{"name":"(anonymous_22)","decl":{"start":{"line":115,"column":27},"end":{"line":115,"column":28}},"loc":{"start":{"line":115,"column":54},"end":{"line":136,"column":9}},"line":115}},"branchMap":{"0":{"loc":{"start":{"line":2,"column":16},"end":{"line":9,"column":1}},"type":"binary-expr","locations":[{"start":{"line":2,"column":17},"end":{"line":2,"column":21}},{"start":{"line":2,"column":25},"end":{"line":2,"column":39}},{"start":{"line":2,"column":44},"end":{"line":9,"column":1}}],"line":2},"1":{"loc":{"start":{"line":3,"column":16},"end":{"line":3,"column":34}},"type":"binary-expr","locations":[{"start":{"line":3,"column":16},"end":{"line":3,"column":17}},{"start":{"line":3,"column":22},"end":{"line":3,"column":33}}],"line":3},"2":{"loc":{"start":{"line":6,"column":32},"end":{"line":6,"column":148}},"type":"cond-expr","locations":[{"start":{"line":6,"column":46},"end":{"line":6,"column":67}},{"start":{"line":6,"column":70},"end":{"line":6,"column":148}}],"line":6},"3":{"loc":{"start":{"line":7,"column":51},"end":{"line":7,"column":67}},"type":"binary-expr","locations":[{"start":{"line":7,"column":51},"end":{"line":7,"column":61}},{"start":{"line":7,"column":65},"end":{"line":7,"column":67}}],"line":7},"4":{"loc":{"start":{"line":25,"column":12},"end":{"line":34,"column":13}},"type":"if","locations":[{"start":{"line":25,"column":12},"end":{"line":34,"column":13}},{"start":{"line":25,"column":12},"end":{"line":34,"column":13}}],"line":25},"5":{"loc":{"start":{"line":29,"column":16},"end":{"line":31,"column":17}},"type":"if","locations":[{"start":{"line":29,"column":16},"end":{"line":31,"column":17}},{"start":{"line":29,"column":16},"end":{"line":31,"column":17}}],"line":29},"6":{"loc":{"start":{"line":43,"column":8},"end":{"line":45,"column":9}},"type":"if","locations":[{"start":{"line":43,"column":8},"end":{"line":45,"column":9}},{"start":{"line":43,"column":8},"end":{"line":45,"column":9}}],"line":43},"7":{"loc":{"start":{"line":43,"column":12},"end":{"line":43,"column":87}},"type":"binary-expr","locations":[{"start":{"line":43,"column":12},"end":{"line":43,"column":29}},{"start":{"line":43,"column":33},"end":{"line":43,"column":56}},{"start":{"line":43,"column":60},"end":{"line":43,"column":87}}],"line":43},"8":{"loc":{"start":{"line":51,"column":12},"end":{"line":53,"column":13}},"type":"if","locations":[{"start":{"line":51,"column":12},"end":{"line":53,"column":13}},{"start":{"line":51,"column":12},"end":{"line":53,"column":13}}],"line":51},"9":{"loc":{"start":{"line":62,"column":12},"end":{"line":64,"column":13}},"type":"if","locations":[{"start":{"line":62,"column":12},"end":{"line":64,"column":13}},{"start":{"line":62,"column":12},"end":{"line":64,"column":13}}],"line":62},"10":{"loc":{"start":{"line":71,"column":8},"end":{"line":73,"column":9}},"type":"if","locations":[{"start":{"line":71,"column":8},"end":{"line":73,"column":9}},{"start":{"line":71,"column":8},"end":{"line":73,"column":9}}],"line":71},"11":{"loc":{"start":{"line":74,"column":8},"end":{"line":94,"column":9}},"type":"if","locations":[{"start":{"line":74,"column":8},"end":{"line":94,"column":9}},{"start":{"line":74,"column":8},"end":{"line":94,"column":9}}],"line":74},"12":{"loc":{"start":{"line":74,"column":12},"end":{"line":74,"column":192}},"type":"binary-expr","locations":[{"start":{"line":74,"column":13},"end":{"line":74,"column":39}},{"start":{"line":74,"column":43},"end":{"line":74,"column":68}},{"start":{"line":74,"column":72},"end":{"line":74,"column":102}},{"start":{"line":74,"column":108},"end":{"line":74,"column":132}},{"start":{"line":74,"column":136},"end":{"line":74,"column":159}},{"start":{"line":74,"column":163},"end":{"line":74,"column":191}}],"line":74},"13":{"loc":{"start":{"line":79,"column":16},"end":{"line":84,"column":17}},"type":"if","locations":[{"start":{"line":79,"column":16},"end":{"line":84,"column":17}},{"start":{"line":79,"column":16},"end":{"line":84,"column":17}}],"line":79},"14":{"loc":{"start":{"line":79,"column":20},"end":{"line":79,"column":78}},"type":"binary-expr","locations":[{"start":{"line":79,"column":20},"end":{"line":79,"column":45}},{"start":{"line":79,"column":49},"end":{"line":79,"column":78}}],"line":79},"15":{"loc":{"start":{"line":82,"column":21},"end":{"line":84,"column":17}},"type":"if","locations":[{"start":{"line":82,"column":21},"end":{"line":84,"column":17}},{"start":{"line":82,"column":21},"end":{"line":84,"column":17}}],"line":82},"16":{"loc":{"start":{"line":82,"column":25},"end":{"line":82,"column":79}},"type":"binary-expr","locations":[{"start":{"line":82,"column":25},"end":{"line":82,"column":48}},{"start":{"line":82,"column":52},"end":{"line":82,"column":79}}],"line":82},"17":{"loc":{"start":{"line":89,"column":16},"end":{"line":91,"column":17}},"type":"if","locations":[{"start":{"line":89,"column":16},"end":{"line":91,"column":17}},{"start":{"line":89,"column":16},"end":{"line":91,"column":17}}],"line":89},"18":{"loc":{"start":{"line":104,"column":28},"end":{"line":104,"column":142}},"type":"cond-expr","locations":[{"start":{"line":104,"column":55},"end":{"line":104,"column":98}},{"start":{"line":104,"column":101},"end":{"line":104,"column":142}}],"line":104},"19":{"loc":{"start":{"line":120,"column":16},"end":{"line":125,"column":17}},"type":"if","locations":[{"start":{"line":120,"column":16},"end":{"line":125,"column":17}},{"start":{"line":120,"column":16},"end":{"line":125,"column":17}}],"line":120},"20":{"loc":{"start":{"line":128,"column":16},"end":{"line":133,"column":17}},"type":"if","locations":[{"start":{"line":128,"column":16},"end":{"line":133,"column":17}},{"start":{"line":128,"column":16},"end":{"line":133,"column":17}}],"line":128},"21":{"loc":{"start":{"line":128,"column":20},"end":{"line":128,"column":123}},"type":"binary-expr","locations":[{"start":{"line":128,"column":20},"end":{"line":128,"column":66}},{"start":{"line":128,"column":70},"end":{"line":128,"column":123}}],"line":128}},"s":{"0":1,"1":18,"2":17,"3":17,"4":2,"5":1,"6":1,"7":1,"8":33,"9":18,"10":18,"11":1,"12":1,"13":1,"14":1,"15":1,"16":1,"17":1,"18":1,"19":1,"20":22,"21":22,"22":22,"23":18,"24":18,"25":17,"26":2,"27":15,"28":12,"29":15,"30":15,"31":22,"32":25,"33":25,"34":25,"35":25,"36":20,"37":1,"38":19,"39":18,"40":18,"41":42016,"42":18,"43":0,"44":18,"45":18,"46":15,"47":4,"48":2,"49":2,"50":2,"51":6,"52":0,"53":6,"54":3,"55":3,"56":3,"57":2,"58":1,"59":1,"60":3,"61":0,"62":3,"63":0,"64":0,"65":0,"66":2,"67":2,"68":1,"69":1,"70":2,"71":2,"72":2,"73":2,"74":46,"75":46,"76":46,"77":46,"78":46,"79":46,"80":42,"81":42,"82":31,"83":11,"84":5,"85":5,"86":0,"87":46,"88":1},"f":{"0":18,"1":18,"2":17,"3":1,"4":33,"5":18,"6":22,"7":18,"8":18,"9":25,"10":18,"11":42016,"12":18,"13":15,"14":4,"15":2,"16":6,"17":0,"18":2,"19":1,"20":2,"21":46,"22":46},"b":{"0":[1,1,1],"1":[18,18],"2":[15,18],"3":[18,18],"4":[2,15],"5":[12,3],"6":[1,19],"7":[20,20,4],"8":[0,18],"9":[2,2],"10":[0,6],"11":[3,3],"12":[6,4,4,4,1,1],"13":[2,1],"14":[3,3],"15":[1,0],"16":[1,1],"17":[0,0],"18":[2,0],"19":[31,11],"20":[5,0],"21":[5,0]},"_coverageSchema":"332fd63041d2c1bcb487cc26dd0d5f7d97098a6c","hash":"0835e10fdf7e9b762d47950fbdff5f868277ed59","contentHash":"17c9ef9fcc6ec2ac2b780e1a9f434119_11.3.0"},"/Users/mac/vscodeprojects/project_b0o2b_m4j2b/src/Util.js":{"path":"/Users/mac/vscodeprojects/project_b0o2b_m4j2b/src/Util.js","statementMap":{"0":{"start":{"line":2,"column":0},"end":{"line":2,"column":62}},"1":{"start":{"line":5,"column":8},"end":{"line":5,"column":66}},"2":{"start":{"line":8,"column":8},"end":{"line":8,"column":67}},"3":{"start":{"line":11,"column":8},"end":{"line":11,"column":67}},"4":{"start":{"line":14,"column":8},"end":{"line":14,"column":68}},"5":{"start":{"line":17,"column":8},"end":{"line":17,"column":66}},"6":{"start":{"line":20,"column":0},"end":{"line":20,"column":22}}},"fnMap":{"0":{"name":"(anonymous_0)","decl":{"start":{"line":4,"column":4},"end":{"line":4,"column":5}},"loc":{"start":{"line":4,"column":22},"end":{"line":6,"column":5}},"line":4},"1":{"name":"(anonymous_1)","decl":{"start":{"line":7,"column":4},"end":{"line":7,"column":5}},"loc":{"start":{"line":7,"column":21},"end":{"line":9,"column":5}},"line":7},"2":{"name":"(anonymous_2)","decl":{"start":{"line":10,"column":4},"end":{"line":10,"column":5}},"loc":{"start":{"line":10,"column":21},"end":{"line":12,"column":5}},"line":10},"3":{"name":"(anonymous_3)","decl":{"start":{"line":13,"column":4},"end":{"line":13,"column":5}},"loc":{"start":{"line":13,"column":22},"end":{"line":15,"column":5}},"line":13},"4":{"name":"(anonymous_4)","decl":{"start":{"line":16,"column":4},"end":{"line":16,"column":5}},"loc":{"start":{"line":16,"column":21},"end":{"line":18,"column":5}},"line":16}},"branchMap":{},"s":{"0":1,"1":22,"2":0,"3":0,"4":0,"5":48,"6":1},"f":{"0":22,"1":0,"2":0,"3":0,"4":48},"b":{},"_coverageSchema":"332fd63041d2c1bcb487cc26dd0d5f7d97098a6c","hash":"d61ce9b597cd9de21a4451161d6d75c0a44113f6","contentHash":"866becbaa040e80aa6c475fbd938f159_11.3.0"},"/Users/mac/vscodeprojects/project_b0o2b_m4j2b/src/controller/Queryparser.js":{"path":"/Users/mac/vscodeprojects/project_b0o2b_m4j2b/src/controller/Queryparser.js","statementMap":{"0":{"start":{"line":2,"column":0},"end":{"line":2,"column":62}},"1":{"start":{"line":3,"column":25},"end":{"line":3,"column":52}},"2":{"start":{"line":4,"column":27},"end":{"line":4,"column":56}},"3":{"start":{"line":5,"column":20},"end":{"line":5,"column":42}},"4":{"start":{"line":6,"column":26},"end":{"line":6,"column":54}},"5":{"start":{"line":9,"column":8},"end":{"line":9,"column":31}},"6":{"start":{"line":10,"column":8},"end":{"line":10,"column":48}},"7":{"start":{"line":11,"column":8},"end":{"line":11,"column":35}},"8":{"start":{"line":14,"column":8},"end":{"line":24,"column":9}},"9":{"start":{"line":15,"column":12},"end":{"line":23,"column":13}},"10":{"start":{"line":16,"column":16},"end":{"line":16,"column":65}},"11":{"start":{"line":18,"column":17},"end":{"line":23,"column":13}},"12":{"start":{"line":19,"column":16},"end":{"line":19,"column":89}},"13":{"start":{"line":22,"column":16},"end":{"line":22,"column":87}},"14":{"start":{"line":25,"column":8},"end":{"line":27,"column":9}},"15":{"start":{"line":26,"column":12},"end":{"line":26,"column":73}},"16":{"start":{"line":28,"column":8},"end":{"line":28,"column":74}},"17":{"start":{"line":29,"column":8},"end":{"line":29,"column":91}},"18":{"start":{"line":30,"column":8},"end":{"line":35,"column":9}},"19":{"start":{"line":31,"column":12},"end":{"line":31,"column":117}},"20":{"start":{"line":34,"column":12},"end":{"line":34,"column":115}},"21":{"start":{"line":38,"column":19},"end":{"line":38,"column":23}},"22":{"start":{"line":39,"column":30},"end":{"line":39,"column":32}},"23":{"start":{"line":40,"column":8},"end":{"line":67,"column":11}},"24":{"start":{"line":41,"column":32},"end":{"line":41,"column":34}},"25":{"start":{"line":42,"column":12},"end":{"line":58,"column":15}},"26":{"start":{"line":43,"column":16},"end":{"line":57,"column":17}},"27":{"start":{"line":44,"column":20},"end":{"line":53,"column":23}},"28":{"start":{"line":45,"column":39},"end":{"line":45,"column":64}},"29":{"start":{"line":46,"column":24},"end":{"line":52,"column":25}},"30":{"start":{"line":47,"column":48},"end":{"line":47,"column":67}},"31":{"start":{"line":48,"column":47},"end":{"line":48,"column":91}},"32":{"start":{"line":49,"column":55},"end":{"line":49,"column":78}},"33":{"start":{"line":50,"column":28},"end":{"line":50,"column":78}},"34":{"start":{"line":51,"column":28},"end":{"line":51,"column":89}},"35":{"start":{"line":56,"column":20},"end":{"line":56,"column":82}},"36":{"start":{"line":59,"column":12},"end":{"line":65,"column":15}},"37":{"start":{"line":60,"column":39},"end":{"line":60,"column":87}},"38":{"start":{"line":61,"column":16},"end":{"line":64,"column":17}},"39":{"start":{"line":63,"column":20},"end":{"line":63,"column":76}},"40":{"start":{"line":66,"column":12},"end":{"line":66,"column":48}},"41":{"start":{"line":71,"column":22},"end":{"line":71,"column":24}},"42":{"start":{"line":72,"column":12},"end":{"line":74,"column":15}},"43":{"start":{"line":73,"column":16},"end":{"line":73,"column":50}},"44":{"start":{"line":75,"column":12},"end":{"line":75,"column":23}},"45":{"start":{"line":77,"column":8},"end":{"line":77,"column":73}},"46":{"start":{"line":78,"column":8},"end":{"line":83,"column":9}},"47":{"start":{"line":79,"column":12},"end":{"line":79,"column":79}},"48":{"start":{"line":82,"column":12},"end":{"line":82,"column":62}},"49":{"start":{"line":84,"column":8},"end":{"line":86,"column":9}},"50":{"start":{"line":85,"column":12},"end":{"line":85,"column":61}},"51":{"start":{"line":87,"column":8},"end":{"line":95,"column":9}},"52":{"start":{"line":88,"column":12},"end":{"line":88,"column":90}},"53":{"start":{"line":91,"column":12},"end":{"line":93,"column":13}},"54":{"start":{"line":92,"column":16},"end":{"line":92,"column":38}},"55":{"start":{"line":94,"column":12},"end":{"line":94,"column":90}},"56":{"start":{"line":98,"column":8},"end":{"line":115,"column":9}},"57":{"start":{"line":99,"column":25},"end":{"line":99,"column":34}},"58":{"start":{"line":100,"column":12},"end":{"line":104,"column":15}},"59":{"start":{"line":101,"column":16},"end":{"line":103,"column":17}},"60":{"start":{"line":102,"column":20},"end":{"line":102,"column":55}},"61":{"start":{"line":105,"column":12},"end":{"line":105,"column":65}},"62":{"start":{"line":108,"column":25},"end":{"line":108,"column":27}},"63":{"start":{"line":109,"column":12},"end":{"line":113,"column":15}},"64":{"start":{"line":110,"column":28},"end":{"line":110,"column":66}},"65":{"start":{"line":111,"column":16},"end":{"line":111,"column":52}},"66":{"start":{"line":112,"column":16},"end":{"line":112,"column":44}},"67":{"start":{"line":114,"column":12},"end":{"line":114,"column":26}},"68":{"start":{"line":118,"column":19},"end":{"line":118,"column":23}},"69":{"start":{"line":119,"column":18},"end":{"line":119,"column":20}},"70":{"start":{"line":120,"column":8},"end":{"line":122,"column":11}},"71":{"start":{"line":121,"column":12},"end":{"line":121,"column":112}},"72":{"start":{"line":123,"column":8},"end":{"line":123,"column":19}},"73":{"start":{"line":126,"column":18},"end":{"line":126,"column":20}},"74":{"start":{"line":127,"column":8},"end":{"line":135,"column":11}},"75":{"start":{"line":128,"column":34},"end":{"line":128,"column":36}},"76":{"start":{"line":129,"column":12},"end":{"line":133,"column":15}},"77":{"start":{"line":130,"column":16},"end":{"line":132,"column":17}},"78":{"start":{"line":131,"column":20},"end":{"line":131,"column":64}},"79":{"start":{"line":134,"column":12},"end":{"line":134,"column":38}},"80":{"start":{"line":136,"column":8},"end":{"line":136,"column":19}},"81":{"start":{"line":139,"column":19},"end":{"line":139,"column":23}},"82":{"start":{"line":140,"column":29},"end":{"line":140,"column":31}},"83":{"start":{"line":141,"column":8},"end":{"line":150,"column":11}},"84":{"start":{"line":142,"column":32},"end":{"line":142,"column":34}},"85":{"start":{"line":143,"column":12},"end":{"line":148,"column":15}},"86":{"start":{"line":144,"column":39},"end":{"line":144,"column":87}},"87":{"start":{"line":145,"column":16},"end":{"line":147,"column":17}},"88":{"start":{"line":146,"column":20},"end":{"line":146,"column":76}},"89":{"start":{"line":149,"column":12},"end":{"line":149,"column":47}},"90":{"start":{"line":151,"column":8},"end":{"line":159,"column":9}},"91":{"start":{"line":152,"column":12},"end":{"line":152,"column":90}},"92":{"start":{"line":155,"column":12},"end":{"line":157,"column":13}},"93":{"start":{"line":156,"column":16},"end":{"line":156,"column":38}},"94":{"start":{"line":158,"column":12},"end":{"line":158,"column":90}},"95":{"start":{"line":162,"column":0},"end":{"line":162,"column":30}}},"fnMap":{"0":{"name":"(anonymous_0)","decl":{"start":{"line":8,"column":4},"end":{"line":8,"column":5}},"loc":{"start":{"line":8,"column":27},"end":{"line":12,"column":5}},"line":8},"1":{"name":"(anonymous_1)","decl":{"start":{"line":13,"column":4},"end":{"line":13,"column":5}},"loc":{"start":{"line":13,"column":33},"end":{"line":36,"column":5}},"line":13},"2":{"name":"(anonymous_2)","decl":{"start":{"line":37,"column":4},"end":{"line":37,"column":5}},"loc":{"start":{"line":37,"column":52},"end":{"line":96,"column":5}},"line":37},"3":{"name":"(anonymous_3)","decl":{"start":{"line":40,"column":42},"end":{"line":40,"column":43}},"loc":{"start":{"line":40,"column":55},"end":{"line":67,"column":9}},"line":40},"4":{"name":"(anonymous_4)","decl":{"start":{"line":42,"column":49},"end":{"line":42,"column":50}},"loc":{"start":{"line":42,"column":65},"end":{"line":58,"column":13}},"line":42},"5":{"name":"(anonymous_5)","decl":{"start":{"line":44,"column":77},"end":{"line":44,"column":78}},"loc":{"start":{"line":44,"column":92},"end":{"line":53,"column":21}},"line":44},"6":{"name":"(anonymous_6)","decl":{"start":{"line":59,"column":41},"end":{"line":59,"column":42}},"loc":{"start":{"line":59,"column":59},"end":{"line":65,"column":13}},"line":59},"7":{"name":"groupkeyarray","decl":{"start":{"line":70,"column":17},"end":{"line":70,"column":30}},"loc":{"start":{"line":70,"column":40},"end":{"line":76,"column":9}},"line":70},"8":{"name":"(anonymous_8)","decl":{"start":{"line":72,"column":45},"end":{"line":72,"column":46}},"loc":{"start":{"line":72,"column":59},"end":{"line":74,"column":13}},"line":72},"9":{"name":"(anonymous_9)","decl":{"start":{"line":97,"column":4},"end":{"line":97,"column":5}},"loc":{"start":{"line":97,"column":46},"end":{"line":116,"column":5}},"line":97},"10":{"name":"(anonymous_10)","decl":{"start":{"line":100,"column":36},"end":{"line":100,"column":37}},"loc":{"start":{"line":100,"column":55},"end":{"line":104,"column":13}},"line":100},"11":{"name":"(anonymous_11)","decl":{"start":{"line":109,"column":36},"end":{"line":109,"column":37}},"loc":{"start":{"line":109,"column":55},"end":{"line":113,"column":13}},"line":109},"12":{"name":"(anonymous_12)","decl":{"start":{"line":117,"column":4},"end":{"line":117,"column":5}},"loc":{"start":{"line":117,"column":32},"end":{"line":124,"column":5}},"line":117},"13":{"name":"(anonymous_13)","decl":{"start":{"line":120,"column":45},"end":{"line":120,"column":46}},"loc":{"start":{"line":120,"column":54},"end":{"line":122,"column":9}},"line":120},"14":{"name":"(anonymous_14)","decl":{"start":{"line":125,"column":4},"end":{"line":125,"column":5}},"loc":{"start":{"line":125,"column":31},"end":{"line":137,"column":5}},"line":125},"15":{"name":"(anonymous_15)","decl":{"start":{"line":127,"column":31},"end":{"line":127,"column":32}},"loc":{"start":{"line":127,"column":44},"end":{"line":135,"column":9}},"line":127},"16":{"name":"(anonymous_16)","decl":{"start":{"line":129,"column":41},"end":{"line":129,"column":42}},"loc":{"start":{"line":129,"column":54},"end":{"line":133,"column":13}},"line":129},"17":{"name":"(anonymous_17)","decl":{"start":{"line":138,"column":4},"end":{"line":138,"column":5}},"loc":{"start":{"line":138,"column":45},"end":{"line":160,"column":5}},"line":138},"18":{"name":"(anonymous_18)","decl":{"start":{"line":141,"column":33},"end":{"line":141,"column":34}},"loc":{"start":{"line":141,"column":46},"end":{"line":150,"column":9}},"line":141},"19":{"name":"(anonymous_19)","decl":{"start":{"line":143,"column":41},"end":{"line":143,"column":42}},"loc":{"start":{"line":143,"column":59},"end":{"line":148,"column":13}},"line":143}},"branchMap":{"0":{"loc":{"start":{"line":14,"column":8},"end":{"line":24,"column":9}},"type":"if","locations":[{"start":{"line":14,"column":8},"end":{"line":24,"column":9}},{"start":{"line":14,"column":8},"end":{"line":24,"column":9}}],"line":14},"1":{"loc":{"start":{"line":15,"column":12},"end":{"line":23,"column":13}},"type":"if","locations":[{"start":{"line":15,"column":12},"end":{"line":23,"column":13}},{"start":{"line":15,"column":12},"end":{"line":23,"column":13}}],"line":15},"2":{"loc":{"start":{"line":15,"column":16},"end":{"line":15,"column":104}},"type":"binary-expr","locations":[{"start":{"line":15,"column":16},"end":{"line":15,"column":67}},{"start":{"line":15,"column":71},"end":{"line":15,"column":104}}],"line":15},"3":{"loc":{"start":{"line":18,"column":17},"end":{"line":23,"column":13}},"type":"if","locations":[{"start":{"line":18,"column":17},"end":{"line":23,"column":13}},{"start":{"line":18,"column":17},"end":{"line":23,"column":13}}],"line":18},"4":{"loc":{"start":{"line":25,"column":8},"end":{"line":27,"column":9}},"type":"if","locations":[{"start":{"line":25,"column":8},"end":{"line":27,"column":9}},{"start":{"line":25,"column":8},"end":{"line":27,"column":9}}],"line":25},"5":{"loc":{"start":{"line":30,"column":8},"end":{"line":35,"column":9}},"type":"if","locations":[{"start":{"line":30,"column":8},"end":{"line":35,"column":9}},{"start":{"line":30,"column":8},"end":{"line":35,"column":9}}],"line":30},"6":{"loc":{"start":{"line":43,"column":16},"end":{"line":57,"column":17}},"type":"if","locations":[{"start":{"line":43,"column":16},"end":{"line":57,"column":17}},{"start":{"line":43,"column":16},"end":{"line":57,"column":17}}],"line":43},"7":{"loc":{"start":{"line":46,"column":24},"end":{"line":52,"column":25}},"type":"if","locations":[{"start":{"line":46,"column":24},"end":{"line":52,"column":25}},{"start":{"line":46,"column":24},"end":{"line":52,"column":25}}],"line":46},"8":{"loc":{"start":{"line":61,"column":16},"end":{"line":64,"column":17}},"type":"if","locations":[{"start":{"line":61,"column":16},"end":{"line":64,"column":17}},{"start":{"line":61,"column":16},"end":{"line":64,"column":17}}],"line":61},"9":{"loc":{"start":{"line":61,"column":20},"end":{"line":62,"column":74}},"type":"binary-expr","locations":[{"start":{"line":61,"column":20},"end":{"line":61,"column":66}},{"start":{"line":62,"column":23},"end":{"line":62,"column":74}}],"line":61},"10":{"loc":{"start":{"line":78,"column":8},"end":{"line":83,"column":9}},"type":"if","locations":[{"start":{"line":78,"column":8},"end":{"line":83,"column":9}},{"start":{"line":78,"column":8},"end":{"line":83,"column":9}}],"line":78},"11":{"loc":{"start":{"line":84,"column":8},"end":{"line":86,"column":9}},"type":"if","locations":[{"start":{"line":84,"column":8},"end":{"line":86,"column":9}},{"start":{"line":84,"column":8},"end":{"line":86,"column":9}}],"line":84},"12":{"loc":{"start":{"line":87,"column":8},"end":{"line":95,"column":9}},"type":"if","locations":[{"start":{"line":87,"column":8},"end":{"line":95,"column":9}},{"start":{"line":87,"column":8},"end":{"line":95,"column":9}}],"line":87},"13":{"loc":{"start":{"line":91,"column":12},"end":{"line":93,"column":13}},"type":"if","locations":[{"start":{"line":91,"column":12},"end":{"line":93,"column":13}},{"start":{"line":91,"column":12},"end":{"line":93,"column":13}}],"line":91},"14":{"loc":{"start":{"line":98,"column":8},"end":{"line":115,"column":9}},"type":"if","locations":[{"start":{"line":98,"column":8},"end":{"line":115,"column":9}},{"start":{"line":98,"column":8},"end":{"line":115,"column":9}}],"line":98},"15":{"loc":{"start":{"line":101,"column":16},"end":{"line":103,"column":17}},"type":"if","locations":[{"start":{"line":101,"column":16},"end":{"line":103,"column":17}},{"start":{"line":101,"column":16},"end":{"line":103,"column":17}}],"line":101},"16":{"loc":{"start":{"line":105,"column":19},"end":{"line":105,"column":64}},"type":"cond-expr","locations":[{"start":{"line":105,"column":41},"end":{"line":105,"column":59}},{"start":{"line":105,"column":62},"end":{"line":105,"column":64}}],"line":105},"17":{"loc":{"start":{"line":111,"column":32},"end":{"line":111,"column":51}},"type":"binary-expr","locations":[{"start":{"line":111,"column":32},"end":{"line":111,"column":45}},{"start":{"line":111,"column":49},"end":{"line":111,"column":51}}],"line":111},"18":{"loc":{"start":{"line":130,"column":16},"end":{"line":132,"column":17}},"type":"if","locations":[{"start":{"line":130,"column":16},"end":{"line":132,"column":17}},{"start":{"line":130,"column":16},"end":{"line":132,"column":17}}],"line":130},"19":{"loc":{"start":{"line":145,"column":16},"end":{"line":147,"column":17}},"type":"if","locations":[{"start":{"line":145,"column":16},"end":{"line":147,"column":17}},{"start":{"line":145,"column":16},"end":{"line":147,"column":17}}],"line":145},"20":{"loc":{"start":{"line":151,"column":8},"end":{"line":159,"column":9}},"type":"if","locations":[{"start":{"line":151,"column":8},"end":{"line":159,"column":9}},{"start":{"line":151,"column":8},"end":{"line":159,"column":9}}],"line":151},"21":{"loc":{"start":{"line":155,"column":12},"end":{"line":157,"column":13}},"type":"if","locations":[{"start":{"line":155,"column":12},"end":{"line":157,"column":13}},{"start":{"line":155,"column":12},"end":{"line":157,"column":13}}],"line":155}},"s":{"0":1,"1":1,"2":1,"3":1,"4":1,"5":42,"6":42,"7":42,"8":42,"9":0,"10":0,"11":0,"12":0,"13":0,"14":42,"15":0,"16":42,"17":42,"18":41,"19":23,"20":18,"21":18,"22":18,"23":18,"24":1810,"25":1810,"26":4383,"27":1843,"28":2360,"29":2360,"30":1843,"31":1843,"32":1843,"33":1843,"34":1843,"35":2540,"36":1810,"37":18185,"38":18185,"39":497,"40":1810,"41":1810,"42":1810,"43":3037,"44":1810,"45":18,"46":18,"47":17,"48":1,"49":18,"50":0,"51":18,"52":2,"53":16,"54":3,"55":13,"56":18,"57":1,"58":1,"59":25,"60":25,"61":1,"62":17,"63":17,"64":1785,"65":1785,"66":1785,"67":17,"68":17,"69":17,"70":17,"71":561,"72":17,"73":18,"74":18,"75":586,"76":586,"77":2423,"78":1929,"79":586,"80":18,"81":23,"82":23,"83":23,"84":5852,"85":5852,"86":58520,"87":58520,"88":17616,"89":5852,"90":23,"91":22,"92":1,"93":0,"94":1,"95":1},"f":{"0":42,"1":42,"2":18,"3":1810,"4":4383,"5":2360,"6":18185,"7":1810,"8":3037,"9":18,"10":25,"11":1785,"12":17,"13":561,"14":18,"15":586,"16":2423,"17":23,"18":5852,"19":58520},"b":{"0":[0,42],"1":[0,0],"2":[0,0],"3":[0,0],"4":[0,42],"5":[23,18],"6":[1843,2540],"7":[1843,517],"8":[497,17688],"9":[18185,3037],"10":[17,1],"11":[0,18],"12":[2,16],"13":[3,13],"14":[1,17],"15":[25,0],"16":[1,0],"17":[1785,561],"18":[1929,494],"19":[17616,40904],"20":[22,1],"21":[0,1]},"_coverageSchema":"332fd63041d2c1bcb487cc26dd0d5f7d97098a6c","hash":"273bce28da616f0964cae88f915165a49f7800de","contentHash":"34db3d922f66313fb411c9f626d62abe_11.3.0"},"/Users/mac/vscodeprojects/project_b0o2b_m4j2b/src/controller/QueryWhereParser.js":{"path":"/Users/mac/vscodeprojects/project_b0o2b_m4j2b/src/controller/QueryWhereParser.js","statementMap":{"0":{"start":{"line":2,"column":0},"end":{"line":2,"column":62}},"1":{"start":{"line":3,"column":25},"end":{"line":3,"column":52}},"2":{"start":{"line":4,"column":23},"end":{"line":4,"column":48}},"3":{"start":{"line":7,"column":8},"end":{"line":7,"column":59}},"4":{"start":{"line":8,"column":8},"end":{"line":8,"column":35}},"5":{"start":{"line":11,"column":22},"end":{"line":11,"column":44}},"6":{"start":{"line":12,"column":8},"end":{"line":12,"column":54}},"7":{"start":{"line":13,"column":8},"end":{"line":13,"column":32}},"8":{"start":{"line":14,"column":8},"end":{"line":30,"column":9}},"9":{"start":{"line":17,"column":16},"end":{"line":17,"column":84}},"10":{"start":{"line":18,"column":16},"end":{"line":18,"column":22}},"11":{"start":{"line":23,"column":16},"end":{"line":23,"column":75}},"12":{"start":{"line":24,"column":16},"end":{"line":24,"column":22}},"13":{"start":{"line":26,"column":16},"end":{"line":26,"column":66}},"14":{"start":{"line":27,"column":16},"end":{"line":27,"column":22}},"15":{"start":{"line":29,"column":16},"end":{"line":29,"column":82}},"16":{"start":{"line":31,"column":8},"end":{"line":31,"column":19}},"17":{"start":{"line":34,"column":8},"end":{"line":39,"column":9}},"18":{"start":{"line":35,"column":12},"end":{"line":35,"column":93}},"19":{"start":{"line":37,"column":13},"end":{"line":39,"column":9}},"20":{"start":{"line":38,"column":12},"end":{"line":38,"column":93}},"21":{"start":{"line":40,"column":8},"end":{"line":50,"column":9}},"22":{"start":{"line":41,"column":12},"end":{"line":46,"column":13}},"23":{"start":{"line":42,"column":16},"end":{"line":42,"column":86}},"24":{"start":{"line":44,"column":17},"end":{"line":46,"column":13}},"25":{"start":{"line":45,"column":16},"end":{"line":45,"column":98}},"26":{"start":{"line":47,"column":26},"end":{"line":47,"column":65}},"27":{"start":{"line":48,"column":12},"end":{"line":48,"column":36}},"28":{"start":{"line":49,"column":12},"end":{"line":49,"column":117}},"29":{"start":{"line":51,"column":8},"end":{"line":51,"column":25}},"30":{"start":{"line":54,"column":8},"end":{"line":88,"column":9}},"31":{"start":{"line":55,"column":12},"end":{"line":55,"column":85}},"32":{"start":{"line":57,"column":13},"end":{"line":88,"column":9}},"33":{"start":{"line":58,"column":12},"end":{"line":58,"column":136}},"34":{"start":{"line":61,"column":12},"end":{"line":61,"column":69}},"35":{"start":{"line":62,"column":20},"end":{"line":62,"column":58}},"36":{"start":{"line":63,"column":12},"end":{"line":87,"column":13}},"37":{"start":{"line":64,"column":16},"end":{"line":64,"column":94}},"38":{"start":{"line":67,"column":16},"end":{"line":67,"column":62}},"39":{"start":{"line":68,"column":16},"end":{"line":85,"column":17}},"40":{"start":{"line":69,"column":20},"end":{"line":69,"column":44}},"41":{"start":{"line":70,"column":20},"end":{"line":75,"column":21}},"42":{"start":{"line":71,"column":24},"end":{"line":71,"column":124}},"43":{"start":{"line":74,"column":24},"end":{"line":74,"column":91}},"44":{"start":{"line":78,"column":20},"end":{"line":78,"column":41}},"45":{"start":{"line":79,"column":20},"end":{"line":84,"column":21}},"46":{"start":{"line":80,"column":24},"end":{"line":80,"column":111}},"47":{"start":{"line":83,"column":24},"end":{"line":83,"column":91}},"48":{"start":{"line":86,"column":16},"end":{"line":86,"column":27}},"49":{"start":{"line":91,"column":8},"end":{"line":103,"column":9}},"50":{"start":{"line":92,"column":12},"end":{"line":92,"column":78}},"51":{"start":{"line":94,"column":13},"end":{"line":103,"column":9}},"52":{"start":{"line":95,"column":12},"end":{"line":95,"column":129}},"53":{"start":{"line":98,"column":12},"end":{"line":98,"column":58}},"54":{"start":{"line":99,"column":12},"end":{"line":99,"column":34}},"55":{"start":{"line":100,"column":26},"end":{"line":100,"column":65}},"56":{"start":{"line":101,"column":12},"end":{"line":101,"column":36}},"57":{"start":{"line":102,"column":12},"end":{"line":102,"column":80}},"58":{"start":{"line":104,"column":8},"end":{"line":104,"column":19}},"59":{"start":{"line":107,"column":16},"end":{"line":107,"column":20}},"60":{"start":{"line":108,"column":8},"end":{"line":123,"column":9}},"61":{"start":{"line":109,"column":12},"end":{"line":114,"column":13}},"62":{"start":{"line":110,"column":16},"end":{"line":110,"column":57}},"63":{"start":{"line":113,"column":16},"end":{"line":113,"column":55}},"64":{"start":{"line":116,"column":13},"end":{"line":123,"column":9}},"65":{"start":{"line":117,"column":12},"end":{"line":122,"column":13}},"66":{"start":{"line":118,"column":16},"end":{"line":118,"column":59}},"67":{"start":{"line":121,"column":16},"end":{"line":121,"column":57}},"68":{"start":{"line":124,"column":8},"end":{"line":126,"column":9}},"69":{"start":{"line":125,"column":12},"end":{"line":125,"column":60}},"70":{"start":{"line":127,"column":8},"end":{"line":132,"column":9}},"71":{"start":{"line":128,"column":12},"end":{"line":128,"column":73}},"72":{"start":{"line":131,"column":12},"end":{"line":131,"column":19}},"73":{"start":{"line":135,"column":8},"end":{"line":137,"column":9}},"74":{"start":{"line":136,"column":12},"end":{"line":136,"column":116}},"75":{"start":{"line":138,"column":8},"end":{"line":138,"column":72}},"76":{"start":{"line":141,"column":19},"end":{"line":141,"column":23}},"77":{"start":{"line":142,"column":8},"end":{"line":142,"column":75}},"78":{"start":{"line":144,"column":28},"end":{"line":144,"column":30}},"79":{"start":{"line":145,"column":12},"end":{"line":164,"column":13}},"80":{"start":{"line":146,"column":16},"end":{"line":153,"column":19}},"81":{"start":{"line":147,"column":20},"end":{"line":152,"column":21}},"82":{"start":{"line":148,"column":24},"end":{"line":148,"column":100}},"83":{"start":{"line":151,"column":24},"end":{"line":151,"column":102}},"84":{"start":{"line":155,"column":17},"end":{"line":164,"column":13}},"85":{"start":{"line":156,"column":16},"end":{"line":158,"column":19}},"86":{"start":{"line":157,"column":20},"end":{"line":157,"column":96}},"87":{"start":{"line":160,"column":17},"end":{"line":164,"column":13}},"88":{"start":{"line":161,"column":16},"end":{"line":163,"column":19}},"89":{"start":{"line":162,"column":20},"end":{"line":162,"column":76}},"90":{"start":{"line":165,"column":12},"end":{"line":165,"column":29}},"91":{"start":{"line":168,"column":28},"end":{"line":168,"column":30}},"92":{"start":{"line":169,"column":12},"end":{"line":171,"column":13}},"93":{"start":{"line":170,"column":16},"end":{"line":170,"column":76}},"94":{"start":{"line":172,"column":29},"end":{"line":172,"column":46}},"95":{"start":{"line":173,"column":12},"end":{"line":192,"column":13}},"96":{"start":{"line":174,"column":16},"end":{"line":174,"column":69}},"97":{"start":{"line":176,"column":17},"end":{"line":192,"column":13}},"98":{"start":{"line":177,"column":28},"end":{"line":177,"column":41}},"99":{"start":{"line":178,"column":16},"end":{"line":191,"column":17}},"100":{"start":{"line":180,"column":24},"end":{"line":180,"column":88}},"101":{"start":{"line":181,"column":24},"end":{"line":181,"column":30}},"102":{"start":{"line":183,"column":24},"end":{"line":183,"column":88}},"103":{"start":{"line":184,"column":24},"end":{"line":184,"column":30}},"104":{"start":{"line":186,"column":24},"end":{"line":186,"column":88}},"105":{"start":{"line":187,"column":24},"end":{"line":187,"column":30}},"106":{"start":{"line":189,"column":24},"end":{"line":189,"column":82}},"107":{"start":{"line":190,"column":24},"end":{"line":190,"column":30}},"108":{"start":{"line":193,"column":12},"end":{"line":193,"column":29}},"109":{"start":{"line":195,"column":21},"end":{"line":195,"column":38}},"110":{"start":{"line":196,"column":8},"end":{"line":198,"column":9}},"111":{"start":{"line":197,"column":12},"end":{"line":197,"column":61}},"112":{"start":{"line":199,"column":8},"end":{"line":199,"column":22}},"113":{"start":{"line":202,"column":0},"end":{"line":202,"column":35}}},"fnMap":{"0":{"name":"(anonymous_0)","decl":{"start":{"line":6,"column":4},"end":{"line":6,"column":5}},"loc":{"start":{"line":6,"column":27},"end":{"line":9,"column":5}},"line":6},"1":{"name":"(anonymous_1)","decl":{"start":{"line":10,"column":4},"end":{"line":10,"column":5}},"loc":{"start":{"line":10,"column":38},"end":{"line":32,"column":5}},"line":10},"2":{"name":"(anonymous_2)","decl":{"start":{"line":33,"column":4},"end":{"line":33,"column":5}},"loc":{"start":{"line":33,"column":51},"end":{"line":52,"column":5}},"line":33},"3":{"name":"(anonymous_3)","decl":{"start":{"line":53,"column":4},"end":{"line":53,"column":5}},"loc":{"start":{"line":53,"column":48},"end":{"line":89,"column":5}},"line":53},"4":{"name":"(anonymous_4)","decl":{"start":{"line":90,"column":4},"end":{"line":90,"column":5}},"loc":{"start":{"line":90,"column":39},"end":{"line":105,"column":5}},"line":90},"5":{"name":"(anonymous_5)","decl":{"start":{"line":106,"column":4},"end":{"line":106,"column":5}},"loc":{"start":{"line":106,"column":32},"end":{"line":133,"column":5}},"line":106},"6":{"name":"(anonymous_6)","decl":{"start":{"line":134,"column":4},"end":{"line":134,"column":5}},"loc":{"start":{"line":134,"column":48},"end":{"line":139,"column":5}},"line":134},"7":{"name":"(anonymous_7)","decl":{"start":{"line":140,"column":4},"end":{"line":140,"column":5}},"loc":{"start":{"line":140,"column":44},"end":{"line":200,"column":5}},"line":140},"8":{"name":"traverseArray","decl":{"start":{"line":143,"column":17},"end":{"line":143,"column":30}},"loc":{"start":{"line":143,"column":50},"end":{"line":166,"column":9}},"line":143},"9":{"name":"(anonymous_9)","decl":{"start":{"line":146,"column":30},"end":{"line":146,"column":31}},"loc":{"start":{"line":146,"column":41},"end":{"line":153,"column":17}},"line":146},"10":{"name":"(anonymous_10)","decl":{"start":{"line":156,"column":30},"end":{"line":156,"column":31}},"loc":{"start":{"line":156,"column":41},"end":{"line":158,"column":17}},"line":156},"11":{"name":"(anonymous_11)","decl":{"start":{"line":161,"column":30},"end":{"line":161,"column":31}},"loc":{"start":{"line":161,"column":41},"end":{"line":163,"column":17}},"line":161},"12":{"name":"traverseNode","decl":{"start":{"line":167,"column":17},"end":{"line":167,"column":29}},"loc":{"start":{"line":167,"column":39},"end":{"line":194,"column":9}},"line":167}},"branchMap":{"0":{"loc":{"start":{"line":14,"column":8},"end":{"line":30,"column":9}},"type":"switch","locations":[{"start":{"line":15,"column":12},"end":{"line":15,"column":23}},{"start":{"line":16,"column":12},"end":{"line":18,"column":22}},{"start":{"line":19,"column":12},"end":{"line":19,"column":22}},{"start":{"line":20,"column":12},"end":{"line":20,"column":22}},{"start":{"line":21,"column":12},"end":{"line":21,"column":22}},{"start":{"line":22,"column":12},"end":{"line":24,"column":22}},{"start":{"line":25,"column":12},"end":{"line":27,"column":22}},{"start":{"line":28,"column":12},"end":{"line":29,"column":82}}],"line":14},"1":{"loc":{"start":{"line":34,"column":8},"end":{"line":39,"column":9}},"type":"if","locations":[{"start":{"line":34,"column":8},"end":{"line":39,"column":9}},{"start":{"line":34,"column":8},"end":{"line":39,"column":9}}],"line":34},"2":{"loc":{"start":{"line":37,"column":13},"end":{"line":39,"column":9}},"type":"if","locations":[{"start":{"line":37,"column":13},"end":{"line":39,"column":9}},{"start":{"line":37,"column":13},"end":{"line":39,"column":9}}],"line":37},"3":{"loc":{"start":{"line":41,"column":12},"end":{"line":46,"column":13}},"type":"if","locations":[{"start":{"line":41,"column":12},"end":{"line":46,"column":13}},{"start":{"line":41,"column":12},"end":{"line":46,"column":13}}],"line":41},"4":{"loc":{"start":{"line":44,"column":17},"end":{"line":46,"column":13}},"type":"if","locations":[{"start":{"line":44,"column":17},"end":{"line":46,"column":13}},{"start":{"line":44,"column":17},"end":{"line":46,"column":13}}],"line":44},"5":{"loc":{"start":{"line":54,"column":8},"end":{"line":88,"column":9}},"type":"if","locations":[{"start":{"line":54,"column":8},"end":{"line":88,"column":9}},{"start":{"line":54,"column":8},"end":{"line":88,"column":9}}],"line":54},"6":{"loc":{"start":{"line":54,"column":12},"end":{"line":54,"column":73}},"type":"binary-expr","locations":[{"start":{"line":54,"column":12},"end":{"line":54,"column":43}},{"start":{"line":54,"column":47},"end":{"line":54,"column":73}}],"line":54},"7":{"loc":{"start":{"line":57,"column":13},"end":{"line":88,"column":9}},"type":"if","locations":[{"start":{"line":57,"column":13},"end":{"line":88,"column":9}},{"start":{"line":57,"column":13},"end":{"line":88,"column":9}}],"line":57},"8":{"loc":{"start":{"line":63,"column":12},"end":{"line":87,"column":13}},"type":"if","locations":[{"start":{"line":63,"column":12},"end":{"line":87,"column":13}},{"start":{"line":63,"column":12},"end":{"line":87,"column":13}}],"line":63},"9":{"loc":{"start":{"line":68,"column":16},"end":{"line":85,"column":17}},"type":"if","locations":[{"start":{"line":68,"column":16},"end":{"line":85,"column":17}},{"start":{"line":68,"column":16},"end":{"line":85,"column":17}}],"line":68},"10":{"loc":{"start":{"line":68,"column":20},"end":{"line":68,"column":76}},"type":"binary-expr","locations":[{"start":{"line":68,"column":20},"end":{"line":68,"column":36}},{"start":{"line":68,"column":40},"end":{"line":68,"column":56}},{"start":{"line":68,"column":60},"end":{"line":68,"column":76}}],"line":68},"11":{"loc":{"start":{"line":70,"column":20},"end":{"line":75,"column":21}},"type":"if","locations":[{"start":{"line":70,"column":20},"end":{"line":75,"column":21}},{"start":{"line":70,"column":20},"end":{"line":75,"column":21}}],"line":70},"12":{"loc":{"start":{"line":79,"column":20},"end":{"line":84,"column":21}},"type":"if","locations":[{"start":{"line":79,"column":20},"end":{"line":84,"column":21}},{"start":{"line":79,"column":20},"end":{"line":84,"column":21}}],"line":79},"13":{"loc":{"start":{"line":91,"column":8},"end":{"line":103,"column":9}},"type":"if","locations":[{"start":{"line":91,"column":8},"end":{"line":103,"column":9}},{"start":{"line":91,"column":8},"end":{"line":103,"column":9}}],"line":91},"14":{"loc":{"start":{"line":91,"column":12},"end":{"line":91,"column":73}},"type":"binary-expr","locations":[{"start":{"line":91,"column":12},"end":{"line":91,"column":43}},{"start":{"line":91,"column":47},"end":{"line":91,"column":73}}],"line":91},"15":{"loc":{"start":{"line":94,"column":13},"end":{"line":103,"column":9}},"type":"if","locations":[{"start":{"line":94,"column":13},"end":{"line":103,"column":9}},{"start":{"line":94,"column":13},"end":{"line":103,"column":9}}],"line":94},"16":{"loc":{"start":{"line":108,"column":8},"end":{"line":123,"column":9}},"type":"if","locations":[{"start":{"line":108,"column":8},"end":{"line":123,"column":9}},{"start":{"line":108,"column":8},"end":{"line":123,"column":9}}],"line":108},"17":{"loc":{"start":{"line":109,"column":12},"end":{"line":114,"column":13}},"type":"if","locations":[{"start":{"line":109,"column":12},"end":{"line":114,"column":13}},{"start":{"line":109,"column":12},"end":{"line":114,"column":13}}],"line":109},"18":{"loc":{"start":{"line":116,"column":13},"end":{"line":123,"column":9}},"type":"if","locations":[{"start":{"line":116,"column":13},"end":{"line":123,"column":9}},{"start":{"line":116,"column":13},"end":{"line":123,"column":9}}],"line":116},"19":{"loc":{"start":{"line":116,"column":17},"end":{"line":116,"column":73}},"type":"binary-expr","locations":[{"start":{"line":116,"column":17},"end":{"line":116,"column":33}},{"start":{"line":116,"column":37},"end":{"line":116,"column":53}},{"start":{"line":116,"column":57},"end":{"line":116,"column":73}}],"line":116},"20":{"loc":{"start":{"line":117,"column":12},"end":{"line":122,"column":13}},"type":"if","locations":[{"start":{"line":117,"column":12},"end":{"line":122,"column":13}},{"start":{"line":117,"column":12},"end":{"line":122,"column":13}}],"line":117},"21":{"loc":{"start":{"line":124,"column":8},"end":{"line":126,"column":9}},"type":"if","locations":[{"start":{"line":124,"column":8},"end":{"line":126,"column":9}},{"start":{"line":124,"column":8},"end":{"line":126,"column":9}}],"line":124},"22":{"loc":{"start":{"line":127,"column":8},"end":{"line":132,"column":9}},"type":"if","locations":[{"start":{"line":127,"column":8},"end":{"line":132,"column":9}},{"start":{"line":127,"column":8},"end":{"line":132,"column":9}}],"line":127},"23":{"loc":{"start":{"line":127,"column":12},"end":{"line":127,"column":42}},"type":"binary-expr","locations":[{"start":{"line":127,"column":12},"end":{"line":127,"column":26}},{"start":{"line":127,"column":30},"end":{"line":127,"column":42}}],"line":127},"24":{"loc":{"start":{"line":135,"column":8},"end":{"line":137,"column":9}},"type":"if","locations":[{"start":{"line":135,"column":8},"end":{"line":137,"column":9}},{"start":{"line":135,"column":8},"end":{"line":137,"column":9}}],"line":135},"25":{"loc":{"start":{"line":145,"column":12},"end":{"line":164,"column":13}},"type":"if","locations":[{"start":{"line":145,"column":12},"end":{"line":164,"column":13}},{"start":{"line":145,"column":12},"end":{"line":164,"column":13}}],"line":145},"26":{"loc":{"start":{"line":147,"column":20},"end":{"line":152,"column":21}},"type":"if","locations":[{"start":{"line":147,"column":20},"end":{"line":152,"column":21}},{"start":{"line":147,"column":20},"end":{"line":152,"column":21}}],"line":147},"27":{"loc":{"start":{"line":155,"column":17},"end":{"line":164,"column":13}},"type":"if","locations":[{"start":{"line":155,"column":17},"end":{"line":164,"column":13}},{"start":{"line":155,"column":17},"end":{"line":164,"column":13}}],"line":155},"28":{"loc":{"start":{"line":160,"column":17},"end":{"line":164,"column":13}},"type":"if","locations":[{"start":{"line":160,"column":17},"end":{"line":164,"column":13}},{"start":{"line":160,"column":17},"end":{"line":164,"column":13}}],"line":160},"29":{"loc":{"start":{"line":169,"column":12},"end":{"line":171,"column":13}},"type":"if","locations":[{"start":{"line":169,"column":12},"end":{"line":171,"column":13}},{"start":{"line":169,"column":12},"end":{"line":171,"column":13}}],"line":169},"30":{"loc":{"start":{"line":173,"column":12},"end":{"line":192,"column":13}},"type":"if","locations":[{"start":{"line":173,"column":12},"end":{"line":192,"column":13}},{"start":{"line":173,"column":12},"end":{"line":192,"column":13}}],"line":173},"31":{"loc":{"start":{"line":173,"column":16},"end":{"line":173,"column":83}},"type":"binary-expr","locations":[{"start":{"line":173,"column":16},"end":{"line":173,"column":36}},{"start":{"line":173,"column":40},"end":{"line":173,"column":59}},{"start":{"line":173,"column":63},"end":{"line":173,"column":83}}],"line":173},"32":{"loc":{"start":{"line":176,"column":17},"end":{"line":192,"column":13}},"type":"if","locations":[{"start":{"line":176,"column":17},"end":{"line":192,"column":13}},{"start":{"line":176,"column":17},"end":{"line":192,"column":13}}],"line":176},"33":{"loc":{"start":{"line":176,"column":21},"end":{"line":176,"column":109}},"type":"binary-expr","locations":[{"start":{"line":176,"column":21},"end":{"line":176,"column":40}},{"start":{"line":176,"column":44},"end":{"line":176,"column":63}},{"start":{"line":176,"column":67},"end":{"line":176,"column":86}},{"start":{"line":176,"column":90},"end":{"line":176,"column":109}}],"line":176},"34":{"loc":{"start":{"line":178,"column":16},"end":{"line":191,"column":17}},"type":"switch","locations":[{"start":{"line":179,"column":20},"end":{"line":181,"column":30}},{"start":{"line":182,"column":20},"end":{"line":184,"column":30}},{"start":{"line":185,"column":20},"end":{"line":187,"column":30}},{"start":{"line":188,"column":20},"end":{"line":190,"column":30}}],"line":178},"35":{"loc":{"start":{"line":196,"column":8},"end":{"line":198,"column":9}},"type":"if","locations":[{"start":{"line":196,"column":8},"end":{"line":198,"column":9}},{"start":{"line":196,"column":8},"end":{"line":198,"column":9}}],"line":196},"36":{"loc":{"start":{"line":196,"column":12},"end":{"line":196,"column":94}},"type":"binary-expr","locations":[{"start":{"line":196,"column":12},"end":{"line":196,"column":32}},{"start":{"line":196,"column":36},"end":{"line":196,"column":57}},{"start":{"line":196,"column":61},"end":{"line":196,"column":94}}],"line":196}},"s":{"0":1,"1":1,"2":1,"3":42,"4":42,"5":186,"6":186,"7":186,"8":186,"9":66,"10":65,"11":108,"12":107,"13":12,"14":12,"15":0,"16":184,"17":66,"18":0,"19":66,"20":0,"21":66,"22":132,"23":0,"24":132,"25":0,"26":132,"27":132,"28":132,"29":65,"30":108,"31":0,"32":108,"33":0,"34":108,"35":108,"36":108,"37":1,"38":107,"39":107,"40":58,"41":58,"42":0,"43":58,"44":49,"45":49,"46":0,"47":49,"48":107,"49":12,"50":0,"51":12,"52":0,"53":12,"54":12,"55":12,"56":12,"57":12,"58":12,"59":108,"60":108,"61":49,"62":38,"63":11,"64":59,"65":59,"66":48,"67":11,"68":108,"69":0,"70":108,"71":0,"72":108,"73":41,"74":0,"75":41,"76":41,"77":41,"78":77,"79":77,"80":42,"81":85,"82":42,"83":43,"84":35,"85":23,"86":45,"87":12,"88":12,"89":12,"90":77,"91":183,"92":183,"93":0,"94":183,"95":183,"96":77,"97":106,"98":106,"99":106,"100":10,"101":10,"102":41,"103":41,"104":7,"105":7,"106":48,"107":48,"108":183,"109":41,"110":41,"111":0,"112":41,"113":1},"f":{"0":42,"1":186,"2":66,"3":108,"4":12,"5":108,"6":41,"7":41,"8":77,"9":85,"10":45,"11":12,"12":183},"b":{"0":[43,66,7,49,59,108,12,0],"1":[0,66],"2":[0,66],"3":[0,132],"4":[0,132],"5":[0,108],"6":[108,108],"7":[0,108],"8":[1,107],"9":[58,49],"10":[107,100,59],"11":[0,58],"12":[0,49],"13":[0,12],"14":[12,12],"15":[0,12],"16":[49,59],"17":[38,11],"18":[59,0],"19":[59,52,10],"20":[48,11],"21":[0,108],"22":[0,108],"23":[108,108],"24":[0,41],"25":[42,35],"26":[42,43],"27":[23,12],"28":[12,0],"29":[0,183],"30":[77,106],"31":[183,141,118],"32":[106,0],"33":[106,96,55,48],"34":[10,41,7,48],"35":[0,41],"36":[41,41,0]},"_coverageSchema":"332fd63041d2c1bcb487cc26dd0d5f7d97098a6c","hash":"24c55e4ed962a660cfb4f5bd8c79cc2602a441c2","contentHash":"79290da28fd5f8c2ce9df9fe52a6877e_11.3.0"},"/Users/mac/vscodeprojects/project_b0o2b_m4j2b/src/controller/RowsSelector.js":{"path":"/Users/mac/vscodeprojects/project_b0o2b_m4j2b/src/controller/RowsSelector.js","statementMap":{"0":{"start":{"line":2,"column":0},"end":{"line":2,"column":62}},"1":{"start":{"line":3,"column":25},"end":{"line":3,"column":52}},"2":{"start":{"line":4,"column":21},"end":{"line":4,"column":42}},"3":{"start":{"line":7,"column":8},"end":{"line":7,"column":26}},"4":{"start":{"line":8,"column":8},"end":{"line":8,"column":31}},"5":{"start":{"line":11,"column":8},"end":{"line":13,"column":9}},"6":{"start":{"line":12,"column":12},"end":{"line":12,"column":25}},"7":{"start":{"line":14,"column":8},"end":{"line":40,"column":9}},"8":{"start":{"line":15,"column":12},"end":{"line":36,"column":13}},"9":{"start":{"line":16,"column":35},"end":{"line":16,"column":75}},"10":{"start":{"line":17,"column":33},"end":{"line":17,"column":74}},"11":{"start":{"line":18,"column":16},"end":{"line":20,"column":17}},"12":{"start":{"line":19,"column":20},"end":{"line":19,"column":33}},"13":{"start":{"line":21,"column":38},"end":{"line":21,"column":93}},"14":{"start":{"line":22,"column":16},"end":{"line":22,"column":56}},"15":{"start":{"line":24,"column":17},"end":{"line":36,"column":13}},"16":{"start":{"line":25,"column":35},"end":{"line":25,"column":79}},"17":{"start":{"line":26,"column":31},"end":{"line":26,"column":50}},"18":{"start":{"line":27,"column":16},"end":{"line":29,"column":17}},"19":{"start":{"line":28,"column":20},"end":{"line":28,"column":33}},"20":{"start":{"line":30,"column":38},"end":{"line":30,"column":73}},"21":{"start":{"line":31,"column":16},"end":{"line":31,"column":56}},"22":{"start":{"line":33,"column":17},"end":{"line":36,"column":13}},"23":{"start":{"line":34,"column":35},"end":{"line":34,"column":79}},"24":{"start":{"line":35,"column":16},"end":{"line":35,"column":59}},"25":{"start":{"line":39,"column":12},"end":{"line":39,"column":46}},"26":{"start":{"line":43,"column":8},"end":{"line":45,"column":9}},"27":{"start":{"line":44,"column":12},"end":{"line":44,"column":26}},"28":{"start":{"line":46,"column":8},"end":{"line":61,"column":9}},"29":{"start":{"line":47,"column":12},"end":{"line":47,"column":26}},"30":{"start":{"line":50,"column":22},"end":{"line":50,"column":31}},"31":{"start":{"line":51,"column":22},"end":{"line":51,"column":24}},"32":{"start":{"line":52,"column":12},"end":{"line":54,"column":15}},"33":{"start":{"line":53,"column":16},"end":{"line":53,"column":33}},"34":{"start":{"line":55,"column":12},"end":{"line":59,"column":15}},"35":{"start":{"line":56,"column":16},"end":{"line":58,"column":17}},"36":{"start":{"line":57,"column":20},"end":{"line":57,"column":38}},"37":{"start":{"line":60,"column":12},"end":{"line":60,"column":23}},"38":{"start":{"line":64,"column":8},"end":{"line":66,"column":9}},"39":{"start":{"line":65,"column":12},"end":{"line":65,"column":26}},"40":{"start":{"line":67,"column":8},"end":{"line":82,"column":9}},"41":{"start":{"line":68,"column":12},"end":{"line":68,"column":26}},"42":{"start":{"line":71,"column":22},"end":{"line":71,"column":31}},"43":{"start":{"line":72,"column":22},"end":{"line":72,"column":28}},"44":{"start":{"line":73,"column":12},"end":{"line":75,"column":15}},"45":{"start":{"line":74,"column":16},"end":{"line":74,"column":33}},"46":{"start":{"line":76,"column":12},"end":{"line":80,"column":15}},"47":{"start":{"line":77,"column":16},"end":{"line":79,"column":17}},"48":{"start":{"line":78,"column":20},"end":{"line":78,"column":38}},"49":{"start":{"line":81,"column":12},"end":{"line":81,"column":23}},"50":{"start":{"line":85,"column":19},"end":{"line":85,"column":23}},"51":{"start":{"line":86,"column":8},"end":{"line":101,"column":9}},"52":{"start":{"line":87,"column":12},"end":{"line":87,"column":32}},"53":{"start":{"line":90,"column":22},"end":{"line":90,"column":31}},"54":{"start":{"line":91,"column":22},"end":{"line":91,"column":24}},"55":{"start":{"line":92,"column":12},"end":{"line":94,"column":15}},"56":{"start":{"line":93,"column":16},"end":{"line":93,"column":33}},"57":{"start":{"line":95,"column":12},"end":{"line":99,"column":15}},"58":{"start":{"line":96,"column":16},"end":{"line":98,"column":17}},"59":{"start":{"line":97,"column":20},"end":{"line":97,"column":38}},"60":{"start":{"line":100,"column":12},"end":{"line":100,"column":23}},"61":{"start":{"line":104,"column":18},"end":{"line":104,"column":20}},"62":{"start":{"line":105,"column":19},"end":{"line":105,"column":23}},"63":{"start":{"line":106,"column":8},"end":{"line":128,"column":9}},"64":{"start":{"line":108,"column":16},"end":{"line":112,"column":19}},"65":{"start":{"line":109,"column":20},"end":{"line":111,"column":21}},"66":{"start":{"line":110,"column":24},"end":{"line":110,"column":42}},"67":{"start":{"line":113,"column":16},"end":{"line":113,"column":22}},"68":{"start":{"line":115,"column":16},"end":{"line":119,"column":19}},"69":{"start":{"line":116,"column":20},"end":{"line":118,"column":21}},"70":{"start":{"line":117,"column":24},"end":{"line":117,"column":42}},"71":{"start":{"line":120,"column":16},"end":{"line":120,"column":22}},"72":{"start":{"line":122,"column":16},"end":{"line":126,"column":19}},"73":{"start":{"line":123,"column":20},"end":{"line":125,"column":21}},"74":{"start":{"line":124,"column":24},"end":{"line":124,"column":42}},"75":{"start":{"line":127,"column":16},"end":{"line":127,"column":22}},"76":{"start":{"line":129,"column":8},"end":{"line":129,"column":19}},"77":{"start":{"line":132,"column":19},"end":{"line":132,"column":23}},"78":{"start":{"line":133,"column":8},"end":{"line":135,"column":9}},"79":{"start":{"line":134,"column":12},"end":{"line":134,"column":32}},"80":{"start":{"line":136,"column":18},"end":{"line":136,"column":20}},"81":{"start":{"line":137,"column":21},"end":{"line":137,"column":51}},"82":{"start":{"line":138,"column":16},"end":{"line":138,"column":35}},"83":{"start":{"line":139,"column":8},"end":{"line":141,"column":9}},"84":{"start":{"line":140,"column":12},"end":{"line":140,"column":67}},"85":{"start":{"line":142,"column":8},"end":{"line":151,"column":9}},"86":{"start":{"line":143,"column":12},"end":{"line":143,"column":73}},"87":{"start":{"line":146,"column":12},"end":{"line":150,"column":15}},"88":{"start":{"line":147,"column":16},"end":{"line":149,"column":17}},"89":{"start":{"line":148,"column":20},"end":{"line":148,"column":38}},"90":{"start":{"line":152,"column":8},"end":{"line":152,"column":19}},"91":{"start":{"line":155,"column":18},"end":{"line":155,"column":47}},"92":{"start":{"line":156,"column":8},"end":{"line":159,"column":11}},"93":{"start":{"line":157,"column":24},"end":{"line":157,"column":66}},"94":{"start":{"line":158,"column":12},"end":{"line":158,"column":33}},"95":{"start":{"line":160,"column":8},"end":{"line":160,"column":38}},"96":{"start":{"line":163,"column":18},"end":{"line":163,"column":35}},"97":{"start":{"line":164,"column":8},"end":{"line":168,"column":11}},"98":{"start":{"line":165,"column":12},"end":{"line":167,"column":13}},"99":{"start":{"line":166,"column":16},"end":{"line":166,"column":39}},"100":{"start":{"line":169,"column":8},"end":{"line":169,"column":19}},"101":{"start":{"line":172,"column":18},"end":{"line":172,"column":35}},"102":{"start":{"line":173,"column":8},"end":{"line":177,"column":11}},"103":{"start":{"line":174,"column":12},"end":{"line":176,"column":13}},"104":{"start":{"line":175,"column":16},"end":{"line":175,"column":39}},"105":{"start":{"line":178,"column":8},"end":{"line":178,"column":19}},"106":{"start":{"line":181,"column":18},"end":{"line":181,"column":47}},"107":{"start":{"line":182,"column":8},"end":{"line":185,"column":11}},"108":{"start":{"line":183,"column":24},"end":{"line":183,"column":66}},"109":{"start":{"line":184,"column":12},"end":{"line":184,"column":33}},"110":{"start":{"line":186,"column":18},"end":{"line":186,"column":47}},"111":{"start":{"line":187,"column":18},"end":{"line":187,"column":40}},"112":{"start":{"line":188,"column":8},"end":{"line":188,"column":19}},"113":{"start":{"line":191,"column":22},"end":{"line":191,"column":31}},"114":{"start":{"line":192,"column":8},"end":{"line":194,"column":11}},"115":{"start":{"line":193,"column":12},"end":{"line":193,"column":42}},"116":{"start":{"line":195,"column":8},"end":{"line":195,"column":28}},"117":{"start":{"line":198,"column":18},"end":{"line":198,"column":26}},"118":{"start":{"line":199,"column":8},"end":{"line":218,"column":11}},"119":{"start":{"line":200,"column":29},"end":{"line":200,"column":66}},"120":{"start":{"line":201,"column":12},"end":{"line":217,"column":13}},"121":{"start":{"line":203,"column":20},"end":{"line":203,"column":79}},"122":{"start":{"line":204,"column":20},"end":{"line":204,"column":26}},"123":{"start":{"line":206,"column":20},"end":{"line":206,"column":79}},"124":{"start":{"line":207,"column":20},"end":{"line":207,"column":26}},"125":{"start":{"line":209,"column":20},"end":{"line":209,"column":79}},"126":{"start":{"line":210,"column":20},"end":{"line":210,"column":26}},"127":{"start":{"line":212,"column":20},"end":{"line":212,"column":81}},"128":{"start":{"line":213,"column":20},"end":{"line":213,"column":26}},"129":{"start":{"line":215,"column":20},"end":{"line":215,"column":79}},"130":{"start":{"line":216,"column":20},"end":{"line":216,"column":26}},"131":{"start":{"line":219,"column":8},"end":{"line":219,"column":19}},"132":{"start":{"line":222,"column":0},"end":{"line":222,"column":31}}},"fnMap":{"0":{"name":"(anonymous_0)","decl":{"start":{"line":6,"column":4},"end":{"line":6,"column":5}},"loc":{"start":{"line":6,"column":25},"end":{"line":9,"column":5}},"line":6},"1":{"name":"(anonymous_1)","decl":{"start":{"line":10,"column":4},"end":{"line":10,"column":5}},"loc":{"start":{"line":10,"column":51},"end":{"line":41,"column":5}},"line":10},"2":{"name":"(anonymous_2)","decl":{"start":{"line":42,"column":4},"end":{"line":42,"column":5}},"loc":{"start":{"line":42,"column":38},"end":{"line":62,"column":5}},"line":42},"3":{"name":"(anonymous_3)","decl":{"start":{"line":52,"column":27},"end":{"line":52,"column":28}},"loc":{"start":{"line":52,"column":40},"end":{"line":54,"column":13}},"line":52},"4":{"name":"(anonymous_4)","decl":{"start":{"line":55,"column":27},"end":{"line":55,"column":28}},"loc":{"start":{"line":55,"column":40},"end":{"line":59,"column":13}},"line":55},"5":{"name":"(anonymous_5)","decl":{"start":{"line":63,"column":4},"end":{"line":63,"column":5}},"loc":{"start":{"line":63,"column":36},"end":{"line":83,"column":5}},"line":63},"6":{"name":"(anonymous_6)","decl":{"start":{"line":73,"column":27},"end":{"line":73,"column":28}},"loc":{"start":{"line":73,"column":40},"end":{"line":75,"column":13}},"line":73},"7":{"name":"(anonymous_7)","decl":{"start":{"line":76,"column":27},"end":{"line":76,"column":28}},"loc":{"start":{"line":76,"column":40},"end":{"line":80,"column":13}},"line":76},"8":{"name":"(anonymous_8)","decl":{"start":{"line":84,"column":4},"end":{"line":84,"column":5}},"loc":{"start":{"line":84,"column":20},"end":{"line":102,"column":5}},"line":84},"9":{"name":"(anonymous_9)","decl":{"start":{"line":92,"column":27},"end":{"line":92,"column":28}},"loc":{"start":{"line":92,"column":40},"end":{"line":94,"column":13}},"line":92},"10":{"name":"(anonymous_10)","decl":{"start":{"line":95,"column":33},"end":{"line":95,"column":34}},"loc":{"start":{"line":95,"column":46},"end":{"line":99,"column":13}},"line":95},"11":{"name":"(anonymous_11)","decl":{"start":{"line":103,"column":4},"end":{"line":103,"column":5}},"loc":{"start":{"line":103,"column":39},"end":{"line":130,"column":5}},"line":103},"12":{"name":"(anonymous_12)","decl":{"start":{"line":108,"column":37},"end":{"line":108,"column":38}},"loc":{"start":{"line":108,"column":50},"end":{"line":112,"column":17}},"line":108},"13":{"name":"(anonymous_13)","decl":{"start":{"line":115,"column":37},"end":{"line":115,"column":38}},"loc":{"start":{"line":115,"column":50},"end":{"line":119,"column":17}},"line":115},"14":{"name":"(anonymous_14)","decl":{"start":{"line":122,"column":37},"end":{"line":122,"column":38}},"loc":{"start":{"line":122,"column":50},"end":{"line":126,"column":17}},"line":122},"15":{"name":"(anonymous_15)","decl":{"start":{"line":131,"column":4},"end":{"line":131,"column":5}},"loc":{"start":{"line":131,"column":27},"end":{"line":153,"column":5}},"line":131},"16":{"name":"(anonymous_16)","decl":{"start":{"line":146,"column":33},"end":{"line":146,"column":34}},"loc":{"start":{"line":146,"column":46},"end":{"line":150,"column":13}},"line":146},"17":{"name":"(anonymous_17)","decl":{"start":{"line":154,"column":4},"end":{"line":154,"column":5}},"loc":{"start":{"line":154,"column":42},"end":{"line":161,"column":5}},"line":154},"18":{"name":"(anonymous_18)","decl":{"start":{"line":156,"column":22},"end":{"line":156,"column":23}},"loc":{"start":{"line":156,"column":35},"end":{"line":159,"column":9}},"line":156},"19":{"name":"(anonymous_19)","decl":{"start":{"line":162,"column":4},"end":{"line":162,"column":5}},"loc":{"start":{"line":162,"column":42},"end":{"line":170,"column":5}},"line":162},"20":{"name":"(anonymous_20)","decl":{"start":{"line":164,"column":22},"end":{"line":164,"column":23}},"loc":{"start":{"line":164,"column":35},"end":{"line":168,"column":9}},"line":164},"21":{"name":"(anonymous_21)","decl":{"start":{"line":171,"column":4},"end":{"line":171,"column":5}},"loc":{"start":{"line":171,"column":42},"end":{"line":179,"column":5}},"line":171},"22":{"name":"(anonymous_22)","decl":{"start":{"line":173,"column":22},"end":{"line":173,"column":23}},"loc":{"start":{"line":173,"column":35},"end":{"line":177,"column":9}},"line":173},"23":{"name":"(anonymous_23)","decl":{"start":{"line":180,"column":4},"end":{"line":180,"column":5}},"loc":{"start":{"line":180,"column":42},"end":{"line":189,"column":5}},"line":180},"24":{"name":"(anonymous_24)","decl":{"start":{"line":182,"column":22},"end":{"line":182,"column":23}},"loc":{"start":{"line":182,"column":35},"end":{"line":185,"column":9}},"line":182},"25":{"name":"(anonymous_25)","decl":{"start":{"line":190,"column":4},"end":{"line":190,"column":5}},"loc":{"start":{"line":190,"column":44},"end":{"line":196,"column":5}},"line":190},"26":{"name":"(anonymous_26)","decl":{"start":{"line":192,"column":22},"end":{"line":192,"column":23}},"loc":{"start":{"line":192,"column":35},"end":{"line":194,"column":9}},"line":192},"27":{"name":"(anonymous_27)","decl":{"start":{"line":197,"column":4},"end":{"line":197,"column":5}},"loc":{"start":{"line":197,"column":55},"end":{"line":220,"column":5}},"line":197},"28":{"name":"(anonymous_28)","decl":{"start":{"line":199,"column":42},"end":{"line":199,"column":43}},"loc":{"start":{"line":199,"column":55},"end":{"line":218,"column":9}},"line":199}},"branchMap":{"0":{"loc":{"start":{"line":11,"column":8},"end":{"line":13,"column":9}},"type":"if","locations":[{"start":{"line":11,"column":8},"end":{"line":13,"column":9}},{"start":{"line":11,"column":8},"end":{"line":13,"column":9}}],"line":11},"1":{"loc":{"start":{"line":11,"column":12},"end":{"line":11,"column":51}},"type":"binary-expr","locations":[{"start":{"line":11,"column":12},"end":{"line":11,"column":31}},{"start":{"line":11,"column":35},"end":{"line":11,"column":51}}],"line":11},"2":{"loc":{"start":{"line":14,"column":8},"end":{"line":40,"column":9}},"type":"if","locations":[{"start":{"line":14,"column":8},"end":{"line":40,"column":9}},{"start":{"line":14,"column":8},"end":{"line":40,"column":9}}],"line":14},"3":{"loc":{"start":{"line":15,"column":12},"end":{"line":36,"column":13}},"type":"if","locations":[{"start":{"line":15,"column":12},"end":{"line":36,"column":13}},{"start":{"line":15,"column":12},"end":{"line":36,"column":13}}],"line":15},"4":{"loc":{"start":{"line":15,"column":16},"end":{"line":15,"column":87}},"type":"binary-expr","locations":[{"start":{"line":15,"column":16},"end":{"line":15,"column":44}},{"start":{"line":15,"column":48},"end":{"line":15,"column":87}}],"line":15},"5":{"loc":{"start":{"line":18,"column":16},"end":{"line":20,"column":17}},"type":"if","locations":[{"start":{"line":18,"column":16},"end":{"line":20,"column":17}},{"start":{"line":18,"column":16},"end":{"line":20,"column":17}}],"line":18},"6":{"loc":{"start":{"line":24,"column":17},"end":{"line":36,"column":13}},"type":"if","locations":[{"start":{"line":24,"column":17},"end":{"line":36,"column":13}},{"start":{"line":24,"column":17},"end":{"line":36,"column":13}}],"line":24},"7":{"loc":{"start":{"line":27,"column":16},"end":{"line":29,"column":17}},"type":"if","locations":[{"start":{"line":27,"column":16},"end":{"line":29,"column":17}},{"start":{"line":27,"column":16},"end":{"line":29,"column":17}}],"line":27},"8":{"loc":{"start":{"line":33,"column":17},"end":{"line":36,"column":13}},"type":"if","locations":[{"start":{"line":33,"column":17},"end":{"line":36,"column":13}},{"start":{"line":33,"column":17},"end":{"line":36,"column":13}}],"line":33},"9":{"loc":{"start":{"line":33,"column":21},"end":{"line":33,"column":92}},"type":"binary-expr","locations":[{"start":{"line":33,"column":21},"end":{"line":33,"column":49}},{"start":{"line":33,"column":53},"end":{"line":33,"column":92}}],"line":33},"10":{"loc":{"start":{"line":43,"column":8},"end":{"line":45,"column":9}},"type":"if","locations":[{"start":{"line":43,"column":8},"end":{"line":45,"column":9}},{"start":{"line":43,"column":8},"end":{"line":45,"column":9}}],"line":43},"11":{"loc":{"start":{"line":46,"column":8},"end":{"line":61,"column":9}},"type":"if","locations":[{"start":{"line":46,"column":8},"end":{"line":61,"column":9}},{"start":{"line":46,"column":8},"end":{"line":61,"column":9}}],"line":46},"12":{"loc":{"start":{"line":56,"column":16},"end":{"line":58,"column":17}},"type":"if","locations":[{"start":{"line":56,"column":16},"end":{"line":58,"column":17}},{"start":{"line":56,"column":16},"end":{"line":58,"column":17}}],"line":56},"13":{"loc":{"start":{"line":64,"column":8},"end":{"line":66,"column":9}},"type":"if","locations":[{"start":{"line":64,"column":8},"end":{"line":66,"column":9}},{"start":{"line":64,"column":8},"end":{"line":66,"column":9}}],"line":64},"14":{"loc":{"start":{"line":67,"column":8},"end":{"line":82,"column":9}},"type":"if","locations":[{"start":{"line":67,"column":8},"end":{"line":82,"column":9}},{"start":{"line":67,"column":8},"end":{"line":82,"column":9}}],"line":67},"15":{"loc":{"start":{"line":77,"column":16},"end":{"line":79,"column":17}},"type":"if","locations":[{"start":{"line":77,"column":16},"end":{"line":79,"column":17}},{"start":{"line":77,"column":16},"end":{"line":79,"column":17}}],"line":77},"16":{"loc":{"start":{"line":86,"column":8},"end":{"line":101,"column":9}},"type":"if","locations":[{"start":{"line":86,"column":8},"end":{"line":101,"column":9}},{"start":{"line":86,"column":8},"end":{"line":101,"column":9}}],"line":86},"17":{"loc":{"start":{"lin
[...]
,"165":{"start":{"line":287,"column":20},"end":{"line":287,"column":41}},"166":{"start":{"line":290,"column":20},"end":{"line":290,"column":88}},"167":{"start":{"line":296,"column":0},"end":{"line":296,"column":30}}},"fnMap":{"0":{"name":"(anonymous_0)","decl":{"start":{"line":5,"column":4},"end":{"line":5,"column":5}},"loc":{"start":{"line":5,"column":23},"end":{"line":21,"column":5}},"line":5},"1":{"name":"(anonymous_1)","decl":{"start":{"line":22,"column":4},"end":{"line":22,"column":5}},"loc":{"start":{"line":22,"column":15},"end":{"line":24,"column":5}},"line":22},"2":{"name":"(anonymous_2)","decl":{"start":{"line":25,"column":4},"end":{"line":25,"column":5}},"loc":{"start":{"line":25,"column":28},"end":{"line":72,"column":5}},"line":25},"3":{"name":"(anonymous_3)","decl":{"start":{"line":30,"column":49},"end":{"line":30,"column":50}},"loc":{"start":{"line":30,"column":65},"end":{"line":71,"column":9}},"line":30},"4":{"name":"(anonymous_4)","decl":{"start":{"line":73,"column":4},"end":{"line":73,"column":5}},"loc":{"start":{"line":73,"column":24},"end":{"line":102,"column":5}},"line":73},"5":{"name":"(anonymous_5)","decl":{"start":{"line":103,"column":4},"end":{"line":103,"column":5}},"loc":{"start":{"line":103,"column":20},"end":{"line":128,"column":5}},"line":103},"6":{"name":"(anonymous_6)","decl":{"start":{"line":105,"column":55},"end":{"line":105,"column":56}},"loc":{"start":{"line":105,"column":64},"end":{"line":127,"column":9}},"line":105},"7":{"name":"(anonymous_7)","decl":{"start":{"line":129,"column":4},"end":{"line":129,"column":5}},"loc":{"start":{"line":129,"column":20},"end":{"line":192,"column":5}},"line":129},"8":{"name":"(anonymous_8)","decl":{"start":{"line":132,"column":55},"end":{"line":132,"column":56}},"loc":{"start":{"line":132,"column":70},"end":{"line":191,"column":9}},"line":132},"9":{"name":"(anonymous_9)","decl":{"start":{"line":193,"column":4},"end":{"line":193,"column":5}},"loc":{"start":{"line":193,"column":31},"end":{"line":217,"column":5}},"line":193},"10":{"name":"(anonymous_10)","decl":{"start":{"line":196,"column":49},"end":{"line":196,"column":50}},"loc":{"start":{"line":196,"column":62},"end":{"line":216,"column":9}},"line":196},"11":{"name":"(anonymous_11)","decl":{"start":{"line":218,"column":4},"end":{"line":218,"column":5}},"loc":{"start":{"line":218,"column":37},"end":{"line":264,"column":5}},"line":218},"12":{"name":"(anonymous_12)","decl":{"start":{"line":265,"column":4},"end":{"line":265,"column":5}},"loc":{"start":{"line":265,"column":31},"end":{"line":294,"column":5}},"line":265}},"branchMap":{"0":{"loc":{"start":{"line":32,"column":12},"end":{"line":37,"column":13}},"type":"if","locations":[{"start":{"line":32,"column":12},"end":{"line":37,"column":13}},{"start":{"line":32,"column":12},"end":{"line":37,"column":13}}],"line":32},"1":{"loc":{"start":{"line":38,"column":12},"end":{"line":70,"column":13}},"type":"if","locations":[{"start":{"line":38,"column":12},"end":{"line":70,"column":13}},{"start":{"line":38,"column":12},"end":{"line":70,"column":13}}],"line":38},"2":{"loc":{"start":{"line":38,"column":16},"end":{"line":38,"column":64}},"type":"binary-expr","locations":[{"start":{"line":38,"column":16},"end":{"line":38,"column":35}},{"start":{"line":38,"column":39},"end":{"line":38,"column":64}}],"line":38},"3":{"loc":{"start":{"line":39,"column":16},"end":{"line":44,"column":17}},"type":"if","locations":[{"start":{"line":39,"column":16},"end":{"line":44,"column":17}},{"start":{"line":39,"column":16},"end":{"line":44,"column":17}}],"line":39},"4":{"loc":{"start":{"line":46,"column":17},"end":{"line":70,"column":13}},"type":"if","locations":[{"start":{"line":46,"column":17},"end":{"line":70,"column":13}},{"start":{"line":46,"column":17},"end":{"line":70,"column":13}}],"line":46},"5":{"loc":{"start":{"line":46,"column":21},"end":{"line":46,"column":76}},"type":"binary-expr","locations":[{"start":{"line":46,"column":21},"end":{"line":46,"column":44}},{"start":{"line":46,"column":48},"end":{"line":46,"column":76}}],"line":46},"6":{"loc":{"start":{"line":51,"column":16},"end":{"line":53,"column":17}},"type":"if","locations":[{"start":{"line":51,"column":16},"end":{"line":53,"column":17}},{"start":{"line":51,"column":16},"end":{"line":53,"column":17}}],"line":51},"7":{"loc":{"start":{"line":54,"column":16},"end":{"line":69,"column":17}},"type":"if","locations":[{"start":{"line":54,"column":16},"end":{"line":69,"column":17}},{"start":{"line":54,"column":16},"end":{"line":69,"column":17}}],"line":54},"8":{"loc":{"start":{"line":55,"column":20},"end":{"line":65,"column":21}},"type":"if","locations":[{"start":{"line":55,"column":20},"end":{"line":65,"column":21}},{"start":{"line":55,"column":20},"end":{"line":65,"column":21}}],"line":55},"9":{"loc":{"start":{"line":56,"column":24},"end":{"line":61,"column":25}},"type":"if","locations":[{"start":{"line":56,"column":24},"end":{"line":61,"column":25}},{"start":{"line":56,"column":24},"end":{"line":61,"column":25}}],"line":56},"10":{"loc":{"start":{"line":74,"column":8},"end":{"line":101,"column":9}},"type":"if","locations":[{"start":{"line":74,"column":8},"end":{"line":101,"column":9}},{"start":{"line":74,"column":8},"end":{"line":101,"column":9}}],"line":74},"11":{"loc":{"start":{"line":79,"column":12},"end":{"line":100,"column":13}},"type":"if","locations":[{"start":{"line":79,"column":12},"end":{"line":100,"column":13}},{"start":{"line":79,"column":12},"end":{"line":100,"column":13}}],"line":79},"12":{"loc":{"start":{"line":82,"column":17},"end":{"line":100,"column":13}},"type":"if","locations":[{"start":{"line":82,"column":17},"end":{"line":100,"column":13}},{"start":{"line":82,"column":17},"end":{"line":100,"column":13}}],"line":82},"13":{"loc":{"start":{"line":85,"column":17},"end":{"line":100,"column":13}},"type":"if","locations":[{"start":{"line":85,"column":17},"end":{"line":100,"column":13}},{"start":{"line":85,"column":17},"end":{"line":100,"column":13}}],"line":85},"14":{"loc":{"start":{"line":88,"column":17},"end":{"line":100,"column":13}},"type":"if","locations":[{"start":{"line":88,"column":17},"end":{"line":100,"column":13}},{"start":{"line":88,"column":17},"end":{"line":100,"column":13}}],"line":88},"15":{"loc":{"start":{"line":91,"column":17},"end":{"line":100,"column":13}},"type":"if","locations":[{"start":{"line":91,"column":17},"end":{"line":100,"column":13}},{"start":{"line":91,"column":17},"end":{"line":100,"column":13}}],"line":91},"16":{"loc":{"start":{"line":94,"column":17},"end":{"line":100,"column":13}},"type":"if","locations":[{"start":{"line":94,"column":17},"end":{"line":100,"column":13}},{"start":{"line":94,"column":17},"end":{"line":100,"column":13}}],"line":94},"17":{"loc":{"start":{"line":106,"column":12},"end":{"line":114,"column":13}},"type":"if","locations":[{"start":{"line":106,"column":12},"end":{"line":114,"column":13}},{"start":{"line":106,"column":12},"end":{"line":114,"column":13}}],"line":106},"18":{"loc":{"start":{"line":109,"column":17},"end":{"line":114,"column":13}},"type":"if","locations":[{"start":{"line":109,"column":17},"end":{"line":114,"column":13}},{"start":{"line":109,"column":17},"end":{"line":114,"column":13}}],"line":109},"19":{"loc":{"start":{"line":115,"column":12},"end":{"line":126,"column":13}},"type":"if","locations":[{"start":{"line":115,"column":12},"end":{"line":126,"column":13}},{"start":{"line":115,"column":12},"end":{"line":126,"column":13}}],"line":115},"20":{"loc":{"start":{"line":115,"column":16},"end":{"line":115,"column":46}},"type":"binary-expr","locations":[{"start":{"line":115,"column":16},"end":{"line":115,"column":30}},{"start":{"line":115,"column":34},"end":{"line":115,"column":46}}],"line":115},"21":{"loc":{"start":{"line":120,"column":16},"end":{"line":125,"column":17}},"type":"if","locations":[{"start":{"line":120,"column":16},"end":{"line":125,"column":17}},{"start":{"line":120,"column":16},"end":{"line":125,"column":17}}],"line":120},"22":{"loc":{"start":{"line":133,"column":12},"end":{"line":150,"column":13}},"type":"if","locations":[{"start":{"line":133,"column":12},"end":{"line":150,"column":13}},{"start":{"line":133,"column":12},"end":{"line":150,"column":13}}],"line":133},"23":{"loc":{"start":{"line":136,"column":17},"end":{"line":150,"column":13}},"type":"if","locations":[{"start":{"line":136,"column":17},"end":{"line":150,"column":13}},{"start":{"line":136,"column":17},"end":{"line":150,"column":13}}],"line":136},"24":{"loc":{"start":{"line":141,"column":16},"end":{"line":149,"column":17}},"type":"if","locations":[{"start":{"line":141,"column":16},"end":{"line":149,"column":17}},{"start":{"line":141,"column":16},"end":{"line":149,"column":17}}],"line":141},"25":{"loc":{"start":{"line":144,"column":21},"end":{"line":149,"column":17}},"type":"if","locations":[{"start":{"line":144,"column":21},"end":{"line":149,"column":17}},{"start":{"line":144,"column":21},"end":{"line":149,"column":17}}],"line":144},"26":{"loc":{"start":{"line":151,"column":12},"end":{"line":190,"column":13}},"type":"if","locations":[{"start":{"line":151,"column":12},"end":{"line":190,"column":13}},{"start":{"line":151,"column":12},"end":{"line":190,"column":13}}],"line":151},"27":{"loc":{"start":{"line":158,"column":16},"end":{"line":189,"column":17}},"type":"if","locations":[{"start":{"line":158,"column":16},"end":{"line":189,"column":17}},{"start":{"line":158,"column":16},"end":{"line":189,"column":17}}],"line":158},"28":{"loc":{"start":{"line":161,"column":21},"end":{"line":189,"column":17}},"type":"if","locations":[{"start":{"line":161,"column":21},"end":{"line":189,"column":17}},{"start":{"line":161,"column":21},"end":{"line":189,"column":17}}],"line":161},"29":{"loc":{"start":{"line":165,"column":20},"end":{"line":176,"column":21}},"type":"if","locations":[{"start":{"line":165,"column":20},"end":{"line":176,"column":21}},{"start":{"line":165,"column":20},"end":{"line":176,"column":21}}],"line":165},"30":{"loc":{"start":{"line":168,"column":24},"end":{"line":175,"column":25}},"type":"if","locations":[{"start":{"line":168,"column":24},"end":{"line":175,"column":25}},{"start":{"line":168,"column":24},"end":{"line":175,"column":25}}],"line":168},"31":{"loc":{"start":{"line":169,"column":28},"end":{"line":171,"column":29}},"type":"if","locations":[{"start":{"line":169,"column":28},"end":{"line":171,"column":29}},{"start":{"line":169,"column":28},"end":{"line":171,"column":29}}],"line":169},"32":{"loc":{"start":{"line":173,"column":29},"end":{"line":175,"column":25}},"type":"if","locations":[{"start":{"line":173,"column":29},"end":{"line":175,"column":25}},{"start":{"line":173,"column":29},"end":{"line":175,"column":25}}],"line":173},"33":{"loc":{"start":{"line":177,"column":20},"end":{"line":188,"column":21}},"type":"if","locations":[{"start":{"line":177,"column":20},"end":{"line":188,"column":21}},{"start":{"line":177,"column":20},"end":{"line":188,"column":21}}],"line":177},"34":{"loc":{"start":{"line":180,"column":24},"end":{"line":187,"column":25}},"type":"if","locations":[{"start":{"line":180,"column":24},"end":{"line":187,"column":25}},{"start":{"line":180,"column":24},"end":{"line":187,"column":25}}],"line":180},"35":{"loc":{"start":{"line":181,"column":28},"end":{"line":183,"column":29}},"type":"if","locations":[{"start":{"line":181,"column":28},"end":{"line":183,"column":29}},{"start":{"line":181,"column":28},"end":{"line":183,"column":29}}],"line":181},"36":{"loc":{"start":{"line":185,"column":29},"end":{"line":187,"column":25}},"type":"if","locations":[{"start":{"line":185,"column":29},"end":{"line":187,"column":25}},{"start":{"line":185,"column":29},"end":{"line":187,"column":25}}],"line":185},"37":{"loc":{"start":{"line":198,"column":12},"end":{"line":203,"column":13}},"type":"if","locations":[{"start":{"line":198,"column":12},"end":{"line":203,"column":13}},{"start":{"line":198,"column":12},"end":{"line":203,"column":13}}],"line":198},"38":{"loc":{"start":{"line":204,"column":12},"end":{"line":215,"column":13}},"type":"if","locations":[{"start":{"line":204,"column":12},"end":{"line":215,"column":13}},{"start":{"line":204,"column":12},"end":{"line":215,"column":13}}],"line":204},"39":{"loc":{"start":{"line":204,"column":16},"end":{"line":204,"column":68}},"type":"binary-expr","locations":[{"start":{"line":204,"column":16},"end":{"line":204,"column":39}},{"start":{"line":204,"column":43},"end":{"line":204,"column":68}}],"line":204},"40":{"loc":{"start":{"line":209,"column":16},"end":{"line":214,"column":17}},"type":"if","locations":[{"start":{"line":209,"column":16},"end":{"line":214,"column":17}},{"start":{"line":209,"column":16},"end":{"line":214,"column":17}}],"line":209},"41":{"loc":{"start":{"line":222,"column":8},"end":{"line":255,"column":9}},"type":"if","locations":[{"start":{"line":222,"column":8},"end":{"line":255,"column":9}},{"start":{"line":222,"column":8},"end":{"line":255,"column":9}}],"line":222},"42":{"loc":{"start":{"line":223,"column":12},"end":{"line":240,"column":13}},"type":"if","locations":[{"start":{"line":223,"column":12},"end":{"line":240,"column":13}},{"start":{"line":223,"column":12},"end":{"line":240,"column":13}}],"line":223},"43":{"loc":{"start":{"line":223,"column":16},"end":{"line":223,"column":55}},"type":"binary-expr","locations":[{"start":{"line":223,"column":16},"end":{"line":223,"column":30}},{"start":{"line":223,"column":34},"end":{"line":223,"column":55}}],"line":223},"44":{"loc":{"start":{"line":225,"column":16},"end":{"line":235,"column":17}},"type":"if","locations":[{"start":{"line":225,"column":16},"end":{"line":235,"column":17}},{"start":{"line":225,"column":16},"end":{"line":235,"column":17}}],"line":225},"45":{"loc":{"start":{"line":226,"column":20},"end":{"line":234,"column":21}},"type":"if","locations":[{"start":{"line":226,"column":20},"end":{"line":234,"column":21}},{"start":{"line":226,"column":20},"end":{"line":234,"column":21}}],"line":226},"46":{"loc":{"start":{"line":226,"column":24},"end":{"line":226,"column":63}},"type":"binary-expr","locations":[{"start":{"line":226,"column":24},"end":{"line":226,"column":38}},{"start":{"line":226,"column":42},"end":{"line":226,"column":63}}],"line":226},"47":{"loc":{"start":{"line":227,"column":24},"end":{"line":229,"column":25}},"type":"if","locations":[{"start":{"line":227,"column":24},"end":{"line":229,"column":25}},{"start":{"line":227,"column":24},"end":{"line":229,"column":25}}],"line":227},"48":{"loc":{"start":{"line":244,"column":12},"end":{"line":254,"column":13}},"type":"if","locations":[{"start":{"line":244,"column":12},"end":{"line":254,"column":13}},{"start":{"line":244,"column":12},"end":{"line":254,"column":13}}],"line":244},"49":{"loc":{"start":{"line":245,"column":16},"end":{"line":253,"column":17}},"type":"if","locations":[{"start":{"line":245,"column":16},"end":{"line":253,"column":17}},{"start":{"line":245,"column":16},"end":{"line":253,"column":17}}],"line":245},"50":{"loc":{"start":{"line":245,"column":20},"end":{"line":245,"column":59}},"type":"binary-expr","locations":[{"start":{"line":245,"column":20},"end":{"line":245,"column":34}},{"start":{"line":245,"column":38},"end":{"line":245,"column":59}}],"line":245},"51":{"loc":{"start":{"line":246,"column":20},"end":{"line":248,"column":21}},"type":"if","locations":[{"start":{"line":246,"column":20},"end":{"line":248,"column":21}},{"start":{"line":246,"column":20},"end":{"line":248,"column":21}}],"line":246},"52":{"loc":{"start":{"line":256,"column":8},"end":{"line":261,"column":9}},"type":"if","locations":[{"start":{"line":256,"column":8},"end":{"line":261,"column":9}},{"start":{"line":256,"column":8},"end":{"line":261,"column":9}}],"line":256},"53":{"loc":{"start":{"line":256,"column":12},"end":{"line":256,"column":58}},"type":"binary-expr","locations":[{"start":{"line":256,"column":12},"end":{"line":256,"column":31}},{"start":{"line":256,"column":35},"end":{"line":256,"column":58}}],"line":256},"54":{"loc":{"start":{"line":259,"column":13},"end":{"line":261,"column":9}},"type":"if","locations":[{"start":{"line":259,"column":13},"end":{"line":261,"column":9}},{"start":{"line":259,"column":13},"end":{"line":261,"column":9}}],"line":259},"55":{"loc":{"start":{"line":259,"column":17},"end":{"line":259,"column":62}},"type":"binary-expr","locations":[{"start":{"line":259,"column":17},"end":{"line":259,"column":36}},{"start":{"line":259,"column":40},"end":{"line":259,"column":62}}],"line":259},"56":{"loc":{"start":{"line":267,"column":8},"end":{"line":293,"column":9}},"type":"if","locations":[{"start":{"line":267,"column":8},"end":{"line":293,"column":9}},{"start":{"line":267,"column":8},"end":{"line":293,"column":9}}],"line":267},"57":{"loc":{"start":{"line":270,"column":13},"end":{"line":293,"column":9}},"type":"if","locations":[{"start":{"line":270,"column":13},"end":{"line":293,"column":9}},{"start":{"line":270,"column":13},"end":{"line":293,"column":9}}],"line":270},"58":{"loc":{"start":{"line":275,"column":12},"end":{"line":292,"column":13}},"type":"if","locations":[{"start":{"line":275,"column":12},"end":{"line":292,"column":13}},{"start":{"line":275,"column":12},"end":{"line":292,"column":13}}],"line":275},"59":{"loc":{"start":{"line":279,"column":16},"end":{"line":291,"column":17}},"type":"if","locations":[{"start":{"line":279,"column":16},"end":{"line":291,"column":17}},{"start":{"line":279,"column":16},"end":{"line":291,"column":17}}],"line":279},"60":{"loc":{"start":{"line":284,"column":21},"end":{"line":291,"column":17}},"type":"if","locations":[{"start":{"line":284,"column":21},"end":{"line":291,"column":17}},{"start":{"line":284,"column":21},"end":{"line":291,"column":17}}],"line":284}},"s":{"0":1,"1":1,"2":46,"3":46,"4":46,"5":46,"6":46,"7":46,"8":46,"9":46,"10":46,"11":46,"12":46,"13":46,"14":46,"15":46,"16":46,"17":0,"18":23,"19":23,"20":23,"21":19,"22":19,"23":48,"24":48,"25":24,"26":24,"27":48,"28":25,"29":25,"30":0,"31":23,"32":0,"33":23,"34":23,"35":0,"36":23,"37":0,"38":0,"39":0,"40":0,"41":0,"42":23,"43":23,"44":0,"45":23,"46":23,"47":0,"48":23,"49":0,"50":23,"51":0,"52":23,"53":0,"54":23,"55":0,"56":23,"57":0,"58":23,"59":23,"60":23,"61":23,"62":45,"63":0,"64":45,"65":21,"66":24,"67":45,"68":0,"69":45,"70":45,"71":0,"72":45,"73":23,"74":23,"75":35,"76":0,"77":35,"78":0,"79":35,"80":35,"81":1,"82":34,"83":3,"84":31,"85":31,"86":0,"87":0,"88":31,"89":31,"90":31,"91":0,"92":31,"93":0,"94":31,"95":12,"96":12,"97":12,"98":8,"99":0,"100":4,"101":0,"102":31,"103":19,"104":19,"105":19,"106":11,"107":0,"108":8,"109":0,"110":23,"111":23,"112":23,"113":101,"114":101,"115":101,"116":0,"117":101,"118":0,"119":101,"120":101,"121":0,"122":101,"123":46,"124":46,"125":46,"126":46,"127":30,"128":0,"129":0,"130":0,"131":0,"132":0,"133":0,"134":0,"135":30,"136":30,"137":16,"138":16,"139":9,"140":0,"141":0,"142":9,"143":9,"144":46,"145":0,"146":46,"147":7,"148":46,"149":46,"150":7,"151":7,"152":0,"153":7,"154":0,"155":7,"156":7,"157":0,"158":7,"159":1,"160":1,"161":1,"162":6,"163":6,"164":6,"165":6,"166":0,"167":1},"f":{"0":46,"1":0,"2":23,"3":48,"4":23,"5":23,"6":45,"7":23,"8":35,"9":23,"10":101,"11":46,"12":7},"b":{"0":[24,24],"1":[25,23],"2":[48,25],"3":[25,0],"4":[0,23],"5":[23,23],"6":[0,23],"7":[0,23],"8":[0,0],"9":[0,0],"10":[0,23],"11":[0,23],"12":[0,23],"13":[0,23],"14":[0,23],"15":[0,23],"16":[0,23],"17":[0,45],"18":[21,24],"19":[0,45],"20":[45,45],"21":[0,45],"22":[0,35],"23":[0,35],"24":[1,34],"25":[3,31],"26":[0,31],"27":[0,31],"28":[0,31],"29":[12,19],"30":[8,4],"31":[0,8],"32":[0,4],"33":[19,12],"34":[11,8],"35":[0,11],"36":[0,8],"37":[101,0],"38":[0,101],"39":[101,101],"40":[0,101],"41":[30,16],"42":[0,30],"43":[30,30],"44":[0,0],"45":[0,0],"46":[0,0],"47":[0,0],"48":[9,7],"49":[0,9],"50":[9,9],"51":[0,0],"52":[0,46],"53":[46,7],"54":[7,39],"55":[46,7],"56":[0,7],"57":[0,7],"58":[0,7],"59":[1,6],"60":[6,0]},"_coverageSchema":"332fd63041d2c1bcb487cc26dd0d5f7d97098a6c","hash":"26ab8baf4e9a7edf162d7f24b60c6fa97fd48d07","contentHash":"b1619ea8a347858cf3f0fa714784894c_11.3.0"}}