{"/Users/mac/vscodeprojects/project_b0o2b_m4j2b/src/controller/IInsightFacade.js":{"path":"/Users/mac/vscodeprojects/project_b0o2b_m4j2b/src/controller/IInsightFacade.js","statementMap":{"0":{"start":{"line":2,"column":0},"end":{"line":2,"column":62}},"1":{"start":{"line":4,"column":0},"end":{"line":7,"column":89}},"2":{"start":{"line":5,"column":4},"end":{"line":5,"column":46}},"3":{"start":{"line":6,"column":4},"end":{"line":6,"column":42}},"4":{"start":{"line":10,"column":8},"end":{"line":10,"column":23}},"5":{"start":{"line":11,"column":8},"end":{"line":11,"column":52}},"6":{"start":{"line":14,"column":0},"end":{"line":14,"column":36}},"7":{"start":{"line":17,"column":8},"end":{"line":17,"column":23}},"8":{"start":{"line":18,"column":8},"end":{"line":18,"column":53}},"9":{"start":{"line":21,"column":0},"end":{"line":21,"column":38}},"10":{"start":{"line":24,"column":8},"end":{"line":24,"column":23}},"11":{"start":{"line":25,"column":8},"end":{"line":25,"column":59}},"12":{"start":{"line":28,"column":0},"end":{"line":28,"column":50}}},"fnMap":{"0":{"name":"(anonymous_0)","decl":{"start":{"line":4,"column":1},"end":{"line":4,"column":2}},"loc":{"start":{"line":4,"column":31},"end":{"line":7,"column":1}},"line":4},"1":{"name":"(anonymous_1)","decl":{"start":{"line":9,"column":4},"end":{"line":9,"column":5}},"loc":{"start":{"line":9,"column":25},"end":{"line":12,"column":5}},"line":9},"2":{"name":"(anonymous_2)","decl":{"start":{"line":16,"column":4},"end":{"line":16,"column":5}},"loc":{"start":{"line":16,"column":25},"end":{"line":19,"column":5}},"line":16},"3":{"name":"(anonymous_3)","decl":{"start":{"line":23,"column":4},"end":{"line":23,"column":5}},"loc":{"start":{"line":23,"column":25},"end":{"line":26,"column":5}},"line":23}},"branchMap":{"0":{"loc":{"start":{"line":7,"column":24},"end":{"line":7,"column":87}},"type":"binary-expr","locations":[{"start":{"line":7,"column":24},"end":{"line":7,"column":50}},{"start":{"line":7,"column":55},"end":{"line":7,"column":86}}],"line":7}},"s":{"0":1,"1":1,"2":1,"3":1,"4":280,"5":280,"6":1,"7":3,"8":3,"9":1,"10":18,"11":18,"12":1},"f":{"0":1,"1":280,"2":3,"3":18},"b":{"0":[1,1]},"_coverageSchema":"332fd63041d2c1bcb487cc26dd0d5f7d97098a6c","hash":"1ac3500a6c6a0d5eb76e1466ee7d5e3c03bcf087","contentHash":"52e1fe98f15965af6cd724e5a3346279_11.3.0"},"/Users/mac/vscodeprojects/project_b0o2b_m4j2b/src/controller/InsightFacade.js":{"path":"/Users/mac/vscodeprojects/project_b0o2b_m4j2b/src/controller/InsightFacade.js","statementMap":{"0":{"start":{"line":2,"column":16},"end":{"line":9,"column":1}},"1":{"start":{"line":3,"column":4},"end":{"line":8,"column":7}},"2":{"start":{"line":4,"column":36},"end":{"line":4,"column":97}},"3":{"start":{"line":4,"column":42},"end":{"line":4,"column":70}},"4":{"start":{"line":4,"column":85},"end":{"line":4,"column":95}},"5":{"start":{"line":5,"column":35},"end":{"line":5,"column":100}},"6":{"start":{"line":5,"column":41},"end":{"line":5,"column":73}},"7":{"start":{"line":5,"column":88},"end":{"line":5,"column":98}},"8":{"start":{"line":6,"column":32},"end":{"line":6,"column":149}},"9":{"start":{"line":6,"column":97},"end":{"line":6,"column":119}},"10":{"start":{"line":7,"column":8},"end":{"line":7,"column":78}},"11":{"start":{"line":10,"column":0},"end":{"line":10,"column":62}},"12":{"start":{"line":11,"column":15},"end":{"line":11,"column":33}},"13":{"start":{"line":12,"column":25},"end":{"line":12,"column":52}},"14":{"start":{"line":13,"column":25},"end":{"line":13,"column":52}},"15":{"start":{"line":14,"column":22},"end":{"line":14,"column":46}},"16":{"start":{"line":15,"column":14},"end":{"line":15,"column":30}},"17":{"start":{"line":16,"column":27},"end":{"line":16,"column":56}},"18":{"start":{"line":17,"column":15},"end":{"line":17,"column":32}},"19":{"start":{"line":18,"column":25},"end":{"line":18,"column":52}},"20":{"start":{"line":21,"column":8},"end":{"line":21,"column":31}},"21":{"start":{"line":22,"column":8},"end":{"line":22,"column":32}},"22":{"start":{"line":23,"column":8},"end":{"line":35,"column":11}},"23":{"start":{"line":23,"column":100},"end":{"line":35,"column":10}},"24":{"start":{"line":24,"column":12},"end":{"line":24,"column":122}},"25":{"start":{"line":25,"column":12},"end":{"line":34,"column":13}},"26":{"start":{"line":26,"column":16},"end":{"line":26,"column":89}},"27":{"start":{"line":29,"column":16},"end":{"line":31,"column":17}},"28":{"start":{"line":30,"column":20},"end":{"line":30,"column":49}},"29":{"start":{"line":32,"column":16},"end":{"line":32,"column":67}},"30":{"start":{"line":33,"column":16},"end":{"line":33,"column":77}},"31":{"start":{"line":36,"column":8},"end":{"line":36,"column":58}},"32":{"start":{"line":39,"column":37},"end":{"line":39,"column":39}},"33":{"start":{"line":40,"column":28},"end":{"line":40,"column":117}},"34":{"start":{"line":41,"column":26},"end":{"line":41,"column":28}},"35":{"start":{"line":42,"column":8},"end":{"line":42,"column":65}},"36":{"start":{"line":43,"column":8},"end":{"line":45,"column":9}},"37":{"start":{"line":44,"column":12},"end":{"line":44,"column":77}},"38":{"start":{"line":46,"column":8},"end":{"line":68,"column":11}},"39":{"start":{"line":47,"column":26},"end":{"line":47,"column":28}},"40":{"start":{"line":48,"column":12},"end":{"line":50,"column":15}},"41":{"start":{"line":49,"column":16},"end":{"line":49,"column":102}},"42":{"start":{"line":51,"column":12},"end":{"line":53,"column":13}},"43":{"start":{"line":52,"column":16},"end":{"line":52,"column":73}},"44":{"start":{"line":54,"column":12},"end":{"line":54,"column":38}},"45":{"start":{"line":57,"column":12},"end":{"line":57,"column":105}},"46":{"start":{"line":59,"column":12},"end":{"line":59,"column":56}},"47":{"start":{"line":62,"column":12},"end":{"line":64,"column":13}},"48":{"start":{"line":63,"column":16},"end":{"line":63,"column":61}},"49":{"start":{"line":65,"column":12},"end":{"line":65,"column":23}},"50":{"start":{"line":67,"column":12},"end":{"line":67,"column":23}},"51":{"start":{"line":71,"column":8},"end":{"line":73,"column":9}},"52":{"start":{"line":72,"column":12},"end":{"line":72,"column":66}},"53":{"start":{"line":74,"column":8},"end":{"line":94,"column":9}},"54":{"start":{"line":75,"column":12},"end":{"line":75,"column":77}},"55":{"start":{"line":78,"column":12},"end":{"line":93,"column":13}},"56":{"start":{"line":79,"column":16},"end":{"line":84,"column":17}},"57":{"start":{"line":80,"column":20},"end":{"line":80,"column":57}},"58":{"start":{"line":82,"column":21},"end":{"line":84,"column":17}},"59":{"start":{"line":83,"column":20},"end":{"line":83,"column":55}},"60":{"start":{"line":85,"column":16},"end":{"line":85,"column":81}},"61":{"start":{"line":85,"column":71},"end":{"line":85,"column":79}},"62":{"start":{"line":86,"column":16},"end":{"line":86,"column":43}},"63":{"start":{"line":89,"column":16},"end":{"line":91,"column":17}},"64":{"start":{"line":90,"column":20},"end":{"line":90,"column":65}},"65":{"start":{"line":92,"column":16},"end":{"line":92,"column":27}},"66":{"start":{"line":97,"column":27},"end":{"line":97,"column":29}},"67":{"start":{"line":98,"column":8},"end":{"line":109,"column":11}},"68":{"start":{"line":99,"column":27},"end":{"line":99,"column":69}},"69":{"start":{"line":100,"column":12},"end":{"line":108,"column":15}},"70":{"start":{"line":101,"column":28},"end":{"line":101,"column":68}},"71":{"start":{"line":102,"column":32},"end":{"line":106,"column":17}},"72":{"start":{"line":107,"column":16},"end":{"line":107,"column":41}},"73":{"start":{"line":110,"column":8},"end":{"line":110,"column":43}},"74":{"start":{"line":113,"column":21},"end":{"line":113,"column":25}},"75":{"start":{"line":114,"column":26},"end":{"line":114,"column":28}},"76":{"start":{"line":115,"column":8},"end":{"line":136,"column":11}},"77":{"start":{"line":116,"column":12},"end":{"line":134,"column":13}},"78":{"start":{"line":117,"column":37},"end":{"line":117,"column":67}},"79":{"start":{"line":118,"column":31},"end":{"line":118,"column":66}},"80":{"start":{"line":119,"column":29},"end":{"line":119,"column":80}},"81":{"start":{"line":120,"column":16},"end":{"line":125,"column":17}},"82":{"start":{"line":121,"column":20},"end":{"line":121,"column":91}},"83":{"start":{"line":124,"column":20},"end":{"line":124,"column":89}},"84":{"start":{"line":128,"column":16},"end":{"line":133,"column":17}},"85":{"start":{"line":129,"column":20},"end":{"line":129,"column":34}},"86":{"start":{"line":132,"column":20},"end":{"line":132,"column":69}},"87":{"start":{"line":135,"column":12},"end":{"line":135,"column":33}},"88":{"start":{"line":139,"column":0},"end":{"line":139,"column":32}}},"fnMap":{"0":{"name":"(anonymous_0)","decl":{"start":{"line":2,"column":44},"end":{"line":2,"column":45}},"loc":{"start":{"line":2,"column":89},"end":{"line":9,"column":1}},"line":2},"1":{"name":"(anonymous_1)","decl":{"start":{"line":3,"column":36},"end":{"line":3,"column":37}},"loc":{"start":{"line":3,"column":63},"end":{"line":8,"column":5}},"line":3},"2":{"name":"fulfilled","decl":{"start":{"line":4,"column":17},"end":{"line":4,"column":26}},"loc":{"start":{"line":4,"column":34},"end":{"line":4,"column":99}},"line":4},"3":{"name":"rejected","decl":{"start":{"line":5,"column":17},"end":{"line":5,"column":25}},"loc":{"start":{"line":5,"column":33},"end":{"line":5,"column":102}},"line":5},"4":{"name":"step","decl":{"start":{"line":6,"column":17},"end":{"line":6,"column":21}},"loc":{"start":{"line":6,"column":30},"end":{"line":6,"column":151}},"line":6},"5":{"name":"(anonymous_5)","decl":{"start":{"line":6,"column":76},"end":{"line":6,"column":77}},"loc":{"start":{"line":6,"column":95},"end":{"line":6,"column":121}},"line":6},"6":{"name":"(anonymous_6)","decl":{"start":{"line":20,"column":4},"end":{"line":20,"column":5}},"loc":{"start":{"line":20,"column":18},"end":{"line":37,"column":5}},"line":20},"7":{"name":"(anonymous_7)","decl":{"start":{"line":23,"column":33},"end":{"line":23,"column":34}},"loc":{"start":{"line":23,"column":100},"end":{"line":35,"column":10}},"line":23},"8":{"name":"(anonymous_8)","decl":{"start":{"line":23,"column":132},"end":{"line":23,"column":133}},"loc":{"start":{"line":23,"column":145},"end":{"line":35,"column":9}},"line":23},"9":{"name":"(anonymous_9)","decl":{"start":{"line":38,"column":4},"end":{"line":38,"column":5}},"loc":{"start":{"line":38,"column":34},"end":{"line":69,"column":5}},"line":38},"10":{"name":"(anonymous_10)","decl":{"start":{"line":46,"column":63},"end":{"line":46,"column":64}},"loc":{"start":{"line":46,"column":72},"end":{"line":55,"column":9}},"line":46},"11":{"name":"(anonymous_11)","decl":{"start":{"line":48,"column":24},"end":{"line":48,"column":25}},"loc":{"start":{"line":48,"column":42},"end":{"line":50,"column":13}},"line":48},"12":{"name":"(anonymous_12)","decl":{"start":{"line":56,"column":18},"end":{"line":56,"column":19}},"loc":{"start":{"line":56,"column":29},"end":{"line":58,"column":9}},"line":56},"13":{"name":"(anonymous_13)","decl":{"start":{"line":58,"column":16},"end":{"line":58,"column":17}},"loc":{"start":{"line":58,"column":22},"end":{"line":60,"column":9}},"line":58},"14":{"name":"(anonymous_14)","decl":{"start":{"line":61,"column":19},"end":{"line":61,"column":20}},"loc":{"start":{"line":61,"column":28},"end":{"line":66,"column":9}},"line":61},"15":{"name":"(anonymous_15)","decl":{"start":{"line":66,"column":17},"end":{"line":66,"column":18}},"loc":{"start":{"line":66,"column":26},"end":{"line":68,"column":9}},"line":66},"16":{"name":"(anonymous_16)","decl":{"start":{"line":70,"column":4},"end":{"line":70,"column":5}},"loc":{"start":{"line":70,"column":22},"end":{"line":95,"column":5}},"line":70},"17":{"name":"(anonymous_17)","decl":{"start":{"line":85,"column":63},"end":{"line":85,"column":64}},"loc":{"start":{"line":85,"column":71},"end":{"line":85,"column":79}},"line":85},"18":{"name":"(anonymous_18)","decl":{"start":{"line":96,"column":4},"end":{"line":96,"column":5}},"loc":{"start":{"line":96,"column":19},"end":{"line":111,"column":5}},"line":96},"19":{"name":"(anonymous_19)","decl":{"start":{"line":98,"column":47},"end":{"line":98,"column":48}},"loc":{"start":{"line":98,"column":61},"end":{"line":109,"column":9}},"line":98},"20":{"name":"(anonymous_20)","decl":{"start":{"line":100,"column":27},"end":{"line":100,"column":28}},"loc":{"start":{"line":100,"column":35},"end":{"line":108,"column":13}},"line":100},"21":{"name":"(anonymous_21)","decl":{"start":{"line":112,"column":4},"end":{"line":112,"column":5}},"loc":{"start":{"line":112,"column":24},"end":{"line":137,"column":5}},"line":112},"22":{"name":"(anonymous_22)","decl":{"start":{"line":115,"column":27},"end":{"line":115,"column":28}},"loc":{"start":{"line":115,"column":54},"end":{"line":136,"column":9}},"line":115}},"branchMap":{"0":{"loc":{"start":{"line":2,"column":16},"end":{"line":9,"column":1}},"type":"binary-expr","locations":[{"start":{"line":2,"column":17},"end":{"line":2,"column":21}},{"start":{"line":2,"column":25},"end":{"line":2,"column":39}},{"start":{"line":2,"column":44},"end":{"line":9,"column":1}}],"line":2},"1":{"loc":{"start":{"line":3,"column":16},"end":{"line":3,"column":34}},"type":"binary-expr","locations":[{"start":{"line":3,"column":16},"end":{"line":3,"column":17}},{"start":{"line":3,"column":22},"end":{"line":3,"column":33}}],"line":3},"2":{"loc":{"start":{"line":6,"column":32},"end":{"line":6,"column":148}},"type":"cond-expr","locations":[{"start":{"line":6,"column":46},"end":{"line":6,"column":67}},{"start":{"line":6,"column":70},"end":{"line":6,"column":148}}],"line":6},"3":{"loc":{"start":{"line":7,"column":51},"end":{"line":7,"column":67}},"type":"binary-expr","locations":[{"start":{"line":7,"column":51},"end":{"line":7,"column":61}},{"start":{"line":7,"column":65},"end":{"line":7,"column":67}}],"line":7},"4":{"loc":{"start":{"line":25,"column":12},"end":{"line":34,"column":13}},"type":"if","locations":[{"start":{"line":25,"column":12},"end":{"line":34,"column":13}},{"start":{"line":25,"column":12},"end":{"line":34,"column":13}}],"line":25},"5":{"loc":{"start":{"line":29,"column":16},"end":{"line":31,"column":17}},"type":"if","locations":[{"start":{"line":29,"column":16},"end":{"line":31,"column":17}},{"start":{"line":29,"column":16},"end":{"line":31,"column":17}}],"line":29},"6":{"loc":{"start":{"line":43,"column":8},"end":{"line":45,"column":9}},"type":"if","locations":[{"start":{"line":43,"column":8},"end":{"line":45,"column":9}},{"start":{"line":43,"column":8},"end":{"line":45,"column":9}}],"line":43},"7":{"loc":{"start":{"line":43,"column":12},"end":{"line":43,"column":87}},"type":"binary-expr","locations":[{"start":{"line":43,"column":12},"end":{"line":43,"column":29}},{"start":{"line":43,"column":33},"end":{"line":43,"column":56}},{"start":{"line":43,"column":60},"end":{"line":43,"column":87}}],"line":43},"8":{"loc":{"start":{"line":51,"column":12},"end":{"line":53,"column":13}},"type":"if","locations":[{"start":{"line":51,"column":12},"end":{"line":53,"column":13}},{"start":{"line":51,"column":12},"end":{"line":53,"column":13}}],"line":51},"9":{"loc":{"start":{"line":62,"column":12},"end":{"line":64,"column":13}},"type":"if","locations":[{"start":{"line":62,"column":12},"end":{"line":64,"column":13}},{"start":{"line":62,"column":12},"end":{"line":64,"column":13}}],"line":62},"10":{"loc":{"start":{"line":71,"column":8},"end":{"line":73,"column":9}},"type":"if","locations":[{"start":{"line":71,"column":8},"end":{"line":73,"column":9}},{"start":{"line":71,"column":8},"end":{"line":73,"column":9}}],"line":71},"11":{"loc":{"start":{"line":74,"column":8},"end":{"line":94,"column":9}},"type":"if","locations":[{"start":{"line":74,"column":8},"end":{"line":94,"column":9}},{"start":{"line":74,"column":8},"end":{"line":94,"column":9}}],"line":74},"12":{"loc":{"start":{"line":74,"column":12},"end":{"line":74,"column":192}},"type":"binary-expr","locations":[{"start":{"line":74,"column":13},"end":{"line":74,"column":39}},{"start":{"line":74,"column":43},"end":{"line":74,"column":68}},{"start":{"line":74,"column":72},"end":{"line":74,"column":102}},{"start":{"line":74,"column":108},"end":{"line":74,"column":132}},{"start":{"line":74,"column":136},"end":{"line":74,"column":159}},{"start":{"line":74,"column":163},"end":{"line":74,"column":191}}],"line":74},"13":{"loc":{"start":{"line":79,"column":16},"end":{"line":84,"column":17}},"type":"if","locations":[{"start":{"line":79,"column":16},"end":{"line":84,"column":17}},{"start":{"line":79,"column":16},"end":{"line":84,"column":17}}],"line":79},"14":{"loc":{"start":{"line":79,"column":20},"end":{"line":79,"column":78}},"type":"binary-expr","locations":[{"start":{"line":79,"column":20},"end":{"line":79,"column":45}},{"start":{"line":79,"column":49},"end":{"line":79,"column":78}}],"line":79},"15":{"loc":{"start":{"line":82,"column":21},"end":{"line":84,"column":17}},"type":"if","locations":[{"start":{"line":82,"column":21},"end":{"line":84,"column":17}},{"start":{"line":82,"column":21},"end":{"line":84,"column":17}}],"line":82},"16":{"loc":{"start":{"line":82,"column":25},"end":{"line":82,"column":79}},"type":"binary-expr","locations":[{"start":{"line":82,"column":25},"end":{"line":82,"column":48}},{"start":{"line":82,"column":52},"end":{"line":82,"column":79}}],"line":82},"17":{"loc":{"start":{"line":89,"column":16},"end":{"line":91,"column":17}},"type":"if","locations":[{"start":{"line":89,"column":16},"end":{"line":91,"column":17}},{"start":{"line":89,"column":16},"end":{"line":91,"column":17}}],"line":89},"18":{"loc":{"start":{"line":104,"column":28},"end":{"line":104,"column":142}},"type":"cond-expr","locations":[{"start":{"line":104,"column":55},"end":{"line":104,"column":98}},{"start":{"line":104,"column":101},"end":{"line":104,"column":142}}],"line":104},"19":{"loc":{"start":{"line":120,"column":16},"end":{"line":125,"column":17}},"type":"if","locations":[{"start":{"line":120,"column":16},"end":{"line":125,"column":17}},{"start":{"line":120,"column":16},"end":{"line":125,"column":17}}],"line":120},"20":{"loc":{"start":{"line":128,"column":16},"end":{"line":133,"column":17}},"type":"if","locations":[{"start":{"line":128,"column":16},"end":{"line":133,"column":17}},{"start":{"line":128,"column":16},"end":{"line":133,"column":17}}],"line":128},"21":{"loc":{"start":{"line":128,"column":20},"end":{"line":128,"column":123}},"type":"binary-expr","locations":[{"start":{"line":128,"column":20},"end":{"line":128,"column":66}},{"start":{"line":128,"column":70},"end":{"line":128,"column":123}}],"line":128}},"s":{"0":1,"1":19,"2":18,"3":18,"4":2,"5":1,"6":1,"7":1,"8":35,"9":19,"10":19,"11":1,"12":1,"13":1,"14":1,"15":1,"16":1,"17":1,"18":1,"19":1,"20":22,"21":22,"22":22,"23":19,"24":19,"25":18,"26":2,"27":16,"28":12,"29":16,"30":16,"31":22,"32":26,"33":26,"34":26,"35":26,"36":21,"37":1,"38":20,"39":19,"40":19,"41":42018,"42":19,"43":0,"44":19,"45":19,"46":16,"47":4,"48":2,"49":2,"50":2,"51":6,"52":0,"53":6,"54":3,"55":3,"56":3,"57":2,"58":1,"59":1,"60":3,"61":0,"62":3,"63":0,"64":0,"65":0,"66":2,"67":2,"68":1,"69":1,"70":2,"71":2,"72":2,"73":2,"74":561,"75":561,"76":561,"77":561,"78":561,"79":561,"80":435,"81":435,"82":403,"83":32,"84":288,"85":282,"86":6,"87":561,"88":1},"f":{"0":19,"1":19,"2":18,"3":1,"4":35,"5":19,"6":22,"7":19,"8":19,"9":26,"10":19,"11":42018,"12":19,"13":16,"14":4,"15":2,"16":6,"17":0,"18":2,"19":1,"20":2,"21":561,"22":561},"b":{"0":[1,1,1],"1":[19,19],"2":[16,19],"3":[19,19],"4":[2,16],"5":[12,4],"6":[1,20],"7":[21,21,4],"8":[0,19],"9":[2,2],"10":[0,6],"11":[3,3],"12":[6,4,4,4,1,1],"13":[2,1],"14":[3,3],"15":[1,0],"16":[1,1],"17":[0,0],"18":[2,0],"19":[403,32],"20":[282,6],"21":[288,24]},"_coverageSchema":"332fd63041d2c1bcb487cc26dd0d5f7d97098a6c","hash":"0835e10fdf7e9b762d47950fbdff5f868277ed59","contentHash":"17c9ef9fcc6ec2ac2b780e1a9f434119_11.3.0"},"/Users/mac/vscodeprojects/project_b0o2b_m4j2b/src/Util.js":{"path":"/Users/mac/vscodeprojects/project_b0o2b_m4j2b/src/Util.js","statementMap":{"0":{"start":{"line":2,"column":0},"end":{"line":2,"column":62}},"1":{"start":{"line":5,"column":8},"end":{"line":5,"column":66}},"2":{"start":{"line":8,"column":8},"end":{"line":8,"column":67}},"3":{"start":{"line":11,"column":8},"end":{"line":11,"column":67}},"4":{"start":{"line":14,"column":8},"end":{"line":14,"column":68}},"5":{"start":{"line":17,"column":8},"end":{"line":17,"column":66}},"6":{"start":{"line":20,"column":0},"end":{"line":20,"column":22}}},"fnMap":{"0":{"name":"(anonymous_0)","decl":{"start":{"line":4,"column":4},"end":{"line":4,"column":5}},"loc":{"start":{"line":4,"column":22},"end":{"line":6,"column":5}},"line":4},"1":{"name":"(anonymous_1)","decl":{"start":{"line":7,"column":4},"end":{"line":7,"column":5}},"loc":{"start":{"line":7,"column":21},"end":{"line":9,"column":5}},"line":7},"2":{"name":"(anonymous_2)","decl":{"start":{"line":10,"column":4},"end":{"line":10,"column":5}},"loc":{"start":{"line":10,"column":21},"end":{"line":12,"column":5}},"line":10},"3":{"name":"(anonymous_3)","decl":{"start":{"line":13,"column":4},"end":{"line":13,"column":5}},"loc":{"start":{"line":13,"column":22},"end":{"line":15,"column":5}},"line":13},"4":{"name":"(anonymous_4)","decl":{"start":{"line":16,"column":4},"end":{"line":16,"column":5}},"loc":{"start":{"line":16,"column":21},"end":{"line":18,"column":5}},"line":16}},"branchMap":{},"s":{"0":1,"1":22,"2":0,"3":0,"4":0,"5":48,"6":1},"f":{"0":22,"1":0,"2":0,"3":0,"4":48},"b":{},"_coverageSchema":"332fd63041d2c1bcb487cc26dd0d5f7d97098a6c","hash":"d61ce9b597cd9de21a4451161d6d75c0a44113f6","contentHash":"866becbaa040e80aa6c475fbd938f159_11.3.0"},"/Users/mac/vscodeprojects/project_b0o2b_m4j2b/src/controller/Queryparser.js":{"path":"/Users/mac/vscodeprojects/project_b0o2b_m4j2b/src/controller/Queryparser.js","statementMap":{"0":{"start":{"line":2,"column":0},"end":{"line":2,"column":62}},"1":{"start":{"line":3,"column":25},"end":{"line":3,"column":52}},"2":{"start":{"line":4,"column":27},"end":{"line":4,"column":56}},"3":{"start":{"line":5,"column":20},"end":{"line":5,"column":42}},"4":{"start":{"line":6,"column":26},"end":{"line":6,"column":54}},"5":{"start":{"line":9,"column":8},"end":{"line":9,"column":31}},"6":{"start":{"line":10,"column":8},"end":{"line":10,"column":48}},"7":{"start":{"line":11,"column":8},"end":{"line":11,"column":35}},"8":{"start":{"line":14,"column":8},"end":{"line":24,"column":9}},"9":{"start":{"line":15,"column":12},"end":{"line":23,"column":13}},"10":{"start":{"line":16,"column":16},"end":{"line":16,"column":65}},"11":{"start":{"line":18,"column":17},"end":{"line":23,"column":13}},"12":{"start":{"line":19,"column":16},"end":{"line":19,"column":89}},"13":{"start":{"line":22,"column":16},"end":{"line":22,"column":87}},"14":{"start":{"line":25,"column":8},"end":{"line":27,"column":9}},"15":{"start":{"line":26,"column":12},"end":{"line":26,"column":73}},"16":{"start":{"line":28,"column":8},"end":{"line":28,"column":74}},"17":{"start":{"line":29,"column":8},"end":{"line":29,"column":91}},"18":{"start":{"line":30,"column":8},"end":{"line":35,"column":9}},"19":{"start":{"line":31,"column":12},"end":{"line":31,"column":117}},"20":{"start":{"line":34,"column":12},"end":{"line":34,"column":115}},"21":{"start":{"line":38,"column":19},"end":{"line":38,"column":23}},"22":{"start":{"line":39,"column":30},"end":{"line":39,"column":32}},"23":{"start":{"line":40,"column":8},"end":{"line":67,"column":11}},"24":{"start":{"line":41,"column":32},"end":{"line":41,"column":34}},"25":{"start":{"line":42,"column":12},"end":{"line":58,"column":15}},"26":{"start":{"line":43,"column":16},"end":{"line":57,"column":17}},"27":{"start":{"line":44,"column":20},"end":{"line":53,"column":23}},"28":{"start":{"line":45,"column":39},"end":{"line":45,"column":64}},"29":{"start":{"line":46,"column":24},"end":{"line":52,"column":25}},"30":{"start":{"line":47,"column":48},"end":{"line":47,"column":67}},"31":{"start":{"line":48,"column":47},"end":{"line":48,"column":91}},"32":{"start":{"line":49,"column":55},"end":{"line":49,"column":78}},"33":{"start":{"line":50,"column":28},"end":{"line":50,"column":78}},"34":{"start":{"line":51,"column":28},"end":{"line":51,"column":89}},"35":{"start":{"line":56,"column":20},"end":{"line":56,"column":82}},"36":{"start":{"line":59,"column":12},"end":{"line":65,"column":15}},"37":{"start":{"line":60,"column":39},"end":{"line":60,"column":87}},"38":{"start":{"line":61,"column":16},"end":{"line":64,"column":17}},"39":{"start":{"line":63,"column":20},"end":{"line":63,"column":76}},"40":{"start":{"line":66,"column":12},"end":{"line":66,"column":48}},"41":{"start":{"line":71,"column":22},"end":{"line":71,"column":24}},"42":{"start":{"line":72,"column":12},"end":{"line":74,"column":15}},"43":{"start":{"line":73,"column":16},"end":{"line":73,"column":50}},"44":{"start":{"line":75,"column":12},"end":{"line":75,"column":23}},"45":{"start":{"line":77,"column":8},"end":{"line":77,"column":73}},"46":{"start":{"line":78,"column":8},"end":{"line":83,"column":9}},"47":{"start":{"line":79,"column":12},"end":{"line":79,"column":79}},"48":{"start":{"line":82,"column":12},"end":{"line":82,"column":62}},"49":{"start":{"line":84,"column":8},"end":{"line":86,"column":9}},"50":{"start":{"line":85,"column":12},"end":{"line":85,"column":61}},"51":{"start":{"line":87,"column":8},"end":{"line":95,"column":9}},"52":{"start":{"line":88,"column":12},"end":{"line":88,"column":90}},"53":{"start":{"line":91,"column":12},"end":{"line":93,"column":13}},"54":{"start":{"line":92,"column":16},"end":{"line":92,"column":38}},"55":{"start":{"line":94,"column":12},"end":{"line":94,"column":90}},"56":{"start":{"line":98,"column":8},"end":{"line":115,"column":9}},"57":{"start":{"line":99,"column":25},"end":{"line":99,"column":34}},"58":{"start":{"line":100,"column":12},"end":{"line":104,"column":15}},"59":{"start":{"line":101,"column":16},"end":{"line":103,"column":17}},"60":{"start":{"line":102,"column":20},"end":{"line":102,"column":55}},"61":{"start":{"line":105,"column":12},"end":{"line":105,"column":65}},"62":{"start":{"line":108,"column":25},"end":{"line":108,"column":27}},"63":{"start":{"line":109,"column":12},"end":{"line":113,"column":15}},"64":{"start":{"line":110,"column":28},"end":{"line":110,"column":66}},"65":{"start":{"line":111,"column":16},"end":{"line":111,"column":52}},"66":{"start":{"line":112,"column":16},"end":{"line":112,"column":44}},"67":{"start":{"line":114,"column":12},"end":{"line":114,"column":26}},"68":{"start":{"line":118,"column":19},"end":{"line":118,"column":23}},"69":{"start":{"line":119,"column":18},"end":{"line":119,"column":20}},"70":{"start":{"line":120,"column":8},"end":{"line":122,"column":11}},"71":{"start":{"line":121,"column":12},"end":{"line":121,"column":112}},"72":{"start":{"line":123,"column":8},"end":{"line":123,"column":19}},"73":{"start":{"line":126,"column":18},"end":{"line":126,"column":20}},"74":{"start":{"line":127,"column":8},"end":{"line":135,"column":11}},"75":{"start":{"line":128,"column":34},"end":{"line":128,"column":36}},"76":{"start":{"line":129,"column":12},"end":{"line":133,"column":15}},"77":{"start":{"line":130,"column":16},"end":{"line":132,"column":17}},"78":{"start":{"line":131,"column":20},"end":{"line":131,"column":64}},"79":{"start":{"line":134,"column":12},"end":{"line":134,"column":38}},"80":{"start":{"line":136,"column":8},"end":{"line":136,"column":19}},"81":{"start":{"line":139,"column":19},"end":{"line":139,"column":23}},"82":{"start":{"line":140,"column":29},"end":{"line":140,"column":31}},"83":{"start":{"line":141,"column":8},"end":{"line":150,"column":11}},"84":{"start":{"line":142,"column":32},"end":{"line":142,"column":34}},"85":{"start":{"line":143,"column":12},"end":{"line":148,"column":15}},"86":{"start":{"line":144,"column":39},"end":{"line":144,"column":87}},"87":{"start":{"line":145,"column":16},"end":{"line":147,"column":17}},"88":{"start":{"line":146,"column":20},"end":{"line":146,"column":76}},"89":{"start":{"line":149,"column":12},"end":{"line":149,"column":47}},"90":{"start":{"line":151,"column":8},"end":{"line":159,"column":9}},"91":{"start":{"line":152,"column":12},"end":{"line":152,"column":90}},"92":{"start":{"line":155,"column":12},"end":{"line":157,"column":13}},"93":{"start":{"line":156,"column":16},"end":{"line":156,"column":38}},"94":{"start":{"line":158,"column":12},"end":{"line":158,"column":90}},"95":{"start":{"line":162,"column":0},"end":{"line":162,"column":30}}},"fnMap":{"0":{"name":"(anonymous_0)","decl":{"start":{"line":8,"column":4},"end":{"line":8,"column":5}},"loc":{"start":{"line":8,"column":27},"end":{"line":12,"column":5}},"line":8},"1":{"name":"(anonymous_1)","decl":{"start":{"line":13,"column":4},"end":{"line":13,"column":5}},"loc":{"start":{"line":13,"column":33},"end":{"line":36,"column":5}},"line":13},"2":{"name":"(anonymous_2)","decl":{"start":{"line":37,"column":4},"end":{"line":37,"column":5}},"loc":{"start":{"line":37,"column":52},"end":{"line":96,"column":5}},"line":37},"3":{"name":"(anonymous_3)","decl":{"start":{"line":40,"column":42},"end":{"line":40,"column":43}},"loc":{"start":{"line":40,"column":55},"end":{"line":67,"column":9}},"line":40},"4":{"name":"(anonymous_4)","decl":{"start":{"line":42,"column":49},"end":{"line":42,"column":50}},"loc":{"start":{"line":42,"column":65},"end":{"line":58,"column":13}},"line":42},"5":{"name":"(anonymous_5)","decl":{"start":{"line":44,"column":77},"end":{"line":44,"column":78}},"loc":{"start":{"line":44,"column":92},"end":{"line":53,"column":21}},"line":44},"6":{"name":"(anonymous_6)","decl":{"start":{"line":59,"column":41},"end":{"line":59,"column":42}},"loc":{"start":{"line":59,"column":59},"end":{"line":65,"column":13}},"line":59},"7":{"name":"groupkeyarray","decl":{"start":{"line":70,"column":17},"end":{"line":70,"column":30}},"loc":{"start":{"line":70,"column":40},"end":{"line":76,"column":9}},"line":70},"8":{"name":"(anonymous_8)","decl":{"start":{"line":72,"column":45},"end":{"line":72,"column":46}},"loc":{"start":{"line":72,"column":59},"end":{"line":74,"column":13}},"line":72},"9":{"name":"(anonymous_9)","decl":{"start":{"line":97,"column":4},"end":{"line":97,"column":5}},"loc":{"start":{"line":97,"column":46},"end":{"line":116,"column":5}},"line":97},"10":{"name":"(anonymous_10)","decl":{"start":{"line":100,"column":36},"end":{"line":100,"column":37}},"loc":{"start":{"line":100,"column":55},"end":{"line":104,"column":13}},"line":100},"11":{"name":"(anonymous_11)","decl":{"start":{"line":109,"column":36},"end":{"line":109,"column":37}},"loc":{"start":{"line":109,"column":55},"end":{"line":113,"column":13}},"line":109},"12":{"name":"(anonymous_12)","decl":{"start":{"line":117,"column":4},"end":{"line":117,"column":5}},"loc":{"start":{"line":117,"column":32},"end":{"line":124,"column":5}},"line":117},"13":{"name":"(anonymous_13)","decl":{"start":{"line":120,"column":45},"end":{"line":120,"column":46}},"loc":{"start":{"line":120,"column":54},"end":{"line":122,"column":9}},"line":120},"14":{"name":"(anonymous_14)","decl":{"start":{"line":125,"column":4},"end":{"line":125,"column":5}},"loc":{"start":{"line":125,"column":31},"end":{"line":137,"column":5}},"line":125},"15":{"name":"(anonymous_15)","decl":{"start":{"line":127,"column":31},"end":{"line":127,"column":32}},"loc":{"start":{"line":127,"column":44},"end":{"line":135,"column":9}},"line":127},"16":{"name":"(anonymous_16)","decl":{"start":{"line":129,"column":41},"end":{"line":129,"column":42}},"loc":{"start":{"line":129,"column":54},"end":{"line":133,"column":13}},"line":129},"17":{"name":"(anonymous_17)","decl":{"start":{"line":138,"column":4},"end":{"line":138,"column":5}},"loc":{"start":{"line":138,"column":45},"end":{"line":160,"column":5}},"line":138},"18":{"name":"(anonymous_18)","decl":{"start":{"line":141,"column":33},"end":{"line":141,"column":34}},"loc":{"start":{"line":141,"column":46},"end":{"line":150,"column":9}},"line":141},"19":{"name":"(anonymous_19)","decl":{"start":{"line":143,"column":41},"end":{"line":143,"column":42}},"loc":{"start":{"line":143,"column":59},"end":{"line":148,"column":13}},"line":143}},"branchMap":{"0":{"loc":{"start":{"line":14,"column":8},"end":{"line":24,"column":9}},"type":"if","locations":[{"start":{"line":14,"column":8},"end":{"line":24,"column":9}},{"start":{"line":14,"column":8},"end":{"line":24,"column":9}}],"line":14},"1":{"loc":{"start":{"line":15,"column":12},"end":{"line":23,"column":13}},"type":"if","locations":[{"start":{"line":15,"column":12},"end":{"line":23,"column":13}},{"start":{"line":15,"column":12},"end":{"line":23,"column":13}}],"line":15},"2":{"loc":{"start":{"line":15,"column":16},"end":{"line":15,"column":104}},"type":"binary-expr","locations":[{"start":{"line":15,"column":16},"end":{"line":15,"column":67}},{"start":{"line":15,"column":71},"end":{"line":15,"column":104}}],"line":15},"3":{"loc":{"start":{"line":18,"column":17},"end":{"line":23,"column":13}},"type":"if","locations":[{"start":{"line":18,"column":17},"end":{"line":23,"column":13}},{"start":{"line":18,"column":17},"end":{"line":23,"column":13}}],"line":18},"4":{"loc":{"start":{"line":25,"column":8},"end":{"line":27,"column":9}},"type":"if","locations":[{"start":{"line":25,"column":8},"end":{"line":27,"column":9}},{"start":{"line":25,"column":8},"end":{"line":27,"column":9}}],"line":25},"5":{"loc":{"start":{"line":30,"column":8},"end":{"line":35,"column":9}},"type":"if","locations":[{"start":{"line":30,"column":8},"end":{"line":35,"column":9}},{"start":{"line":30,"column":8},"end":{"line":35,"column":9}}],"line":30},"6":{"loc":{"start":{"line":43,"column":16},"end":{"line":57,"column":17}},"type":"if","locations":[{"start":{"line":43,"column":16},"end":{"line":57,"column":17}},{"start":{"line":43,"column":16},"end":{"line":57,"column":17}}],"line":43},"7":{"loc":{"start":{"line":46,"column":24},"end":{"line":52,"column":25}},"type":"if","locations":[{"start":{"line":46,"column":24},"end":{"line":52,"column":25}},{"start":{"line":46,"column":24},"end":{"line":52,"column":25}}],"line":46},"8":{"loc":{"start":{"line":61,"column":16},"end":{"line":64,"column":17}},"type":"if","locations":[{"start":{"line":61,"column":16},"end":{"line":64,"column":17}},{"start":{"line":61,"column":16},"end":{"line":64,"column":17}}],"line":61},"9":{"loc":{"start":{"line":61,"column":20},"end":{"line":62,"column":74}},"type":"binary-expr","locations":[{"start":{"line":61,"column":20},"end":{"line":61,"column":66}},{"start":{"line":62,"column":23},"end":{"line":62,"column":74}}],"line":61},"10":{"loc":{"start":{"line":78,"column":8},"end":{"line":83,"column":9}},"type":"if","locations":[{"start":{"line":78,"column":8},"end":{"line":83,"column":9}},{"start":{"line":78,"column":8},"end":{"line":83,"column":9}}],"line":78},"11":{"loc":{"start":{"line":84,"column":8},"end":{"line":86,"column":9}},"type":"if","locations":[{"start":{"line":84,"column":8},"end":{"line":86,"column":9}},{"start":{"line":84,"column":8},"end":{"line":86,"column":9}}],"line":84},"12":{"loc":{"start":{"line":87,"column":8},"end":{"line":95,"column":9}},"type":"if","locations":[{"start":{"line":87,"column":8},"end":{"line":95,"column":9}},{"start":{"line":87,"column":8},"end":{"line":95,"column":9}}],"line":87},"13":{"loc":{"start":{"line":91,"column":12},"end":{"line":93,"column":13}},"type":"if","locations":[{"start":{"line":91,"column":12},"end":{"line":93,"column":13}},{"start":{"line":91,"column":12},"end":{"line":93,"column":13}}],"line":91},"14":{"loc":{"start":{"line":98,"column":8},"end":{"line":115,"column":9}},"type":"if","locations":[{"start":{"line":98,"column":8},"end":{"line":115,"column":9}},{"start":{"line":98,"column":8},"end":{"line":115,"column":9}}],"line":98},"15":{"loc":{"start":{"line":101,"column":16},"end":{"line":103,"column":17}},"type":"if","locations":[{"start":{"line":101,"column":16},"end":{"line":103,"column":17}},{"start":{"line":101,"column":16},"end":{"line":103,"column":17}}],"line":101},"16":{"loc":{"start":{"line":105,"column":19},"end":{"line":105,"column":64}},"type":"cond-expr","locations":[{"start":{"line":105,"column":41},"end":{"line":105,"column":59}},{"start":{"line":105,"column":62},"end":{"line":105,"column":64}}],"line":105},"17":{"loc":{"start":{"line":111,"column":32},"end":{"line":111,"column":51}},"type":"binary-expr","locations":[{"start":{"line":111,"column":32},"end":{"line":111,"column":45}},{"start":{"line":111,"column":49},"end":{"line":111,"column":51}}],"line":111},"18":{"loc":{"start":{"line":130,"column":16},"end":{"line":132,"column":17}},"type":"if","locations":[{"start":{"line":130,"column":16},"end":{"line":132,"column":17}},{"start":{"line":130,"column":16},"end":{"line":132,"column":17}}],"line":130},"19":{"loc":{"start":{"line":145,"column":16},"end":{"line":147,"column":17}},"type":"if","locations":[{"start":{"line":145,"column":16},"end":{"line":147,"column":17}},{"start":{"line":145,"column":16},"end":{"line":147,"column":17}}],"line":145},"20":{"loc":{"start":{"line":151,"column":8},"end":{"line":159,"column":9}},"type":"if","locations":[{"start":{"line":151,"column":8},"end":{"line":159,"column":9}},{"start":{"line":151,"column":8},"end":{"line":159,"column":9}}],"line":151},"21":{"loc":{"start":{"line":155,"column":12},"end":{"line":157,"column":13}},"type":"if","locations":[{"start":{"line":155,"column":12},"end":{"line":157,"column":13}},{"start":{"line":155,"column":12},"end":{"line":157,"column":13}}],"line":155}},"s":{"0":1,"1":1,"2":1,"3":1,"4":1,"5":435,"6":435,"7":435,"8":435,"9":6,"10":3,"11":3,"12":1,"13":2,"14":429,"15":0,"16":429,"17":429,"18":297,"19":260,"20":37,"21":39,"22":39,"23":39,"24":131418,"25":131418,"26":910638,"27":648337,"28":3233314,"29":3233314,"30":648337,"31":648337,"32":648337,"33":648337,"34":648337,"35":262301,"36":131418,"37":1314575,"38":1314575,"39":457,"40":131418,"41":131418,"42":131418,"43":262758,"44":131418,"45":39,"46":39,"47":38,"48":1,"49":39,"50":0,"51":39,"52":2,"53":37,"54":7,"55":30,"56":39,"57":1,"58":1,"59":25,"60":25,"61":1,"62":38,"63":38,"64":131393,"65":131393,"66":131393,"67":38,"68":38,"69":38,"70":38,"71":8501,"72":38,"73":39,"74":39,"75":8526,"76":8526,"77":57657,"78":57203,"79":8526,"80":39,"81":234,"82":234,"83":234,"84":16465,"85":16465,"86":164663,"87":164663,"88":47833,"89":16465,"90":234,"91":218,"92":16,"93":11,"94":5,"95":1},"f":{"0":435,"1":435,"2":39,"3":131418,"4":910638,"5":3233314,"6":1314575,"7":131418,"8":262758,"9":39,"10":25,"11":131393,"12":38,"13":8501,"14":39,"15":8526,"16":57657,"17":234,"18":16465,"19":164663},"b":{"0":[6,429],"1":[3,3],"2":[6,5],"3":[1,2],"4":[0,429],"5":[260,37],"6":[648337,262301],"7":[648337,2584977],"8":[457,1314118],"9":[1314575,262758],"10":[38,1],"11":[0,39],"12":[2,37],"13":[7,30],"14":[1,38],"15":[25,0],"16":[1,0],"17":[131393,8501],"18":[57203,454],"19":[47833,116830],"20":[218,16],"21":[11,5]},"_coverageSchema":"332fd63041d2c1bcb487cc26dd0d5f7d97098a6c","hash":"273bce28da616f0964cae88f915165a49f7800de","contentHash":"34db3d922f66313fb411c9f626d62abe_11.3.0"},"/Users/mac/vscodeprojects/project_b0o2b_m4j2b/src/controller/QueryWhereParser.js":{"path":"/Users/mac/vscodeprojects/project_b0o2b_m4j2b/src/controller/QueryWhereParser.js","statementMap":{"0":{"start":{"line":2,"column":0},"end":{"line":2,"column":62}},"1":{"start":{"line":3,"column":25},"end":{"line":3,"column":52}},"2":{"start":{"line":4,"column":23},"end":{"line":4,"column":48}},"3":{"start":{"line":7,"column":8},"end":{"line":7,"column":59}},"4":{"start":{"line":8,"column":8},"end":{"line":8,"column":35}},"5":{"start":{"line":11,"column":22},"end":{"line":11,"column":44}},"6":{"start":{"line":12,"column":8},"end":{"line":12,"column":54}},"7":{"start":{"line":13,"column":8},"end":{"line":13,"column":32}},"8":{"start":{"line":14,"column":8},"end":{"line":30,"column":9}},"9":{"start":{"line":17,"column":16},"end":{"line":17,"column":84}},"10":{"start":{"line":18,"column":16},"end":{"line":18,"column":22}},"11":{"start":{"line":23,"column":16},"end":{"line":23,"column":75}},"12":{"start":{"line":24,"column":16},"end":{"line":24,"column":22}},"13":{"start":{"line":26,"column":16},"end":{"line":26,"column":66}},"14":{"start":{"line":27,"column":16},"end":{"line":27,"column":22}},"15":{"start":{"line":29,"column":16},"end":{"line":29,"column":82}},"16":{"start":{"line":31,"column":8},"end":{"line":31,"column":19}},"17":{"start":{"line":34,"column":8},"end":{"line":39,"column":9}},"18":{"start":{"line":35,"column":12},"end":{"line":35,"column":93}},"19":{"start":{"line":37,"column":13},"end":{"line":39,"column":9}},"20":{"start":{"line":38,"column":12},"end":{"line":38,"column":93}},"21":{"start":{"line":40,"column":8},"end":{"line":50,"column":9}},"22":{"start":{"line":41,"column":12},"end":{"line":46,"column":13}},"23":{"start":{"line":42,"column":16},"end":{"line":42,"column":86}},"24":{"start":{"line":44,"column":17},"end":{"line":46,"column":13}},"25":{"start":{"line":45,"column":16},"end":{"line":45,"column":98}},"26":{"start":{"line":47,"column":26},"end":{"line":47,"column":65}},"27":{"start":{"line":48,"column":12},"end":{"line":48,"column":36}},"28":{"start":{"line":49,"column":12},"end":{"line":49,"column":117}},"29":{"start":{"line":51,"column":8},"end":{"line":51,"column":25}},"30":{"start":{"line":54,"column":8},"end":{"line":88,"column":9}},"31":{"start":{"line":55,"column":12},"end":{"line":55,"column":85}},"32":{"start":{"line":57,"column":13},"end":{"line":88,"column":9}},"33":{"start":{"line":58,"column":12},"end":{"line":58,"column":136}},"34":{"start":{"line":61,"column":12},"end":{"line":61,"column":69}},"35":{"start":{"line":62,"column":20},"end":{"line":62,"column":58}},"36":{"start":{"line":63,"column":12},"end":{"line":87,"column":13}},"37":{"start":{"line":64,"column":16},"end":{"line":64,"column":94}},"38":{"start":{"line":67,"column":16},"end":{"line":67,"column":62}},"39":{"start":{"line":68,"column":16},"end":{"line":85,"column":17}},"40":{"start":{"line":69,"column":20},"end":{"line":69,"column":44}},"41":{"start":{"line":70,"column":20},"end":{"line":75,"column":21}},"42":{"start":{"line":71,"column":24},"end":{"line":71,"column":124}},"43":{"start":{"line":74,"column":24},"end":{"line":74,"column":91}},"44":{"start":{"line":78,"column":20},"end":{"line":78,"column":41}},"45":{"start":{"line":79,"column":20},"end":{"line":84,"column":21}},"46":{"start":{"line":80,"column":24},"end":{"line":80,"column":111}},"47":{"start":{"line":83,"column":24},"end":{"line":83,"column":91}},"48":{"start":{"line":86,"column":16},"end":{"line":86,"column":27}},"49":{"start":{"line":91,"column":8},"end":{"line":103,"column":9}},"50":{"start":{"line":92,"column":12},"end":{"line":92,"column":78}},"51":{"start":{"line":94,"column":13},"end":{"line":103,"column":9}},"52":{"start":{"line":95,"column":12},"end":{"line":95,"column":129}},"53":{"start":{"line":98,"column":12},"end":{"line":98,"column":58}},"54":{"start":{"line":99,"column":12},"end":{"line":99,"column":34}},"55":{"start":{"line":100,"column":26},"end":{"line":100,"column":65}},"56":{"start":{"line":101,"column":12},"end":{"line":101,"column":36}},"57":{"start":{"line":102,"column":12},"end":{"line":102,"column":80}},"58":{"start":{"line":104,"column":8},"end":{"line":104,"column":19}},"59":{"start":{"line":107,"column":16},"end":{"line":107,"column":20}},"60":{"start":{"line":108,"column":8},"end":{"line":123,"column":9}},"61":{"start":{"line":109,"column":12},"end":{"line":114,"column":13}},"62":{"start":{"line":110,"column":16},"end":{"line":110,"column":57}},"63":{"start":{"line":113,"column":16},"end":{"line":113,"column":55}},"64":{"start":{"line":116,"column":13},"end":{"line":123,"column":9}},"65":{"start":{"line":117,"column":12},"end":{"line":122,"column":13}},"66":{"start":{"line":118,"column":16},"end":{"line":118,"column":59}},"67":{"start":{"line":121,"column":16},"end":{"line":121,"column":57}},"68":{"start":{"line":124,"column":8},"end":{"line":126,"column":9}},"69":{"start":{"line":125,"column":12},"end":{"line":125,"column":60}},"70":{"start":{"line":127,"column":8},"end":{"line":132,"column":9}},"71":{"start":{"line":128,"column":12},"end":{"line":128,"column":73}},"72":{"start":{"line":131,"column":12},"end":{"line":131,"column":19}},"73":{"start":{"line":135,"column":8},"end":{"line":137,"column":9}},"74":{"start":{"line":136,"column":12},"end":{"line":136,"column":116}},"75":{"start":{"line":138,"column":8},"end":{"line":138,"column":72}},"76":{"start":{"line":141,"column":19},"end":{"line":141,"column":23}},"77":{"start":{"line":142,"column":8},"end":{"line":142,"column":75}},"78":{"start":{"line":144,"column":28},"end":{"line":144,"column":30}},"79":{"start":{"line":145,"column":12},"end":{"line":164,"column":13}},"80":{"start":{"line":146,"column":16},"end":{"line":153,"column":19}},"81":{"start":{"line":147,"column":20},"end":{"line":152,"column":21}},"82":{"start":{"line":148,"column":24},"end":{"line":148,"column":100}},"83":{"start":{"line":151,"column":24},"end":{"line":151,"column":102}},"84":{"start":{"line":155,"column":17},"end":{"line":164,"column":13}},"85":{"start":{"line":156,"column":16},"end":{"line":158,"column":19}},"86":{"start":{"line":157,"column":20},"end":{"line":157,"column":96}},"87":{"start":{"line":160,"column":17},"end":{"line":164,"column":13}},"88":{"start":{"line":161,"column":16},"end":{"line":163,"column":19}},"89":{"start":{"line":162,"column":20},"end":{"line":162,"column":76}},"90":{"start":{"line":165,"column":12},"end":{"line":165,"column":29}},"91":{"start":{"line":168,"column":28},"end":{"line":168,"column":30}},"92":{"start":{"line":169,"column":12},"end":{"line":171,"column":13}},"93":{"start":{"line":170,"column":16},"end":{"line":170,"column":76}},"94":{"start":{"line":172,"column":29},"end":{"line":172,"column":46}},"95":{"start":{"line":173,"column":12},"end":{"line":192,"column":13}},"96":{"start":{"line":174,"column":16},"end":{"line":174,"column":69}},"97":{"start":{"line":176,"column":17},"end":{"line":192,"column":13}},"98":{"start":{"line":177,"column":28},"end":{"line":177,"column":41}},"99":{"start":{"line":178,"column":16},"end":{"line":191,"column":17}},"100":{"start":{"line":180,"column":24},"end":{"line":180,"column":88}},"101":{"start":{"line":181,"column":24},"end":{"line":181,"column":30}},"102":{"start":{"line":183,"column":24},"end":{"line":183,"column":88}},"103":{"start":{"line":184,"column":24},"end":{"line":184,"column":30}},"104":{"start":{"line":186,"column":24},"end":{"line":186,"column":88}},"105":{"start":{"line":187,"column":24},"end":{"line":187,"column":30}},"106":{"start":{"line":189,"column":24},"end":{"line":189,"column":82}},"107":{"start":{"line":190,"column":24},"end":{"line":190,"column":30}},"108":{"start":{"line":193,"column":12},"end":{"line":193,"column":29}},"109":{"start":{"line":195,"column":21},"end":{"line":195,"column":38}},"110":{"start":{"line":196,"column":8},"end":{"line":198,"column":9}},"111":{"start":{"line":197,"column":12},"end":{"line":197,"column":61}},"112":{"start":{"line":199,"column":8},"end":{"line":199,"column":22}},"113":{"start":{"line":202,"column":0},"end":{"line":202,"column":35}}},"fnMap":{"0":{"name":"(anonymous_0)","decl":{"start":{"line":6,"column":4},"end":{"line":6,"column":5}},"loc":{"start":{"line":6,"column":27},"end":{"line":9,"column":5}},"line":6},"1":{"name":"(anonymous_1)","decl":{"start":{"line":10,"column":4},"end":{"line":10,"column":5}},"loc":{"start":{"line":10,"column":38},"end":{"line":32,"column":5}},"line":10},"2":{"name":"(anonymous_2)","decl":{"start":{"line":33,"column":4},"end":{"line":33,"column":5}},"loc":{"start":{"line":33,"column":51},"end":{"line":52,"column":5}},"line":33},"3":{"name":"(anonymous_3)","decl":{"start":{"line":53,"column":4},"end":{"line":53,"column":5}},"loc":{"start":{"line":53,"column":48},"end":{"line":89,"column":5}},"line":53},"4":{"name":"(anonymous_4)","decl":{"start":{"line":90,"column":4},"end":{"line":90,"column":5}},"loc":{"start":{"line":90,"column":39},"end":{"line":105,"column":5}},"line":90},"5":{"name":"(anonymous_5)","decl":{"start":{"line":106,"column":4},"end":{"line":106,"column":5}},"loc":{"start":{"line":106,"column":32},"end":{"line":133,"column":5}},"line":106},"6":{"name":"(anonymous_6)","decl":{"start":{"line":134,"column":4},"end":{"line":134,"column":5}},"loc":{"start":{"line":134,"column":48},"end":{"line":139,"column":5}},"line":134},"7":{"name":"(anonymous_7)","decl":{"start":{"line":140,"column":4},"end":{"line":140,"column":5}},"loc":{"start":{"line":140,"column":44},"end":{"line":200,"column":5}},"line":140},"8":{"name":"traverseArray","decl":{"start":{"line":143,"column":17},"end":{"line":143,"column":30}},"loc":{"start":{"line":143,"column":50},"end":{"line":166,"column":9}},"line":143},"9":{"name":"(anonymous_9)","decl":{"start":{"line":146,"column":30},"end":{"line":146,"column":31}},"loc":{"start":{"line":146,"column":41},"end":{"line":153,"column":17}},"line":146},"10":{"name":"(anonymous_10)","decl":{"start":{"line":156,"column":30},"end":{"line":156,"column":31}},"loc":{"start":{"line":156,"column":41},"end":{"line":158,"column":17}},"line":156},"11":{"name":"(anonymous_11)","decl":{"start":{"line":161,"column":30},"end":{"line":161,"column":31}},"loc":{"start":{"line":161,"column":41},"end":{"line":163,"column":17}},"line":161},"12":{"name":"traverseNode","decl":{"start":{"line":167,"column":17},"end":{"line":167,"column":29}},"loc":{"start":{"line":167,"column":39},"end":{"line":194,"column":9}},"line":167}},"branchMap":{"0":{"loc":{"start":{"line":14,"column":8},"end":{"line":30,"column":9}},"type":"switch","locations":[{"start":{"line":15,"column":12},"end":{"line":15,"column":23}},{"start":{"line":16,"column":12},"end":{"line":18,"column":22}},{"start":{"line":19,"column":12},"end":{"line":19,"column":22}},{"start":{"line":20,"column":12},"end":{"line":20,"column":22}},{"start":{"line":21,"column":12},"end":{"line":21,"column":22}},{"start":{"line":22,"column":12},"end":{"line":24,"column":22}},{"start":{"line":25,"column":12},"end":{"line":27,"column":22}},{"start":{"line":28,"column":12},"end":{"line":29,"column":82}}],"line":14},"1":{"loc":{"start":{"line":34,"column":8},"end":{"line":39,"column":9}},"type":"if","locations":[{"start":{"line":34,"column":8},"end":{"line":39,"column":9}},{"start":{"line":34,"column":8},"end":{"line":39,"column":9}}],"line":34},"2":{"loc":{"start":{"line":37,"column":13},"end":{"line":39,"column":9}},"type":"if","locations":[{"start":{"line":37,"column":13},"end":{"line":39,"column":9}},{"start":{"line":37,"column":13},"end":{"line":39,"column":9}}],"line":37},"3":{"loc":{"start":{"line":41,"column":12},"end":{"line":46,"column":13}},"type":"if","locations":[{"start":{"line":41,"column":12},"end":{"line":46,"column":13}},{"start":{"line":41,"column":12},"end":{"line":46,"column":13}}],"line":41},"4":{"loc":{"start":{"line":44,"column":17},"end":{"line":46,"column":13}},"type":"if","locations":[{"start":{"line":44,"column":17},"end":{"line":46,"column":13}},{"start":{"line":44,"column":17},"end":{"line":46,"column":13}}],"line":44},"5":{"loc":{"start":{"line":54,"column":8},"end":{"line":88,"column":9}},"type":"if","locations":[{"start":{"line":54,"column":8},"end":{"line":88,"column":9}},{"start":{"line":54,"column":8},"end":{"line":88,"column":9}}],"line":54},"6":{"loc":{"start":{"line":54,"column":12},"end":{"line":54,"column":73}},"type":"binary-expr","locations":[{"start":{"line":54,"column":12},"end":{"line":54,"column":43}},{"start":{"line":54,"column":47},"end":{"line":54,"column":73}}],"line":54},"7":{"loc":{"start":{"line":57,"column":13},"end":{"line":88,"column":9}},"type":"if","locations":[{"start":{"line":57,"column":13},"end":{"line":88,"column":9}},{"start":{"line":57,"column":13},"end":{"line":88,"column":9}}],"line":57},"8":{"loc":{"start":{"line":63,"column":12},"end":{"line":87,"column":13}},"type":"if","locations":[{"start":{"line":63,"column":12},"end":{"line":87,"column":13}},{"start":{"line":63,"column":12},"end":{"line":87,"column":13}}],"line":63},"9":{"loc":{"start":{"line":68,"column":16},"end":{"line":85,"column":17}},"type":"if","locations":[{"start":{"line":68,"column":16},"end":{"line":85,"column":17}},{"start":{"line":68,"column":16},"end":{"line":85,"column":17}}],"line":68},"10":{"loc":{"start":{"line":68,"column":20},"end":{"line":68,"column":76}},"type":"binary-expr","locations":[{"start":{"line":68,"column":20},"end":{"line":68,"column":36}},{"start":{"line":68,"column":40},"end":{"line":68,"column":56}},{"start":{"line":68,"column":60},"end":{"line":68,"column":76}}],"line":68},"11":{"loc":{"start":{"line":70,"column":20},"end":{"line":75,"column":21}},"type":"if","locations":[{"start":{"line":70,"column":20},"end":{"line":75,"column":21}},{"start":{"line":70,"column":20},"end":{"line":75,"column":21}}],"line":70},"12":{"loc":{"start":{"line":79,"column":20},"end":{"line":84,"column":21}},"type":"if","locations":[{"start":{"line":79,"column":20},"end":{"line":84,"column":21}},{"start":{"line":79,"column":20},"end":{"line":84,"column":21}}],"line":79},"13":{"loc":{"start":{"line":91,"column":8},"end":{"line":103,"column":9}},"type":"if","locations":[{"start":{"line":91,"column":8},"end":{"line":103,"column":9}},{"start":{"line":91,"column":8},"end":{"line":103,"column":9}}],"line":91},"14":{"loc":{"start":{"line":91,"column":12},"end":{"line":91,"column":73}},"type":"binary-expr","locations":[{"start":{"line":91,"column":12},"end":{"line":91,"column":43}},{"start":{"line":91,"column":47},"end":{"line":91,"column":73}}],"line":91},"15":{"loc":{"start":{"line":94,"column":13},"end":{"line":103,"column":9}},"type":"if","locations":[{"start":{"line":94,"column":13},"end":{"line":103,"column":9}},{"start":{"line":94,"column":13},"end":{"line":103,"column":9}}],"line":94},"16":{"loc":{"start":{"line":108,"column":8},"end":{"line":123,"column":9}},"type":"if","locations":[{"start":{"line":108,"column":8},"end":{"line":123,"column":9}},{"start":{"line":108,"column":8},"end":{"line":123,"column":9}}],"line":108},"17":{"loc":{"start":{"line":109,"column":12},"end":{"line":114,"column":13}},"type":"if","locations":[{"start":{"line":109,"column":12},"end":{"line":114,"column":13}},{"start":{"line":109,"column":12},"end":{"line":114,"column":13}}],"line":109},"18":{"loc":{"start":{"line":116,"column":13},"end":{"line":123,"column":9}},"type":"if","locations":[{"start":{"line":116,"column":13},"end":{"line":123,"column":9}},{"start":{"line":116,"column":13},"end":{"line":123,"column":9}}],"line":116},"19":{"loc":{"start":{"line":116,"column":17},"end":{"line":116,"column":73}},"type":"binary-expr","locations":[{"start":{"line":116,"column":17},"end":{"line":116,"column":33}},{"start":{"line":116,"column":37},"end":{"line":116,"column":53}},{"start":{"line":116,"column":57},"end":{"line":116,"column":73}}],"line":116},"20":{"loc":{"start":{"line":117,"column":12},"end":{"line":122,"column":13}},"type":"if","locations":[{"start":{"line":117,"column":12},"end":{"line":122,"column":13}},{"start":{"line":117,"column":12},"end":{"line":122,"column":13}}],"line":117},"21":{"loc":{"start":{"line":124,"column":8},"end":{"line":126,"column":9}},"type":"if","locations":[{"start":{"line":124,"column":8},"end":{"line":126,"column":9}},{"start":{"line":124,"column":8},"end":{"line":126,"column":9}}],"line":124},"22":{"loc":{"start":{"line":127,"column":8},"end":{"line":132,"column":9}},"type":"if","locations":[{"start":{"line":127,"column":8},"end":{"line":132,"column":9}},{"start":{"line":127,"column":8},"end":{"line":132,"column":9}}],"line":127},"23":{"loc":{"start":{"line":127,"column":12},"end":{"line":127,"column":42}},"type":"binary-expr","locations":[{"start":{"line":127,"column":12},"end":{"line":127,"column":26}},{"start":{"line":127,"column":30},"end":{"line":127,"column":42}}],"line":127},"24":{"loc":{"start":{"line":135,"column":8},"end":{"line":137,"column":9}},"type":"if","locations":[{"start":{"line":135,"column":8},"end":{"line":137,"column":9}},{"start":{"line":135,"column":8},"end":{"line":137,"column":9}}],"line":135},"25":{"loc":{"start":{"line":145,"column":12},"end":{"line":164,"column":13}},"type":"if","locations":[{"start":{"line":145,"column":12},"end":{"line":164,"column":13}},{"start":{"line":145,"column":12},"end":{"line":164,"column":13}}],"line":145},"26":{"loc":{"start":{"line":147,"column":20},"end":{"line":152,"column":21}},"type":"if","locations":[{"start":{"line":147,"column":20},"end":{"line":152,"column":21}},{"start":{"line":147,"column":20},"end":{"line":152,"column":21}}],"line":147},"27":{"loc":{"start":{"line":155,"column":17},"end":{"line":164,"column":13}},"type":"if","locations":[{"start":{"line":155,"column":17},"end":{"line":164,"column":13}},{"start":{"line":155,"column":17},"end":{"line":164,"column":13}}],"line":155},"28":{"loc":{"start":{"line":160,"column":17},"end":{"line":164,"column":13}},"type":"if","locations":[{"start":{"line":160,"column":17},"end":{"line":164,"column":13}},{"start":{"line":160,"column":17},"end":{"line":164,"column":13}}],"line":160},"29":{"loc":{"start":{"line":169,"column":12},"end":{"line":171,"column":13}},"type":"if","locations":[{"start":{"line":169,"column":12},"end":{"line":171,"column":13}},{"start":{"line":169,"column":12},"end":{"line":171,"column":13}}],"line":169},"30":{"loc":{"start":{"line":173,"column":12},"end":{"line":192,"column":13}},"type":"if","locations":[{"start":{"line":173,"column":12},"end":{"line":192,"column":13}},{"start":{"line":173,"column":12},"end":{"line":192,"column":13}}],"line":173},"31":{"loc":{"start":{"line":173,"column":16},"end":{"line":173,"column":83}},"type":"binary-expr","locations":[{"start":{"line":173,"column":16},"end":{"line":173,"column":36}},{"start":{"line":173,"column":40},"end":{"line":173,"column":59}},{"start":{"line":173,"column":63},"end":{"line":173,"column":83}}],"line":173},"32":{"loc":{"start":{"line":176,"column":17},"end":{"line":192,"column":13}},"type":"if","locations":[{"start":{"line":176,"column":17},"end":{"line":192,"column":13}},{"start":{"line":176,"column":17},"end":{"line":192,"column":13}}],"line":176},"33":{"loc":{"start":{"line":176,"column":21},"end":{"line":176,"column":109}},"type":"binary-expr","locations":[{"start":{"line":176,"column":21},"end":{"line":176,"column":40}},{"start":{"line":176,"column":44},"end":{"line":176,"column":63}},{"start":{"line":176,"column":67},"end":{"line":176,"column":86}},{"start":{"line":176,"column":90},"end":{"line":176,"column":109}}],"line":176},"34":{"loc":{"start":{"line":178,"column":16},"end":{"line":191,"column":17}},"type":"switch","locations":[{"start":{"line":179,"column":20},"end":{"line":181,"column":30}},{"start":{"line":182,"column":20},"end":{"line":184,"column":30}},{"start":{"line":185,"column":20},"end":{"line":187,"column":30}},{"start":{"line":188,"column":20},"end":{"line":190,"column":30}}],"line":178},"35":{"loc":{"start":{"line":196,"column":8},"end":{"line":198,"column":9}},"type":"if","locations":[{"start":{"line":196,"column":8},"end":{"line":198,"column":9}},{"start":{"line":196,"column":8},"end":{"line":198,"column":9}}],"line":196},"36":{"loc":{"start":{"line":196,"column":12},"end":{"line":196,"column":94}},"type":"binary-expr","locations":[{"start":{"line":196,"column":12},"end":{"line":196,"column":32}},{"start":{"line":196,"column":36},"end":{"line":196,"column":57}},{"start":{"line":196,"column":61},"end":{"line":196,"column":94}}],"line":196}},"s":{"0":1,"1":1,"2":1,"3":429,"4":429,"5":1234,"6":1234,"7":1234,"8":1234,"9":346,"10":290,"11":782,"12":695,"13":86,"14":71,"15":20,"16":1056,"17":346,"18":8,"19":338,"20":5,"21":333,"22":731,"23":3,"24":728,"25":0,"26":728,"27":728,"28":728,"29":290,"30":782,"31":10,"32":772,"33":15,"34":757,"35":713,"36":713,"37":3,"38":710,"39":710,"40":424,"41":424,"42":10,"43":414,"44":286,"45":286,"46":5,"47":281,"48":695,"49":86,"50":4,"51":82,"52":5,"53":77,"54":77,"55":77,"56":77,"57":77,"58":71,"59":757,"60":757,"61":299,"62":271,"63":28,"64":458,"65":458,"66":424,"67":34,"68":757,"69":44,"70":713,"71":0,"72":713,"73":297,"74":2,"75":295,"76":295,"77":295,"78":361,"79":361,"80":196,"81":473,"82":196,"83":277,"84":165,"85":94,"86":200,"87":71,"88":71,"89":71,"90":354,"91":1039,"92":1039,"93":0,"94":1039,"95":1039,"96":361,"97":678,"98":678,"99":678,"100":104,"101":104,"102":188,"103":188,"104":112,"105":112,"106":274,"107":264,"108":1022,"109":295,"110":285,"111":15,"112":270,"113":1},"f":{"0":429,"1":1234,"2":346,"3":782,"4":86,"5":757,"6":297,"7":295,"8":361,"9":473,"10":200,"11":71,"12":1039},"b":{"0":[229,346,130,350,475,782,86,20],"1":[8,338],"2":[5,333],"3":[3,728],"4":[0,728],"5":[10,772],"6":[782,776],"7":[15,757],"8":[3,710],"9":[424,286],"10":[710,595,396],"11":[10,414],"12":[5,281],"13":[4,82],"14":[86,85],"15":[5,77],"16":[299,458],"17":[271,28],"18":[458,0],"19":[458,333,119],"20":[424,34],"21":[44,713],"22":[0,713],"23":[713,713],"24":[2,295],"25":[196,165],"26":[196,277],"27":[94,71],"28":[71,0],"29":[0,1039],"30":[361,678],"31":[1039,843,749],"32":[678,0],"33":[678,574,386,274],"34":[104,188,112,274],"35":[15,270],"36":[285,285,15]},"_coverageSchema":"332fd63041d2c1bcb487cc26dd0d5f7d97098a6c","hash":"24c55e4ed962a660cfb4f5bd8c79cc2602a441c2","contentHash":"79290da28fd5f8c2ce9df9fe52a6877e_11.3.0"},"/Users/mac/vscodeprojects/project_b0o2b_m4j2b/src/controller/RowsSelector.js":{"path":"/Users/mac/vscodeprojects/project_b0o2b_m4j2b/src/controller/RowsSelector.js","statementMap":{"0":{"start":{"line":2,"column":0},"end":{"line":2,"column":62}},"1":{"start":{"line":3,"column":25},"end":{"line":3,"column":52}},"2":{"start":{"line":6,"column":8},"end":{"line":6,"column":26}},"3":{"start":{"line":7,"column":8},"end":{"line":7,"column":31}},"4":{"start":{"line":10,"column":8},"end":{"line":12,"column":9}},"5":{"start":{"line":11,"column":12},"end":{"line":11,"column":25}},"6":{"start":{"line":13,"column":8},"end":{"line":39,"column":9}},"7":{"start":{"line":14,"column":12},"end":{"line":35,"column":13}},"8":{"start":{"line":15,"column":35},"end":{"line":15,"column":75}},"9":{"start":{"line":16,"column":33},"end":{"line":16,"column":74}},"10":{"start":{"line":17,"column":16},"end":{"line":19,"column":17}},"11":{"start":{"line":18,"column":20},"end":{"line":18,"column":33}},"12":{"start":{"line":20,"column":38},"end":{"line":20,"column":93}},"13":{"start":{"line":21,"column":16},"end":{"line":21,"column":56}},"14":{"start":{"line":23,"column":17},"end":{"line":35,"column":13}},"15":{"start":{"line":24,"column":35},"end":{"line":24,"column":79}},"16":{"start":{"line":25,"column":31},"end":{"line":25,"column":50}},"17":{"start":{"line":26,"column":16},"end":{"line":28,"column":17}},"18":{"start":{"line":27,"column":20},"end":{"line":27,"column":33}},"19":{"start":{"line":29,"column":38},"end":{"line":29,"column":73}},"20":{"start":{"line":30,"column":16},"end":{"line":30,"column":56}},"21":{"start":{"line":32,"column":17},"end":{"line":35,"column":13}},"22":{"start":{"line":33,"column":35},"end":{"line":33,"column":79}},"23":{"start":{"line":34,"column":16},"end":{"line":34,"column":59}},"24":{"start":{"line":38,"column":12},"end":{"line":38,"column":46}},"25":{"start":{"line":42,"column":8},"end":{"line":44,"column":9}},"26":{"start":{"line":43,"column":12},"end":{"line":43,"column":26}},"27":{"start":{"line":45,"column":8},"end":{"line":60,"column":9}},"28":{"start":{"line":46,"column":12},"end":{"line":46,"column":26}},"29":{"start":{"line":49,"column":22},"end":{"line":49,"column":31}},"30":{"start":{"line":50,"column":22},"end":{"line":50,"column":24}},"31":{"start":{"line":51,"column":12},"end":{"line":53,"column":15}},"32":{"start":{"line":52,"column":16},"end":{"line":52,"column":33}},"33":{"start":{"line":54,"column":12},"end":{"line":58,"column":15}},"34":{"start":{"line":55,"column":16},"end":{"line":57,"column":17}},"35":{"start":{"line":56,"column":20},"end":{"line":56,"column":38}},"36":{"start":{"line":59,"column":12},"end":{"line":59,"column":23}},"37":{"start":{"line":63,"column":8},"end":{"line":65,"column":9}},"38":{"start":{"line":64,"column":12},"end":{"line":64,"column":26}},"39":{"start":{"line":66,"column":8},"end":{"line":81,"column":9}},"40":{"start":{"line":67,"column":12},"end":{"line":67,"column":26}},"41":{"start":{"line":70,"column":22},"end":{"line":70,"column":31}},"42":{"start":{"line":71,"column":22},"end":{"line":71,"column":28}},"43":{"start":{"line":72,"column":12},"end":{"line":74,"column":15}},"44":{"start":{"line":73,"column":16},"end":{"line":73,"column":33}},"45":{"start":{"line":75,"column":12},"end":{"line":79,"column":15}},"46":{"start":{"line":76,"column":16},"end":{"line":78,"column":17}},"47":{"start":{"line":77,"column":20},"end":{"line":77,"column":38}},"48":{"start":{"line":80,"column":12},"end":{"line":80,"column":23}},"49":{"start":{"line":84,"column":19},"end":{"line":84,"column":23}},"50":{"start":{"line":85,"column":8},"end":{"line":100,"column":9}},"51":{"start":{"line":86,"column":12},"end":{"line":86,"column":32}},"52":{"start":{"line":89,"column":22},"end":{"line":89,"column":31}},"53":{"start":{"line":90,"column":22},"end":{"line":90,"column":24}},"54":{"start":{"line":91,"column":12},"end":{"line":93,"column":15}},"55":{"start":{"line":92,"column":16},"end":{"line":92,"column":33}},"56":{"start":{"line":94,"column":12},"end":{"line":98,"column":15}},"57":{"start":{"line":95,"column":16},"end":{"line":97,"column":17}},"58":{"start":{"line":96,"column":20},"end":{"line":96,"column":38}},"59":{"start":{"line":99,"column":12},"end":{"line":99,"column":23}},"60":{"start":{"line":103,"column":18},"end":{"line":103,"column":20}},"61":{"start":{"line":104,"column":19},"end":{"line":104,"column":23}},"62":{"start":{"line":105,"column":8},"end":{"line":127,"column":9}},"63":{"start":{"line":107,"column":16},"end":{"line":111,"column":19}},"64":{"start":{"line":108,"column":20},"end":{"line":110,"column":21}},"65":{"start":{"line":109,"column":24},"end":{"line":109,"column":42}},"66":{"start":{"line":112,"column":16},"end":{"line":112,"column":22}},"67":{"start":{"line":114,"column":16},"end":{"line":118,"column":19}},"68":{"start":{"line":115,"column":20},"end":{"line":117,"column":21}},"69":{"start":{"line":116,"column":24},"end":{"line":116,"column":42}},"70":{"start":{"line":119,"column":16},"end":{"line":119,"column":22}},"71":{"start":{"line":121,"column":16},"end":{"line":125,"column":19}},"72":{"start":{"line":122,"column":20},"end":{"line":124,"column":21}},"73":{"start":{"line":123,"column":24},"end":{"line":123,"column":42}},"74":{"start":{"line":126,"column":16},"end":{"line":126,"column":22}},"75":{"start":{"line":128,"column":8},"end":{"line":128,"column":19}},"76":{"start":{"line":131,"column":19},"end":{"line":131,"column":23}},"77":{"start":{"line":132,"column":8},"end":{"line":134,"column":9}},"78":{"start":{"line":133,"column":12},"end":{"line":133,"column":32}},"79":{"start":{"line":135,"column":18},"end":{"line":135,"column":20}},"80":{"start":{"line":136,"column":21},"end":{"line":136,"column":51}},"81":{"start":{"line":137,"column":16},"end":{"line":137,"column":35}},"82":{"start":{"line":138,"column":8},"end":{"line":140,"column":9}},"83":{"start":{"line":139,"column":12},"end":{"line":139,"column":67}},"84":{"start":{"line":141,"column":8},"end":{"line":150,"column":9}},"85":{"start":{"line":142,"column":12},"end":{"line":142,"column":73}},"86":{"start":{"line":145,"column":12},"end":{"line":149,"column":15}},"87":{"start":{"line":146,"column":16},"end":{"line":148,"column":17}},"88":{"start":{"line":147,"column":20},"end":{"line":147,"column":38}},"89":{"start":{"line":151,"column":8},"end":{"line":151,"column":19}},"90":{"start":{"line":154,"column":0},"end":{"line":154,"column":31}}},"fnMap":{"0":{"name":"(anonymous_0)","decl":{"start":{"line":5,"column":4},"end":{"line":5,"column":5}},"loc":{"start":{"line":5,"column":25},"end":{"line":8,"column":5}},"line":5},"1":{"name":"(anonymous_1)","decl":{"start":{"line":9,"column":4},"end":{"line":9,"column":5}},"loc":{"start":{"line":9,"column":51},"end":{"line":40,"column":5}},"line":9},"2":{"name":"(anonymous_2)","decl":{"start":{"line":41,"column":4},"end":{"line":41,"column":5}},"loc":{"start":{"line":41,"column":38},"end":{"line":61,"column":5}},"line":41},"3":{"name":"(anonymous_3)","decl":{"start":{"line":51,"column":27},"end":{"line":51,"column":28}},"loc":{"start":{"line":51,"column":40},"end":{"line":53,"column":13}},"line":51},"4":{"name":"(anonymous_4)","decl":{"start":{"line":54,"column":27},"end":{"line":54,"column":28}},"loc":{"start":{"line":54,"column":40},"end":{"line":58,"column":13}},"line":54},"5":{"name":"(anonymous_5)","decl":{"start":{"line":62,"column":4},"end":{"line":62,"column":5}},"loc":{"start":{"line":62,"column":36},"end":{"line":82,"column":5}},"line":62},"6":{"name":"(anonymous_6)","decl":{"start":{"line":72,"column":27},"end":{"line":72,"column":28}},"loc":{"start":{"line":72,"column":40},"end":{"line":74,"column":13}},"line":72},"7":{"name":"(anonymous_7)","decl":{"start":{"line":75,"column":27},"end":{"line":75,"column":28}},"loc":{"start":{"line":75,"column":40},"end":{"line":79,"column":13}},"line":75},"8":{"name":"(anonymous_8)","decl":{"start":{"line":83,"column":4},"end":{"line":83,"column":5}},"loc":{"start":{"line":83,"column":20},"end":{"line":101,"column":5}},"line":83},"9":{"name":"(anonymous_9)","decl":{"start":{"line":91,"column":27},"end":{"line":91,"column":28}},"loc":{"start":{"line":91,"column":40},"end":{"line":93,"column":13}},"line":91},"10":{"name":"(anonymous_10)","decl":{"start":{"line":94,"column":33},"end":{"line":94,"column":34}},"loc":{"start":{"line":94,"column":46},"end":{"line":98,"column":13}},"line":94},"11":{"name":"(anonymous_11)","decl":{"start":{"line":102,"column":4},"end":{"line":102,"column":5}},"loc":{"start":{"line":102,"column":39},"end":{"line":129,"column":5}},"line":102},"12":{"name":"(anonymous_12)","decl":{"start":{"line":107,"column":37},"end":{"line":107,"column":38}},"loc":{"start":{"line":107,"column":50},"end":{"line":111,"column":17}},"line":107},"13":{"name":"(anonymous_13)","decl":{"start":{"line":114,"column":37},"end":{"line":114,"column":38}},"loc":{"start":{"line":114,"column":50},"end":{"line":118,"column":17}},"line":114},"14":{"name":"(anonymous_14)","decl":{"start":{"line":121,"column":37},"end":{"line":121,"column":38}},"loc":{"start":{"line":121,"column":50},"end":{"line":125,"column":17}},"line":121},"15":{"name":"(anonymous_15)","decl":{"start":{"line":130,"column":4},"end":{"line":130,"column":5}},"loc":{"start":{"line":130,"column":27},"end":{"line":152,"column":5}},"line":130},"16":{"name":"(anonymous_16)","decl":{"start":{"line":145,"column":33},"end":{"line":145,"column":34}},"loc":{"start":{"line":145,"column":46},"end":{"line":149,"column":13}},"line":145}},"branchMap":{"0":{"loc":{"start":{"line":10,"column":8},"end":{"line":12,"column":9}},"type":"if","locations":[{"start":{"line":10,"column":8},"end":{"line":12,"column":9}},{"start":{"line":10,"column":8},"end":{"line":12,"column":9}}],"line":10},"1":{"loc":{"start":{"line":10,"column":12},"end":{"line":10,"column":51}},"type":"binary-expr","locations":[{"start":{"line":10,"column":12},"end":{"line":10,"column":31}},{"start":{"line":10,"column":35},"end":{"line":10,"column":51}}],"line":10},"2":{"loc":{"start":{"line":13,"column":8},"end":{"line":39,"column":9}},"type":"if","locations":[{"start":{"line":13,"column":8},"end":{"line":39,"column":9}},{"start":{"line":13,"column":8},"end":{"line":39,"column":9}}],"line":13},"3":{"loc":{"start":{"line":14,"column":12},"end":{"line":35,"column":13}},"type":"if","locations":[{"start":{"line":14,"column":12},"end":{"line":35,"column":13}},{"start":{"line":14,"column":12},"end":{"line":35,"column":13}}],"line":14},"4":{"loc":{"start":{"line":14,"column":16},"end":{"line":14,"column":87}},"type":"binary-expr","locations":[{"start":{"line":14,"column":16},"end":{"line":14,"column":44}},{"start":{"line":14,"column":48},"end":{"line":14,"column":87}}],"line":14},"5":{"loc":{"start":{"line":17,"column":16},"end":{"line":19,"column":17}},"type":"if","locations":[{"start":{"line":17,"column":16},"end":{"line":19,"column":17}},{"start":{"line":17,"column":16},"end":{"line":19,"column":17}}],"line":17},"6":{"loc":{"start":{"line":23,"column":17},"end":{"line":35,"column":13}},"type":"if","locations":[{"start":{"line":23,"column":17},"end":{"line":35,"column":13}},{"start":{"line":23,"column":17},"end":{"line":35,"column":13}}],"line":23},"7":{"loc":{"start":{"line":26,"column":16},"end":{"line":28,"column":17}},"type":"if","locations":[{"start":{"line":26,"column":16},"end":{"line":28,"column":17}},{"start":{"line":26,"column":16},"end":{"line":28,"column":17}}],"line":26},"8":{"loc":{"start":{"line":32,"column":17},"end":{"line":35,"column":13}},"type":"if","locations":[{"start":{"line":32,"column":17},"end":{"line":35,"column":13}},{"start":{"line":32,"column":17},"end":{"line":35,"column":13}}],"line":32},"9":{"loc":{"start":{"line":32,"column":21},"end":{"line":32,"column":92}},"type":"binary-expr","locations":[{"start":{"line":32,"column":21},"end":{"line":32,"column":49}},{"start":{"line":32,"column":53},"end":{"line":32,"column":92}}],"line":32},"10":{"loc":{"start":{"line":42,"column":8},"end":{"line":44,"column":9}},"type":"if","locations":[{"start":{"line":42,"column":8},"end":{"line":44,"column":9}},{"start":{"line":42,"column":8},"end":{"line":44,"column":9}}],"line":42},"11":{"loc":{"start":{"line":45,"column":8},"end":{"line":60,"column":9}},"type":"if","locations":[{"start":{"line":45,"column":8},"end":{"line":60,"column":9}},{"start":{"line":45,"column":8},"end":{"line":60,"column":9}}],"line":45},"12":{"loc":{"start":{"line":55,"column":16},"end":{"line":57,"column":17}},"type":"if","locations":[{"start":{"line":55,"column":16},"end":{"line":57,"column":17}},{"start":{"line":55,"column":16},"end":{"line":57,"column":17}}],"line":55},"13":{"loc":{"start":{"line":63,"column":8},"end":{"line":65,"column":9}},"type":"if","locations":[{"start":{"line":63,"column":8},"end":{"line":65,"column":9}},{"start":{"line":63,"column":8},"end":{"line":65,"column":9}}],"line":63},"14":{"loc":{"start":{"line":66,"column":8},"end":{"line":81,"column":9}},"type":"if","locations":[{"start":{"line":66,"column":8},"end":{"line":81,"column":9}},{"start":{"line":66,"column":8},"end":{"line":81,"column":9}}],"line":66},"15":{"loc":{"start":{"line":76,"column":16},"end":{"line":78,"column":17}},"type":"if","locations":[{"start":{"line":76,"column":16},"end":{"line":78,"column":17}},{"start":{"line":76,"column":16},"end":{"line":78,"column":17}}],"line":76},"16":{"loc":{"start":{"line":85,"column":8},"end":{"line":100,"column":9}},"type":"if","locations":[{"start":{"line":85,"column":8},"end":{"line":100,"column":9}},{"start":{"line":85,"column":8},"end":{"line":100,"column":9}}],"line":85},"17":{"loc":{"start":{"line":95,"column":16},"end":{"line":97,"column":17}},"type":"if","locations":[{"start":{"line":95,"column":16},"end":{"line":97,"column":17}},{"start":{"line":95,"column":16},"end":{"line":97,"column":17}}],"line":95},"18":{"loc":{"start":{"line":105,"column":8},"end":{"line":127,"column":9}},"type":"switch","locations":[{"start":{"line":106,"column":12},"end":{"line":112,"column":22}},{"start":{"line":113,"column":12},"end":{"line":119,"column":22}},{"start":{"line":120,"column":12},"end":{"line":126,"column":22}}],"line":105},"19":{"loc":{"start":{"line":108,"column":20},"end":{"line":110,"column":21}},"type":"if","locations":[{"start":{"line":108,"column":20},"end":{"line":110,"column":21}},{"start":{"line":108,"column":20},"end":{"line":110,"column":21}}],"line":108},"20":{"loc":{"start":{"line":108,"column":24},"end":{"line":108,"column":77}},"type":"binary-expr","locations":[{"start":{"line":108,"column":24},"end":{"line":108,"column":51}},{"start":{"line":108,"column":55},"end":{"line":108,"column":77}}],"line":108},"21":{"loc":{"start":{"line":115,"column":20},"end":{"line":117,"column":21}},"type":"if","locations":[{"start":{"line":115,"column":20},"end":{"line":117,"column":21}},{"start":{"line":115,"column":20},"end":{"line":117,"column":21}}],"line":115},"22":{"loc":{"start":{"line":115,"column":24},"end":{"line":115,"column":75}},"type":"binary-expr","locations":[{"start":{"line":115,"column":24},"end":{"line":115,"column":51}},{"start":{"line":115,"column":55},"end":{"line":115,"column":75}}],"line":115},"23":{"loc":{"start":{"line":122,"column":20},"end":{"line":124,"column":21}},"type":"if","locations":[{"start":{"line":122,"column":20},"end":{"line":124,"column":21}},{"start":{"line":122,"column":20},"end":{"line":124,"column":21}}],"line":122},"24":{"loc":{"start":{"line":122,"column":24},"end":{"line":122,"column":75}},"type":"binary-expr","locations":[{"start":{"line":122,"column":24},"end":{"line":122,"column":51}},{"start":{"line":122,"column":55},"end":{"line":122,"column":75}}],"line":122},"25":{"loc":{"start":{"line":132,"column":8},"end":{"line":134,"column":9}},"type":"if","locations":[{"start":{"line":132,"column":8},"end":{"line":134,"column":9}},{"start":{"line":132,"column":8},"end":{"line":134,"column":9}}],"line":132},"26":{"loc":{"start":{"line":132,"column":12},"end":{"line":132,"column":43}},"type":"binary-expr","locations":[{"start":{"line":132,"column":12},"end":{"line":132,"column":25}},{"start":{"line":132,"column":29},"end":{"line":132,"column":43}}],"line":132},"27":{"loc":{"start":{"line":138,"column":8},"end":{"line":140,"column":9}},"type":"if","locations":[{"start":{"line":138,"column":8},"end":{"line":140,"column":9}},{"start":{"line":138,"column":8},"end":{"line":140,"column":9}}],"line":138},"28":{"loc":{"start":{"line":141,"column":8},"end":{"line":150,"column":9}},"type":"if","locations":[{"start":{"line":141,"column":8},"end":{"line":150,"column":9}},{"start":{"line":141,"column":8},"end":{"line":150,"column":9}}],"line":141},"29":{"loc":{"start":{"line":141,"column":12},"end":{"line":141,"column":44}},"type":"binary-expr","locations":[{"start":{"line":141,"column":12},"end":{"line":141,"column":26}},{"start":{"line":141,"column":30},"end":{"line":141,"column":44}}],"line":141},"30":{"loc":{"start":{"line":146,"column":16},"end":{"line":148,"column":17}},"type":"if","locations":[{"start":{"line":146,"column":16},"end":{"line":148,"column":17}},{"start":{"line":146,"column":16},"end":{"line":148,"column":17}}],"line":146}},"s":{"0":1,"1":1,"2":295,"3":295,"4":15192923,"5":1912280,"6":13280643,"7":2516756,"8":717514,"9":717514,"10":717514,"11":525,"12":716989,"13":716989,"14":1799242,"15":780112,"16":780112,"17":780112,"18":527,"19":779585,"20":779585,"21":1019130,"22":1019130,"23":1019130,"24":10763887,"25":273,"26":0,"27":273,"28":0,"29":273,"30":273,"31":273,"32":2437622,"33":273,"34":3992626,"35":573769,"36":273,"37":393,"38":0,"39":393,"40":0,"41":393,"42":393,"43":393,"44":358549,"45":393,"46":2875393,"47":2871154,"48":393,"49":71,"50":71,"51":9,"52":62,"53":62,"54":62,"55":1642717,"56":62,"57":3941335,"58":2298618,"59":62,"60":404,"61":404,"62":404,"63":104,"64":6655039,"65":229413,"66":104,"67":188,"68":10475886,"69":1768063,"70":188,"71":112,"72":6851056,"73":2882123,"74":112,"75":404,"76":274,"77":274,"78":3,"79":271,"80":271,"81":271,"82":271,"83":10,"84":261,"85":0,"86":261,"87":15192923,"88":502656,"89":261,"90":1},"f":{"0":295,"1":15192923,"2":273,"3":2437622,"4":3992626,"5":393,"6":358549,"7":2875393,"8":71,"9":1642717,"10":3941335,"11":404,"12":6655039,"13":10475886,"14":6851056,"15":274,"16":15192923},"b":{"0":[1912280,13280643],"1":[15192923,13572404],"2":[2516756,10763887],"3":[717514,1799242],"4":[2516756,1736644],"5":[525,716989],"6":[780112,1019130],"7":[527,779585],"8":[1019130,0],"9":[1019130,1019130],"10":[0,273],"11":[0,273],"12":[573769,3418857],"13":[0,393],"14":[0,393],"15":[2871154,4239
[...]
end":{"line":247,"column":59}},"141":{"start":{"line":249,"column":17},"end":{"line":249,"column":40}},"142":{"start":{"line":250,"column":8},"end":{"line":250,"column":34}},"143":{"start":{"line":253,"column":24},"end":{"line":253,"column":62}},"144":{"start":{"line":254,"column":8},"end":{"line":280,"column":9}},"145":{"start":{"line":255,"column":12},"end":{"line":255,"column":88}},"146":{"start":{"line":257,"column":13},"end":{"line":280,"column":9}},"147":{"start":{"line":258,"column":12},"end":{"line":258,"column":88}},"148":{"start":{"line":261,"column":32},"end":{"line":261,"column":44}},"149":{"start":{"line":262,"column":12},"end":{"line":279,"column":13}},"150":{"start":{"line":263,"column":16},"end":{"line":263,"column":102}},"151":{"start":{"line":266,"column":16},"end":{"line":278,"column":17}},"152":{"start":{"line":267,"column":20},"end":{"line":267,"column":41}},"153":{"start":{"line":268,"column":20},"end":{"line":268,"column":46}},"154":{"start":{"line":269,"column":20},"end":{"line":269,"column":41}},"155":{"start":{"line":271,"column":21},"end":{"line":278,"column":17}},"156":{"start":{"line":272,"column":20},"end":{"line":272,"column":42}},"157":{"start":{"line":273,"column":20},"end":{"line":273,"column":46}},"158":{"start":{"line":274,"column":20},"end":{"line":274,"column":41}},"159":{"start":{"line":277,"column":20},"end":{"line":277,"column":88}},"160":{"start":{"line":283,"column":0},"end":{"line":283,"column":30}}},"fnMap":{"0":{"name":"(anonymous_0)","decl":{"start":{"line":5,"column":4},"end":{"line":5,"column":5}},"loc":{"start":{"line":5,"column":23},"end":{"line":21,"column":5}},"line":5},"1":{"name":"(anonymous_1)","decl":{"start":{"line":22,"column":4},"end":{"line":22,"column":5}},"loc":{"start":{"line":22,"column":15},"end":{"line":24,"column":5}},"line":22},"2":{"name":"(anonymous_2)","decl":{"start":{"line":25,"column":4},"end":{"line":25,"column":5}},"loc":{"start":{"line":25,"column":28},"end":{"line":72,"column":5}},"line":25},"3":{"name":"(anonymous_3)","decl":{"start":{"line":30,"column":49},"end":{"line":30,"column":50}},"loc":{"start":{"line":30,"column":65},"end":{"line":71,"column":9}},"line":30},"4":{"name":"(anonymous_4)","decl":{"start":{"line":73,"column":4},"end":{"line":73,"column":5}},"loc":{"start":{"line":73,"column":24},"end":{"line":102,"column":5}},"line":73},"5":{"name":"(anonymous_5)","decl":{"start":{"line":103,"column":4},"end":{"line":103,"column":5}},"loc":{"start":{"line":103,"column":20},"end":{"line":128,"column":5}},"line":103},"6":{"name":"(anonymous_6)","decl":{"start":{"line":105,"column":55},"end":{"line":105,"column":56}},"loc":{"start":{"line":105,"column":64},"end":{"line":127,"column":9}},"line":105},"7":{"name":"(anonymous_7)","decl":{"start":{"line":129,"column":4},"end":{"line":129,"column":5}},"loc":{"start":{"line":129,"column":20},"end":{"line":192,"column":5}},"line":129},"8":{"name":"(anonymous_8)","decl":{"start":{"line":132,"column":55},"end":{"line":132,"column":56}},"loc":{"start":{"line":132,"column":70},"end":{"line":191,"column":9}},"line":132},"9":{"name":"(anonymous_9)","decl":{"start":{"line":193,"column":4},"end":{"line":193,"column":5}},"loc":{"start":{"line":193,"column":31},"end":{"line":217,"column":5}},"line":193},"10":{"name":"(anonymous_10)","decl":{"start":{"line":196,"column":49},"end":{"line":196,"column":50}},"loc":{"start":{"line":196,"column":62},"end":{"line":216,"column":9}},"line":196},"11":{"name":"(anonymous_11)","decl":{"start":{"line":218,"column":4},"end":{"line":218,"column":5}},"loc":{"start":{"line":218,"column":37},"end":{"line":251,"column":5}},"line":218},"12":{"name":"(anonymous_12)","decl":{"start":{"line":252,"column":4},"end":{"line":252,"column":5}},"loc":{"start":{"line":252,"column":31},"end":{"line":281,"column":5}},"line":252}},"branchMap":{"0":{"loc":{"start":{"line":32,"column":12},"end":{"line":37,"column":13}},"type":"if","locations":[{"start":{"line":32,"column":12},"end":{"line":37,"column":13}},{"start":{"line":32,"column":12},"end":{"line":37,"column":13}}],"line":32},"1":{"loc":{"start":{"line":38,"column":12},"end":{"line":70,"column":13}},"type":"if","locations":[{"start":{"line":38,"column":12},"end":{"line":70,"column":13}},{"start":{"line":38,"column":12},"end":{"line":70,"column":13}}],"line":38},"2":{"loc":{"start":{"line":38,"column":16},"end":{"line":38,"column":64}},"type":"binary-expr","locations":[{"start":{"line":38,"column":16},"end":{"line":38,"column":35}},{"start":{"line":38,"column":39},"end":{"line":38,"column":64}}],"line":38},"3":{"loc":{"start":{"line":39,"column":16},"end":{"line":44,"column":17}},"type":"if","locations":[{"start":{"line":39,"column":16},"end":{"line":44,"column":17}},{"start":{"line":39,"column":16},"end":{"line":44,"column":17}}],"line":39},"4":{"loc":{"start":{"line":46,"column":17},"end":{"line":70,"column":13}},"type":"if","locations":[{"start":{"line":46,"column":17},"end":{"line":70,"column":13}},{"start":{"line":46,"column":17},"end":{"line":70,"column":13}}],"line":46},"5":{"loc":{"start":{"line":46,"column":21},"end":{"line":46,"column":76}},"type":"binary-expr","locations":[{"start":{"line":46,"column":21},"end":{"line":46,"column":44}},{"start":{"line":46,"column":48},"end":{"line":46,"column":76}}],"line":46},"6":{"loc":{"start":{"line":51,"column":16},"end":{"line":53,"column":17}},"type":"if","locations":[{"start":{"line":51,"column":16},"end":{"line":53,"column":17}},{"start":{"line":51,"column":16},"end":{"line":53,"column":17}}],"line":51},"7":{"loc":{"start":{"line":54,"column":16},"end":{"line":69,"column":17}},"type":"if","locations":[{"start":{"line":54,"column":16},"end":{"line":69,"column":17}},{"start":{"line":54,"column":16},"end":{"line":69,"column":17}}],"line":54},"8":{"loc":{"start":{"line":55,"column":20},"end":{"line":65,"column":21}},"type":"if","locations":[{"start":{"line":55,"column":20},"end":{"line":65,"column":21}},{"start":{"line":55,"column":20},"end":{"line":65,"column":21}}],"line":55},"9":{"loc":{"start":{"line":56,"column":24},"end":{"line":61,"column":25}},"type":"if","locations":[{"start":{"line":56,"column":24},"end":{"line":61,"column":25}},{"start":{"line":56,"column":24},"end":{"line":61,"column":25}}],"line":56},"10":{"loc":{"start":{"line":74,"column":8},"end":{"line":101,"column":9}},"type":"if","locations":[{"start":{"line":74,"column":8},"end":{"line":101,"column":9}},{"start":{"line":74,"column":8},"end":{"line":101,"column":9}}],"line":74},"11":{"loc":{"start":{"line":79,"column":12},"end":{"line":100,"column":13}},"type":"if","locations":[{"start":{"line":79,"column":12},"end":{"line":100,"column":13}},{"start":{"line":79,"column":12},"end":{"line":100,"column":13}}],"line":79},"12":{"loc":{"start":{"line":82,"column":17},"end":{"line":100,"column":13}},"type":"if","locations":[{"start":{"line":82,"column":17},"end":{"line":100,"column":13}},{"start":{"line":82,"column":17},"end":{"line":100,"column":13}}],"line":82},"13":{"loc":{"start":{"line":85,"column":17},"end":{"line":100,"column":13}},"type":"if","locations":[{"start":{"line":85,"column":17},"end":{"line":100,"column":13}},{"start":{"line":85,"column":17},"end":{"line":100,"column":13}}],"line":85},"14":{"loc":{"start":{"line":88,"column":17},"end":{"line":100,"column":13}},"type":"if","locations":[{"start":{"line":88,"column":17},"end":{"line":100,"column":13}},{"start":{"line":88,"column":17},"end":{"line":100,"column":13}}],"line":88},"15":{"loc":{"start":{"line":91,"column":17},"end":{"line":100,"column":13}},"type":"if","locations":[{"start":{"line":91,"column":17},"end":{"line":100,"column":13}},{"start":{"line":91,"column":17},"end":{"line":100,"column":13}}],"line":91},"16":{"loc":{"start":{"line":94,"column":17},"end":{"line":100,"column":13}},"type":"if","locations":[{"start":{"line":94,"column":17},"end":{"line":100,"column":13}},{"start":{"line":94,"column":17},"end":{"line":100,"column":13}}],"line":94},"17":{"loc":{"start":{"line":106,"column":12},"end":{"line":114,"column":13}},"type":"if","locations":[{"start":{"line":106,"column":12},"end":{"line":114,"column":13}},{"start":{"line":106,"column":12},"end":{"line":114,"column":13}}],"line":106},"18":{"loc":{"start":{"line":109,"column":17},"end":{"line":114,"column":13}},"type":"if","locations":[{"start":{"line":109,"column":17},"end":{"line":114,"column":13}},{"start":{"line":109,"column":17},"end":{"line":114,"column":13}}],"line":109},"19":{"loc":{"start":{"line":115,"column":12},"end":{"line":126,"column":13}},"type":"if","locations":[{"start":{"line":115,"column":12},"end":{"line":126,"column":13}},{"start":{"line":115,"column":12},"end":{"line":126,"column":13}}],"line":115},"20":{"loc":{"start":{"line":115,"column":16},"end":{"line":115,"column":46}},"type":"binary-expr","locations":[{"start":{"line":115,"column":16},"end":{"line":115,"column":30}},{"start":{"line":115,"column":34},"end":{"line":115,"column":46}}],"line":115},"21":{"loc":{"start":{"line":120,"column":16},"end":{"line":125,"column":17}},"type":"if","locations":[{"start":{"line":120,"column":16},"end":{"line":125,"column":17}},{"start":{"line":120,"column":16},"end":{"line":125,"column":17}}],"line":120},"22":{"loc":{"start":{"line":133,"column":12},"end":{"line":150,"column":13}},"type":"if","locations":[{"start":{"line":133,"column":12},"end":{"line":150,"column":13}},{"start":{"line":133,"column":12},"end":{"line":150,"column":13}}],"line":133},"23":{"loc":{"start":{"line":136,"column":17},"end":{"line":150,"column":13}},"type":"if","locations":[{"start":{"line":136,"column":17},"end":{"line":150,"column":13}},{"start":{"line":136,"column":17},"end":{"line":150,"column":13}}],"line":136},"24":{"loc":{"start":{"line":141,"column":16},"end":{"line":149,"column":17}},"type":"if","locations":[{"start":{"line":141,"column":16},"end":{"line":149,"column":17}},{"start":{"line":141,"column":16},"end":{"line":149,"column":17}}],"line":141},"25":{"loc":{"start":{"line":144,"column":21},"end":{"line":149,"column":17}},"type":"if","locations":[{"start":{"line":144,"column":21},"end":{"line":149,"column":17}},{"start":{"line":144,"column":21},"end":{"line":149,"column":17}}],"line":144},"26":{"loc":{"start":{"line":151,"column":12},"end":{"line":190,"column":13}},"type":"if","locations":[{"start":{"line":151,"column":12},"end":{"line":190,"column":13}},{"start":{"line":151,"column":12},"end":{"line":190,"column":13}}],"line":151},"27":{"loc":{"start":{"line":158,"column":16},"end":{"line":189,"column":17}},"type":"if","locations":[{"start":{"line":158,"column":16},"end":{"line":189,"column":17}},{"start":{"line":158,"column":16},"end":{"line":189,"column":17}}],"line":158},"28":{"loc":{"start":{"line":161,"column":21},"end":{"line":189,"column":17}},"type":"if","locations":[{"start":{"line":161,"column":21},"end":{"line":189,"column":17}},{"start":{"line":161,"column":21},"end":{"line":189,"column":17}}],"line":161},"29":{"loc":{"start":{"line":165,"column":20},"end":{"line":176,"column":21}},"type":"if","locations":[{"start":{"line":165,"column":20},"end":{"line":176,"column":21}},{"start":{"line":165,"column":20},"end":{"line":176,"column":21}}],"line":165},"30":{"loc":{"start":{"line":168,"column":24},"end":{"line":175,"column":25}},"type":"if","locations":[{"start":{"line":168,"column":24},"end":{"line":175,"column":25}},{"start":{"line":168,"column":24},"end":{"line":175,"column":25}}],"line":168},"31":{"loc":{"start":{"line":169,"column":28},"end":{"line":171,"column":29}},"type":"if","locations":[{"start":{"line":169,"column":28},"end":{"line":171,"column":29}},{"start":{"line":169,"column":28},"end":{"line":171,"column":29}}],"line":169},"32":{"loc":{"start":{"line":173,"column":29},"end":{"line":175,"column":25}},"type":"if","locations":[{"start":{"line":173,"column":29},"end":{"line":175,"column":25}},{"start":{"line":173,"column":29},"end":{"line":175,"column":25}}],"line":173},"33":{"loc":{"start":{"line":177,"column":20},"end":{"line":188,"column":21}},"type":"if","locations":[{"start":{"line":177,"column":20},"end":{"line":188,"column":21}},{"start":{"line":177,"column":20},"end":{"line":188,"column":21}}],"line":177},"34":{"loc":{"start":{"line":180,"column":24},"end":{"line":187,"column":25}},"type":"if","locations":[{"start":{"line":180,"column":24},"end":{"line":187,"column":25}},{"start":{"line":180,"column":24},"end":{"line":187,"column":25}}],"line":180},"35":{"loc":{"start":{"line":181,"column":28},"end":{"line":183,"column":29}},"type":"if","locations":[{"start":{"line":181,"column":28},"end":{"line":183,"column":29}},{"start":{"line":181,"column":28},"end":{"line":183,"column":29}}],"line":181},"36":{"loc":{"start":{"line":185,"column":29},"end":{"line":187,"column":25}},"type":"if","locations":[{"start":{"line":185,"column":29},"end":{"line":187,"column":25}},{"start":{"line":185,"column":29},"end":{"line":187,"column":25}}],"line":185},"37":{"loc":{"start":{"line":198,"column":12},"end":{"line":203,"column":13}},"type":"if","locations":[{"start":{"line":198,"column":12},"end":{"line":203,"column":13}},{"start":{"line":198,"column":12},"end":{"line":203,"column":13}}],"line":198},"38":{"loc":{"start":{"line":204,"column":12},"end":{"line":215,"column":13}},"type":"if","locations":[{"start":{"line":204,"column":12},"end":{"line":215,"column":13}},{"start":{"line":204,"column":12},"end":{"line":215,"column":13}}],"line":204},"39":{"loc":{"start":{"line":204,"column":16},"end":{"line":204,"column":68}},"type":"binary-expr","locations":[{"start":{"line":204,"column":16},"end":{"line":204,"column":39}},{"start":{"line":204,"column":43},"end":{"line":204,"column":68}}],"line":204},"40":{"loc":{"start":{"line":209,"column":16},"end":{"line":214,"column":17}},"type":"if","locations":[{"start":{"line":209,"column":16},"end":{"line":214,"column":17}},{"start":{"line":209,"column":16},"end":{"line":214,"column":17}}],"line":209},"41":{"loc":{"start":{"line":222,"column":8},"end":{"line":242,"column":9}},"type":"if","locations":[{"start":{"line":222,"column":8},"end":{"line":242,"column":9}},{"start":{"line":222,"column":8},"end":{"line":242,"column":9}}],"line":222},"42":{"loc":{"start":{"line":223,"column":12},"end":{"line":229,"column":13}},"type":"if","locations":[{"start":{"line":223,"column":12},"end":{"line":229,"column":13}},{"start":{"line":223,"column":12},"end":{"line":229,"column":13}}],"line":223},"43":{"loc":{"start":{"line":223,"column":16},"end":{"line":223,"column":55}},"type":"binary-expr","locations":[{"start":{"line":223,"column":16},"end":{"line":223,"column":30}},{"start":{"line":223,"column":34},"end":{"line":223,"column":55}}],"line":223},"44":{"loc":{"start":{"line":233,"column":12},"end":{"line":241,"column":13}},"type":"if","locations":[{"start":{"line":233,"column":12},"end":{"line":241,"column":13}},{"start":{"line":233,"column":12},"end":{"line":241,"column":13}}],"line":233},"45":{"loc":{"start":{"line":234,"column":16},"end":{"line":240,"column":17}},"type":"if","locations":[{"start":{"line":234,"column":16},"end":{"line":240,"column":17}},{"start":{"line":234,"column":16},"end":{"line":240,"column":17}}],"line":234},"46":{"loc":{"start":{"line":234,"column":20},"end":{"line":234,"column":59}},"type":"binary-expr","locations":[{"start":{"line":234,"column":20},"end":{"line":234,"column":34}},{"start":{"line":234,"column":38},"end":{"line":234,"column":59}}],"line":234},"47":{"loc":{"start":{"line":243,"column":8},"end":{"line":248,"column":9}},"type":"if","locations":[{"start":{"line":243,"column":8},"end":{"line":248,"column":9}},{"start":{"line":243,"column":8},"end":{"line":248,"column":9}}],"line":243},"48":{"loc":{"start":{"line":243,"column":12},"end":{"line":243,"column":58}},"type":"binary-expr","locations":[{"start":{"line":243,"column":12},"end":{"line":243,"column":31}},{"start":{"line":243,"column":35},"end":{"line":243,"column":58}}],"line":243},"49":{"loc":{"start":{"line":246,"column":13},"end":{"line":248,"column":9}},"type":"if","locations":[{"start":{"line":246,"column":13},"end":{"line":248,"column":9}},{"start":{"line":246,"column":13},"end":{"line":248,"column":9}}],"line":246},"50":{"loc":{"start":{"line":246,"column":17},"end":{"line":246,"column":62}},"type":"binary-expr","locations":[{"start":{"line":246,"column":17},"end":{"line":246,"column":36}},{"start":{"line":246,"column":40},"end":{"line":246,"column":62}}],"line":246},"51":{"loc":{"start":{"line":254,"column":8},"end":{"line":280,"column":9}},"type":"if","locations":[{"start":{"line":254,"column":8},"end":{"line":280,"column":9}},{"start":{"line":254,"column":8},"end":{"line":280,"column":9}}],"line":254},"52":{"loc":{"start":{"line":257,"column":13},"end":{"line":280,"column":9}},"type":"if","locations":[{"start":{"line":257,"column":13},"end":{"line":280,"column":9}},{"start":{"line":257,"column":13},"end":{"line":280,"column":9}}],"line":257},"53":{"loc":{"start":{"line":262,"column":12},"end":{"line":279,"column":13}},"type":"if","locations":[{"start":{"line":262,"column":12},"end":{"line":279,"column":13}},{"start":{"line":262,"column":12},"end":{"line":279,"column":13}}],"line":262},"54":{"loc":{"start":{"line":266,"column":16},"end":{"line":278,"column":17}},"type":"if","locations":[{"start":{"line":266,"column":16},"end":{"line":278,"column":17}},{"start":{"line":266,"column":16},"end":{"line":278,"column":17}}],"line":266},"55":{"loc":{"start":{"line":271,"column":21},"end":{"line":278,"column":17}},"type":"if","locations":[{"start":{"line":271,"column":21},"end":{"line":278,"column":17}},{"start":{"line":271,"column":21},"end":{"line":278,"column":17}}],"line":271}},"s":{"0":1,"1":1,"2":561,"3":561,"4":561,"5":561,"6":561,"7":561,"8":561,"9":561,"10":561,"11":561,"12":561,"13":561,"14":561,"15":561,"16":561,"17":0,"18":62,"19":62,"20":57,"21":49,"22":49,"23":165,"24":165,"25":62,"26":103,"27":165,"28":64,"29":63,"30":1,"31":101,"32":0,"33":101,"34":101,"35":0,"36":101,"37":2,"38":2,"39":2,"40":0,"41":0,"42":99,"43":57,"44":0,"45":57,"46":57,"47":0,"48":57,"49":0,"50":57,"51":0,"52":57,"53":0,"54":57,"55":0,"56":57,"57":0,"58":57,"59":55,"60":57,"61":57,"62":138,"63":0,"64":138,"65":46,"66":92,"67":138,"68":0,"69":136,"70":136,"71":0,"72":136,"73":55,"74":55,"75":79,"76":0,"77":79,"78":0,"79":79,"80":79,"81":1,"82":78,"83":2,"84":76,"85":76,"86":0,"87":0,"88":76,"89":76,"90":76,"91":0,"92":76,"93":0,"94":76,"95":33,"96":33,"97":33,"98":23,"99":1,"100":10,"101":0,"102":75,"103":43,"104":43,"105":43,"106":20,"107":1,"108":23,"109":1,"110":432,"111":432,"112":424,"113":1684,"114":1684,"115":1668,"116":16,"117":1684,"118":0,"119":1682,"120":1682,"121":10,"122":1672,"123":494,"124":494,"125":494,"126":494,"127":437,"128":1,"129":436,"130":436,"131":57,"132":57,"133":39,"134":0,"135":39,"136":39,"137":493,"138":8,"139":485,"140":10,"141":481,"142":481,"143":10,"144":10,"145":1,"146":9,"147":1,"148":8,"149":8,"150":1,"151":7,"152":1,"153":1,"154":1,"155":6,"156":5,"157":5,"158":5,"159":1,"160":1},"f":{"0":561,"1":0,"2":62,"3":165,"4":57,"5":57,"6":138,"7":55,"8":79,"9":432,"10":1684,"11":494,"12":10},"b":{"0":[62,103],"1":[64,101],"2":[165,64],"3":[63,1],"4":[0,101],"5":[101,101],"6":[0,101],"7":[2,99],"8":[2,0],"9":[2,0],"10":[0,57],"11":[0,57],"12":[0,57],"13":[0,57],"14":[0,57],"15":[0,57],"16":[0,57],"17":[0,138],"18":[46,92],"19":[0,136],"20":[138,136],"21":[0,136],"22":[0,79],"23":[0,79],"24":[1,78],"25":[2,76],"26":[0,76],"27":[0,76],"28":[0,76],"29":[33,43],"30":[23,10],"31":[1,22],"32":[0,10],"33":[43,32],"34":[20,23],"35":[1,19],"36":[1,22],"37":[1668,16],"38":[0,1682],"39":[1684,1682],"40":[10,1672],"41":[437,57],"42":[1,436],"43":[437,437],"44":[39,18],"45":[0,39],"46":[39,39],"47":[8,485],"48":[493,18],"49":[10,475],"50":[485,10],"51":[1,9],"52":[1,8],"53":[1,7],"54":[1,6],"55":[5,1]},"_coverageSchema":"332fd63041d2c1bcb487cc26dd0d5f7d97098a6c","hash":"d8d32d966dc01b2dd659c69bf543e374be9a0ff6","contentHash":"fa33565a98548a5c74e0e06170635ce5_11.3.0"}}